#
# A fatal error has been detected by the Java Runtime Environment:
#
#  EXCEPTION_ACCESS_VIOLATION (0xc0000005) at pc=0x00007ff862475b0c, pid=24592, tid=6568
#
# JRE version: Java(TM) SE Runtime Environment (21.0.1+12) (build 21.0.1+12-LTS-29)
# Java VM: Java HotSpot(TM) 64-Bit Server VM (21.0.1+12-LTS-29, mixed mode, sharing, tiered, compressed oops, compressed class ptrs, g1 gc, windows-amd64)
# Problematic frame:
# C  [KERNELBASE.dll+0x65b0c]
#
# No core dump will be written. Minidumps are not enabled by default on client versions of Windows
#
# If you would like to submit a bug report, please visit:
#   https://bugreport.java.com/bugreport/crash.jsp
# The crash happened outside the Java Virtual Machine in native code.
# See problematic frame for where to report the bug.
#

---------------  S U M M A R Y ------------

Command Line: -Dfile.encoding=UTF-8 --module-path=C:\Users\jemcg\Documents\NetBeansProjects\Prototype\build\classes prototype.Prototype

Host: AMD Ryzen 3 5300U with Radeon Graphics         , 8 cores, 7G,  Windows 11 , 64 bit Build 22621 (10.0.22621.3085)
Time: Wed Feb 28 17:21:59 2024 Co-ordinated Universal Time elapsed time: 27.758725 seconds (0d 0h 0m 27s)

---------------  T H R E A D  ---------------

Current thread (0x000001ef01cb2c50):  JavaThread "Thread-2"  daemon [_thread_in_native, id=6568, stack(0x0000000481a00000,0x0000000481b00000) (1024K)]

Stack: [0x0000000481a00000,0x0000000481b00000],  sp=0x0000000481afc730,  free space=1009k
Native frames: (J=compiled Java code, j=interpreted, Vv=VM code, C=native code)
C  [KERNELBASE.dll+0x65b0c]
C  [vcruntime140_1.dll+0x2743]
C  [ntdll.dll+0xa3c66]
C  0x00007ff811bf63b2

Java frames: (J=compiled Java code, j=interpreted, Vv=VM code)
j  org.bytedeco.opencv.opencv_videoio.VideoCapture.grab()Z+0
j  prototype.Sign$DaemonThread.run()V+18
j  java.lang.Thread.runWith(Ljava/lang/Object;Ljava/lang/Runnable;)V+5 java.base@21.0.1
j  java.lang.Thread.run()V+19 java.base@21.0.1
v  ~StubRoutines::call_stub 0x000001ef3478100d

siginfo: EXCEPTION_ACCESS_VIOLATION (0xc0000005), reading address 0xffffffffffffffff


Registers:
RAX=0x000001ef41c28bc0, RBX=0x0000000481afe300, RCX=0x0000000000000004, RDX=0x0000000000000000
RSP=0x0000000481afc730, RBP=0x0000000481afce10, RSI=0x0000000481afe7f0, RDI=0x0000000481afd5c0
R8 =0x00000004000000cb, R9 =0x0000000400000003, R10=0x0000000481afe0f0, R11=0x0000000481afe0f4
R12=0x0000000000000000, R13=0x0000000481afc898, R14=0x0000000000000002, R15=0x0000000481afd728
RIP=0x00007ff862475b0c, EFLAGS=0x0000000000000202


Register to memory mapping:

RAX=0x000001ef41c28bc0 points into unknown readable memory: 0x0000000000000000 | 00 00 00 00 00 00 00 00
RBX=0x0000000481afe300 is pointing into the stack for thread: 0x000001ef01cb2c50
RCX=0x0000000000000004 is an unknown value
RDX=0x0 is null
RSP=0x0000000481afc730 is pointing into the stack for thread: 0x000001ef01cb2c50
RBP=0x0000000481afce10 is pointing into the stack for thread: 0x000001ef01cb2c50
RSI=0x0000000481afe7f0 is pointing into the stack for thread: 0x000001ef01cb2c50
RDI=0x0000000481afd5c0 is pointing into the stack for thread: 0x000001ef01cb2c50
R8 =0x00000004000000cb is an unknown value
R9 =0x0000000400000003 is an unknown value
R10=0x0000000481afe0f0 is pointing into the stack for thread: 0x000001ef01cb2c50
R11=0x0000000481afe0f4 is pointing into the stack for thread: 0x000001ef01cb2c50
R12=0x0 is null
R13=0x0000000481afc898 is pointing into the stack for thread: 0x000001ef01cb2c50
R14=0x0000000000000002 is an unknown value
R15=0x0000000481afd728 is pointing into the stack for thread: 0x000001ef01cb2c50

Top of Stack: (sp=0x0000000481afc730)
0x0000000481afc730:   0000cc2b000000b7 0000000481afe300
0x0000000481afc740:   0000000481afe7f0 00007ff8526366c0
0x0000000481afc750:   00000080c0000005 0000000000000000
0x0000000481afc760:   00007ff862475b0c 0000000000000002
0x0000000481afc770:   0000000000000000 ffffffffffffffff
0x0000000481afc780:   0000000000000006 0000000481afce10
0x0000000481afc790:   0000a9bee34366ba 00007fff9950c420
0x0000000481afc7a0:   0000000481afe300 00007ff8548e34b9
0x0000000481afc7b0:   00000004000000b7 000001ef006f6070
0x0000000481afc7c0:   0000000481afe300 0000000481afe7f0
0x0000000481afc7d0:   0000000481afd5c0 00007ff8548e33f9
0x0000000481afc7e0:   0000000481afe300 0000000481afe7f0
0x0000000481afc7f0:   0000cc2bd3f135b8 000001ef8e6041d0
0x0000000481afc800:   0000000481afe300 00007ff8548e2743
0x0000000481afc810:   00007ff811c3ad20 0000000481afd728
0x0000000481afc820:   0000000000000100 0000000091908560
0x0000000481afc830:   0000000000000001 0000000000000000
0x0000000481afc840:   0000000000000000 0000000000000000
0x0000000481afc850:   0000000000000000 0000000481afc898
0x0000000481afc860:   00007ff811c3ad20 000000005257a600
0x0000000481afc870:   0000000000000000 0000000000000000
0x0000000481afc880:   00007ff811ba0000 00007ff811ba0000
0x0000000481afc890:   0000000481afb6d0 ffffffffffffffff
0x0000000481afc8a0:   0000000000000000 00007ff852579f07
0x0000000481afc8b0:   000001ef01cb3008 0000000481afdc10
0x0000000481afc8c0:   0000000481afe1d0 0000000481afea40
0x0000000481afc8d0:   0000000481afcdc0 0000000481afd390
0x0000000481afc8e0:   0000000481afdc10 00007ff865173c66
0x0000000481afc8f0:   4841214600000000 441c4c4300000004
0x0000000481afc900:   1d4f481d00000000 0000000481afe7f0
0x0000000481afc910:   471a47481946441b 2a45432946482046
0x0000000481afc920:   00001fa00010000f 472b44472f460033 

Instructions: (pc=0x00007ff862475b0c)
0x00007ff862475a0c:   ff 4c 8d 05 9c 5d 2c 00 33 d2 b9 00 00 10 00 e8
0x00007ff862475a1c:   70 92 fd ff 4c 8b f0 48 89 44 24 58 48 85 c0 0f
0x00007ff862475a2c:   84 0b fe ff ff 4c 8d 05 90 5d 2c 00 33 d2 8d 4a
0x00007ff862475a3c:   02 e8 4e 92 fd ff 48 8b f8 48 89 44 24 50 e9 ed
0x00007ff862475a4c:   fd ff ff 45 33 c0 49 8b d7 48 83 c9 ff e8 72 67
0x00007ff862475a5c:   01 00 e9 08 ff ff ff 48 8b 0d 8e 41 2f 00 e8 c1
0x00007ff862475a6c:   10 fd ff 48 8b cf e8 79 ea fb ff e9 f8 fe ff ff
0x00007ff862475a7c:   49 8b ce e8 6c ea fb ff e9 f4 fe ff ff 48 8b ce
0x00007ff862475a8c:   e8 5f ea fb ff e9 f0 fe ff ff cc cc 71 18 d3 7a
0x00007ff862475a9c:   1a 87 89 f9 48 81 ec d8 00 00 00 48 8b 05 d2 14
0x00007ff862475aac:   2f 00 48 33 c4 48 89 84 24 c0 00 00 00 48 83 64
0x00007ff862475abc:   24 28 00 48 8d 05 da ff ff ff 83 e2 01 89 4c 24
0x00007ff862475acc:   20 89 54 24 24 48 89 44 24 30 4d 85 c9 74 4f b8
0x00007ff862475adc:   0f 00 00 00 48 8d 4c 24 40 44 3b c0 49 8b d1 41
0x00007ff862475aec:   0f 46 c0 44 8b c0 44 89 44 24 38 49 c1 e0 03 e8
0x00007ff862475afc:   c7 f2 05 00 48 8d 4c 24 20 48 ff 15 44 ae 1f 00
0x00007ff862475b0c:   0f 1f 44 00 00 48 8b 8c 24 c0 00 00 00 48 33 cc
0x00007ff862475b1c:   e8 5f 2f 05 00 48 81 c4 d8 00 00 00 c3 cc 83 64
0x00007ff862475b2c:   24 38 00 eb cf cc cc cc cc cc cc cc 48 8b c4 48
0x00007ff862475b3c:   89 58 08 48 89 70 10 48 89 78 18 4c 89 68 20 55
0x00007ff862475b4c:   41 56 41 57 48 8d 68 a1 48 81 ec e0 00 00 00 48
0x00007ff862475b5c:   8b 05 1e 14 2f 00 48 33 c4 48 89 45 3f 45 33 ff
0x00007ff862475b6c:   66 c7 45 2b 00 05 48 8d 45 c7 44 89 7d 27 48 89
0x00007ff862475b7c:   44 24 50 48 8d 4d 27 44 89 7c 24 48 45 33 c9 44
0x00007ff862475b8c:   89 7c 24 40 45 8d 47 12 44 89 7c 24 38 b2 01 44
0x00007ff862475b9c:   89 7c 24 30 41 8b df 44 89 7c 24 28 41 8b ff 44
0x00007ff862475bac:   89 7c 24 20 45 8b f7 44 89 7d 2f 66 c7 45 33 00
0x00007ff862475bbc:   01 44 89 7d 37 66 c7 45 3b 00 10 4c 89 7d c7 4c
0x00007ff862475bcc:   89 7d cf 4c 89 7d d7 4c 89 7d df 48 ff 15 92 ae
0x00007ff862475bdc:   1f 00 0f 1f 44 00 00 85 c0 0f 88 a7 02 00 00 48
0x00007ff862475bec:   8d 45 cf 41 b9 20 02 00 00 48 89 44 24 50 45 8d
0x00007ff862475bfc:   6f 02 44 89 7c 24 48 45 8d 47 20 44 89 7c 24 40 


Stack slot to memory mapping:

stack at sp + 0 slots: 0x0000cc2b000000b7 is an unknown value
stack at sp + 1 slots: 0x0000000481afe300 is pointing into the stack for thread: 0x000001ef01cb2c50
stack at sp + 2 slots: 0x0000000481afe7f0 is pointing into the stack for thread: 0x000001ef01cb2c50
stack at sp + 3 slots: 0x00007ff8526366c0 VCRUNTIME140.dll
stack at sp + 4 slots: 0x00000080c0000005 is an unknown value
stack at sp + 5 slots: 0x0 is null
stack at sp + 6 slots: 0x00007ff862475b0c KERNELBASE.dll
stack at sp + 7 slots: 0x0000000000000002 is an unknown value


---------------  P R O C E S S  ---------------

Threads class SMR info:
_java_thread_list=0x000001ef00a70450, length=33, elements={
0x000001ef41c5e810, 0x000001ef41c617f0, 0x000001ef41c65000, 0x000001ef41c65c10,
0x000001ef41c66670, 0x000001ef41c67560, 0x000001ef41c715f0, 0x000001ef41c759a0,
0x000001ef8711d430, 0x000001ef871b0fd0, 0x000001ef878818a0, 0x000001ef87882cf0,
0x000001ef87893920, 0x000001ef87a6d820, 0x000001ef236194b0, 0x000001ef87123ff0,
0x000001ef8d8fa130, 0x000001ef8d97fb90, 0x000001ef8ed6d6e0, 0x000001ef8ed6e400,
0x000001ef01cb60d0, 0x000001ef01cb1210, 0x000001ef01cb4000, 0x000001ef01cb8830,
0x000001ef01cb4d20, 0x000001ef01cb5a40, 0x000001ef01cb81a0, 0x000001ef01cb18a0,
0x000001ef01cb1f30, 0x000001ef01cb53b0, 0x000001ef01cb32e0, 0x000001ef01cb2c50,
0x000001ef01cb7480
}

Java Threads: ( => current thread )
  0x000001ef41c5e810 JavaThread "Reference Handler"          daemon [_thread_blocked, id=7516, stack(0x00000004fdd00000,0x00000004fde00000) (1024K)]
  0x000001ef41c617f0 JavaThread "Finalizer"                  daemon [_thread_blocked, id=16344, stack(0x00000004fde00000,0x00000004fdf00000) (1024K)]
  0x000001ef41c65000 JavaThread "Signal Dispatcher"          daemon [_thread_blocked, id=25448, stack(0x00000004fdf00000,0x00000004fe000000) (1024K)]
  0x000001ef41c65c10 JavaThread "Attach Listener"            daemon [_thread_blocked, id=17592, stack(0x00000004fe000000,0x00000004fe100000) (1024K)]
  0x000001ef41c66670 JavaThread "Service Thread"             daemon [_thread_blocked, id=3316, stack(0x00000004fe100000,0x00000004fe200000) (1024K)]
  0x000001ef41c67560 JavaThread "Monitor Deflation Thread"   daemon [_thread_blocked, id=16820, stack(0x00000004fe200000,0x00000004fe300000) (1024K)]
  0x000001ef41c715f0 JavaThread "C2 CompilerThread0"         daemon [_thread_blocked, id=9020, stack(0x00000004fe300000,0x00000004fe400000) (1024K)]
  0x000001ef41c759a0 JavaThread "C1 CompilerThread0"         daemon [_thread_blocked, id=18328, stack(0x00000004fe400000,0x00000004fe500000) (1024K)]
  0x000001ef8711d430 JavaThread "Common-Cleaner"             daemon [_thread_blocked, id=15000, stack(0x00000004fe500000,0x00000004fe600000) (1024K)]
  0x000001ef871b0fd0 JavaThread "Notification Thread"        daemon [_thread_blocked, id=8396, stack(0x00000004fe600000,0x00000004fe700000) (1024K)]
  0x000001ef878818a0 JavaThread "Java2D Disposer"            daemon [_thread_blocked, id=11668, stack(0x00000004fe800000,0x00000004fe900000) (1024K)]
  0x000001ef87882cf0 JavaThread "AWT-Shutdown"                      [_thread_blocked, id=22560, stack(0x00000004fe900000,0x00000004fea00000) (1024K)]
  0x000001ef87893920 JavaThread "AWT-Windows"                daemon [_thread_in_native, id=13964, stack(0x00000004fea00000,0x00000004feb00000) (1024K)]
  0x000001ef87a6d820 JavaThread "AWT-EventQueue-0"                  [_thread_blocked, id=23444, stack(0x00000004ff300000,0x00000004ff400000) (1024K)]
  0x000001ef236194b0 JavaThread "DestroyJavaVM"                     [_thread_blocked, id=24248, stack(0x00000004fd500000,0x00000004fd600000) (1024K)]
  0x000001ef87123ff0 JavaThread "D3D Screen Updater"         daemon [_thread_blocked, id=8012, stack(0x00000004ff500000,0x00000004ff600000) (1024K)]
  0x000001ef8d8fa130 JavaThread "TimerQueue"                 daemon [_thread_blocked, id=16136, stack(0x00000004ff600000,0x00000004ff700000) (1024K)]
  0x000001ef8d97fb90 JavaThread "JavaCPP Deallocator"        daemon [_thread_blocked, id=11912, stack(0x00000004fe700000,0x00000004fe800000) (1024K)]
  0x000001ef8ed6d6e0 JavaThread "Thread-0"                   daemon [_thread_blocked, id=9692, stack(0x0000000481500000,0x0000000481600000) (1024K)]
  0x000001ef8ed6e400 JavaThread "SwingWorker-pool-1-thread-1" daemon [_thread_blocked, id=18376, stack(0x0000000482600000,0x0000000482700000) (1024K)]
  0x000001ef01cb60d0 JavaThread "mysql-cj-abandoned-connection-cleanup" daemon [_thread_blocked, id=4324, stack(0x0000000482700000,0x0000000482800000) (1024K)]
  0x000001ef01cb1210 JavaThread "SwingWorker-pool-1-thread-2" daemon [_thread_blocked, id=14180, stack(0x0000000482800000,0x0000000482900000) (1024K)]
  0x000001ef01cb4000 JavaThread "SwingWorker-pool-1-thread-3" daemon [_thread_blocked, id=24208, stack(0x0000000482a00000,0x0000000482b00000) (1024K)]
  0x000001ef01cb8830 JavaThread "SwingWorker-pool-1-thread-4" daemon [_thread_in_native, id=21400, stack(0x0000000482b00000,0x0000000482c00000) (1024K)]
  0x000001ef01cb4d20 JavaThread "SwingWorker-pool-1-thread-5" daemon [_thread_blocked, id=2028, stack(0x0000000482d00000,0x0000000482e00000) (1024K)]
  0x000001ef01cb5a40 JavaThread "SwingWorker-pool-1-thread-6" daemon [_thread_blocked, id=20060, stack(0x0000000482e00000,0x0000000482f00000) (1024K)]
  0x000001ef01cb81a0 JavaThread "SwingWorker-pool-1-thread-7" daemon [_thread_blocked, id=21508, stack(0x0000000482f00000,0x0000000483000000) (1024K)]
  0x000001ef01cb18a0 JavaThread "SwingWorker-pool-1-thread-8" daemon [_thread_in_native, id=5672, stack(0x0000000483000000,0x0000000483100000) (1024K)]
  0x000001ef01cb1f30 JavaThread "SwingWorker-pool-1-thread-9" daemon [_thread_blocked, id=16968, stack(0x0000000483100000,0x0000000483200000) (1024K)]
  0x000001ef01cb53b0 JavaThread "SwingWorker-pool-1-thread-10" daemon [_thread_blocked, id=5688, stack(0x0000000483200000,0x0000000483300000) (1024K)]
  0x000001ef01cb32e0 JavaThread "Thread-1"                   daemon [_thread_blocked, id=21112, stack(0x0000000482900000,0x0000000482a00000) (1024K)]
=>0x000001ef01cb2c50 JavaThread "Thread-2"                   daemon [_thread_in_native, id=6568, stack(0x0000000481a00000,0x0000000481b00000) (1024K)]
  0x000001ef01cb7480 JavaThread "Thread-3"                   daemon [_thread_in_native, id=12648, stack(0x0000000483600000,0x0000000483700000) (1024K)]
Total: 33

Other Threads:
  0x000001ef41c41830 VMThread "VM Thread"                           [id=7084, stack(0x00000004fdc00000,0x00000004fdd00000) (1024K)]
  0x000001ef41c29040 WatcherThread "VM Periodic Task Thread"        [id=10456, stack(0x00000004fdb00000,0x00000004fdc00000) (1024K)]
  0x000001ef23666100 WorkerThread "GC Thread#0"                     [id=12740, stack(0x00000004fd600000,0x00000004fd700000) (1024K)]
  0x000001ef8dc71e20 WorkerThread "GC Thread#1"                     [id=1292, stack(0x00000004ff900000,0x00000004ffa00000) (1024K)]
  0x000001ef8e352520 WorkerThread "GC Thread#2"                     [id=7616, stack(0x00000004ffa00000,0x00000004ffb00000) (1024K)]
  0x000001ef8e067030 WorkerThread "GC Thread#3"                     [id=12124, stack(0x00000004ffb00000,0x00000004ffc00000) (1024K)]
  0x000001ef8e0673d0 WorkerThread "GC Thread#4"                     [id=6320, stack(0x00000004ffc00000,0x00000004ffd00000) (1024K)]
  0x000001ef8e067770 WorkerThread "GC Thread#5"                     [id=21124, stack(0x00000004ffd00000,0x00000004ffe00000) (1024K)]
  0x000001ef8dd81c60 WorkerThread "GC Thread#6"                     [id=13364, stack(0x00000004ffe00000,0x00000004fff00000) (1024K)]
  0x000001ef8e2f8010 WorkerThread "GC Thread#7"                     [id=10176, stack(0x00000004fff00000,0x0000000500000000) (1024K)]
  0x000001ef23692330 ConcurrentGCThread "G1 Main Marker"            [id=2784, stack(0x00000004fd700000,0x00000004fd800000) (1024K)]
  0x000001ef23692e30 WorkerThread "G1 Conc#0"                       [id=14228, stack(0x00000004fd800000,0x00000004fd900000) (1024K)]
  0x000001ef01697fe0 WorkerThread "G1 Conc#1"                       [id=20904, stack(0x0000000482c00000,0x0000000482d00000) (1024K)]
  0x000001ef41afb140 ConcurrentGCThread "G1 Refine#0"               [id=22612, stack(0x00000004fd900000,0x00000004fda00000) (1024K)]
  0x000001ef41afbac0 ConcurrentGCThread "G1 Service"                [id=15164, stack(0x00000004fda00000,0x00000004fdb00000) (1024K)]
Total: 15

Threads with active compile tasks:
Total: 0

VM state: not at safepoint (normal execution)

VM Mutex/Monitor currently owned by a thread: None

Heap address: 0x000000008a400000, size: 1884 MB, Compressed Oops mode: 32-bit

CDS archive(s) mapped at: [0x000001ef42000000-0x000001ef42c90000-0x000001ef42c90000), size 13172736, SharedBaseAddress: 0x000001ef42000000, ArchiveRelocationMode: 1.
Compressed class space mapped at: 0x000001ef43000000-0x000001ef83000000, reserved size: 1073741824
Narrow klass base: 0x000001ef42000000, Narrow klass shift: 0, Narrow klass range: 0x100000000

GC Precious Log:
 CardTable entry size: 512
 Card Set container configuration: InlinePtr #cards 5 size 8 Array Of Cards #cards 12 size 40 Howl #buckets 4 coarsen threshold 1843 Howl Bitmap #cards 512 size 80 coarsen threshold 460 Card regions per heap region 1 cards per card region 2048
 CPUs: 8 total, 8 available
 Memory: 7531M
 Large Page Support: Disabled
 NUMA Support: Disabled
 Compressed Oops: Enabled (32-bit)
 Heap Region Size: 1M
 Heap Min Capacity: 8M
 Heap Initial Capacity: 118M
 Heap Max Capacity: 1884M
 Pre-touch: Disabled
 Parallel Workers: 8
 Concurrent Workers: 2
 Concurrent Refinement Workers: 8
 Periodic GC: Disabled

Heap:
 garbage-first heap   total 119808K, used 39414K [0x000000008a400000, 0x0000000100000000)
  region size 1024K, 5 young (5120K), 3 survivors (3072K)
 Metaspace       used 24528K, committed 24832K, reserved 1114112K
  class space    used 2265K, committed 2432K, reserved 1048576K

Heap Regions: E=young(eden), S=young(survivor), O=old, HS=humongous(starts), HC=humongous(continues), CS=collection set, F=free, TAMS=top-at-mark-start, PB=parsable bottom
|   0|0x000000008a400000, 0x000000008a500000, 0x000000008a500000|100%| O|  |TAMS 0x000000008a400000| PB 0x000000008a400000| Untracked 
|   1|0x000000008a500000, 0x000000008a600000, 0x000000008a600000|100%| O|  |TAMS 0x000000008a500000| PB 0x000000008a500000| Untracked 
|   2|0x000000008a600000, 0x000000008a700000, 0x000000008a700000|100%|HS|  |TAMS 0x000000008a600000| PB 0x000000008a600000| Complete 
|   3|0x000000008a700000, 0x000000008a800000, 0x000000008a800000|100%|HS|  |TAMS 0x000000008a700000| PB 0x000000008a700000| Complete 
|   4|0x000000008a800000, 0x000000008a900000, 0x000000008a900000|100%|HS|  |TAMS 0x000000008a800000| PB 0x000000008a800000| Complete 
|   5|0x000000008a900000, 0x000000008aa00000, 0x000000008aa00000|100%|HS|  |TAMS 0x000000008a900000| PB 0x000000008a900000| Complete 
|   6|0x000000008aa00000, 0x000000008ab00000, 0x000000008ab00000|100%|HS|  |TAMS 0x000000008aa00000| PB 0x000000008aa00000| Complete 
|   7|0x000000008ab00000, 0x000000008ac00000, 0x000000008ac00000|100%|HS|  |TAMS 0x000000008ab00000| PB 0x000000008ab00000| Complete 
|   8|0x000000008ac00000, 0x000000008ad00000, 0x000000008ad00000|100%| O|  |TAMS 0x000000008ac00000| PB 0x000000008ac00000| Untracked 
|   9|0x000000008ad00000, 0x000000008ae00000, 0x000000008ae00000|100%| O|  |TAMS 0x000000008ad00000| PB 0x000000008ad00000| Untracked 
|  10|0x000000008ae00000, 0x000000008af00000, 0x000000008af00000|100%| O|  |TAMS 0x000000008ae00000| PB 0x000000008ae00000| Untracked 
|  11|0x000000008af00000, 0x000000008b000000, 0x000000008b000000|100%|HS|  |TAMS 0x000000008af00000| PB 0x000000008af00000| Complete 
|  12|0x000000008b000000, 0x000000008b100000, 0x000000008b100000|100%|HS|  |TAMS 0x000000008b000000| PB 0x000000008b000000| Complete 
|  13|0x000000008b100000, 0x000000008b200000, 0x000000008b200000|100%|HS|  |TAMS 0x000000008b100000| PB 0x000000008b100000| Complete 
|  14|0x000000008b200000, 0x000000008b300000, 0x000000008b300000|100%|HS|  |TAMS 0x000000008b200000| PB 0x000000008b200000| Complete 
|  15|0x000000008b300000, 0x000000008b400000, 0x000000008b400000|100%|HS|  |TAMS 0x000000008b300000| PB 0x000000008b300000| Complete 
|  16|0x000000008b400000, 0x000000008b500000, 0x000000008b500000|100%|HS|  |TAMS 0x000000008b400000| PB 0x000000008b400000| Complete 
|  17|0x000000008b500000, 0x000000008b600000, 0x000000008b600000|100%|HS|  |TAMS 0x000000008b500000| PB 0x000000008b500000| Complete 
|  18|0x000000008b600000, 0x000000008b700000, 0x000000008b700000|100%|HS|  |TAMS 0x000000008b600000| PB 0x000000008b600000| Complete 
|  19|0x000000008b700000, 0x000000008b800000, 0x000000008b800000|100%|HS|  |TAMS 0x000000008b700000| PB 0x000000008b700000| Complete 
|  20|0x000000008b800000, 0x000000008b900000, 0x000000008b900000|100%|HS|  |TAMS 0x000000008b800000| PB 0x000000008b800000| Complete 
|  21|0x000000008b900000, 0x000000008ba00000, 0x000000008ba00000|100%|HS|  |TAMS 0x000000008b900000| PB 0x000000008b900000| Complete 
|  22|0x000000008ba00000, 0x000000008bb00000, 0x000000008bb00000|100%|HS|  |TAMS 0x000000008ba00000| PB 0x000000008ba00000| Complete 
|  23|0x000000008bb00000, 0x000000008bc00000, 0x000000008bc00000|100%|HS|  |TAMS 0x000000008bb00000| PB 0x000000008bb00000| Complete 
|  24|0x000000008bc00000, 0x000000008bd00000, 0x000000008bd00000|100%|HS|  |TAMS 0x000000008bc00000| PB 0x000000008bc00000| Complete 
|  25|0x000000008bd00000, 0x000000008bd00000, 0x000000008be00000|  0%| F|  |TAMS 0x000000008bd00000| PB 0x000000008bd00000| Untracked 
|  26|0x000000008be00000, 0x000000008be00000, 0x000000008bf00000|  0%| F|  |TAMS 0x000000008be00000| PB 0x000000008be00000| Untracked 
|  27|0x000000008bf00000, 0x000000008c000000, 0x000000008c000000|100%|HS|  |TAMS 0x000000008bf00000| PB 0x000000008bf00000| Complete 
|  28|0x000000008c000000, 0x000000008c000000, 0x000000008c100000|  0%| F|  |TAMS 0x000000008c000000| PB 0x000000008c000000| Untracked 
|  29|0x000000008c100000, 0x000000008c200000, 0x000000008c200000|100%|HS|  |TAMS 0x000000008c100000| PB 0x000000008c100000| Complete 
|  30|0x000000008c200000, 0x000000008c200000, 0x000000008c300000|  0%| F|  |TAMS 0x000000008c200000| PB 0x000000008c200000| Untracked 
|  31|0x000000008c300000, 0x000000008c300000, 0x000000008c400000|  0%| F|  |TAMS 0x000000008c300000| PB 0x000000008c300000| Untracked 
|  32|0x000000008c400000, 0x000000008c400000, 0x000000008c500000|  0%| F|  |TAMS 0x000000008c400000| PB 0x000000008c400000| Untracked 
|  33|0x000000008c500000, 0x000000008c500000, 0x000000008c600000|  0%| F|  |TAMS 0x000000008c500000| PB 0x000000008c500000| Untracked 
|  34|0x000000008c600000, 0x000000008c700000, 0x000000008c700000|100%|HS|  |TAMS 0x000000008c600000| PB 0x000000008c600000| Complete 
|  35|0x000000008c700000, 0x000000008c800000, 0x000000008c800000|100%|HS|  |TAMS 0x000000008c700000| PB 0x000000008c700000| Complete 
|  36|0x000000008c800000, 0x000000008c800000, 0x000000008c900000|  0%| F|  |TAMS 0x000000008c800000| PB 0x000000008c800000| Untracked 
|  37|0x000000008c900000, 0x000000008c900000, 0x000000008ca00000|  0%| F|  |TAMS 0x000000008c900000| PB 0x000000008c900000| Untracked 
|  38|0x000000008ca00000, 0x000000008cb00000, 0x000000008cb00000|100%|HS|  |TAMS 0x000000008ca00000| PB 0x000000008ca00000| Complete 
|  39|0x000000008cb00000, 0x000000008cb00000, 0x000000008cc00000|  0%| F|  |TAMS 0x000000008cb00000| PB 0x000000008cb00000| Untracked 
|  40|0x000000008cc00000, 0x000000008cc00000, 0x000000008cd00000|  0%| F|  |TAMS 0x000000008cc00000| PB 0x000000008cc00000| Untracked 
|  41|0x000000008cd00000, 0x000000008ce00000, 0x000000008ce00000|100%|HS|  |TAMS 0x000000008cd00000| PB 0x000000008cd00000| Complete 
|  42|0x000000008ce00000, 0x000000008ce00000, 0x000000008cf00000|  0%| F|  |TAMS 0x000000008ce00000| PB 0x000000008ce00000| Untracked 
|  43|0x000000008cf00000, 0x000000008cf00000, 0x000000008d000000|  0%| F|  |TAMS 0x000000008cf00000| PB 0x000000008cf00000| Untracked 
|  44|0x000000008d000000, 0x000000008d000000, 0x000000008d100000|  0%| F|  |TAMS 0x000000008d000000| PB 0x000000008d000000| Untracked 
|  45|0x000000008d100000, 0x000000008d200000, 0x000000008d200000|100%|HS|  |TAMS 0x000000008d100000| PB 0x000000008d100000| Complete 
|  46|0x000000008d200000, 0x000000008d300000, 0x000000008d300000|100%|HS|  |TAMS 0x000000008d200000| PB 0x000000008d200000| Complete 
|  47|0x000000008d300000, 0x000000008d300000, 0x000000008d400000|  0%| F|  |TAMS 0x000000008d300000| PB 0x000000008d300000| Untracked 
|  48|0x000000008d400000, 0x000000008d500000, 0x000000008d500000|100%|HS|  |TAMS 0x000000008d400000| PB 0x000000008d400000| Complete 
|  49|0x000000008d500000, 0x000000008d500000, 0x000000008d600000|  0%| F|  |TAMS 0x000000008d500000| PB 0x000000008d500000| Untracked 
|  50|0x000000008d600000, 0x000000008d600000, 0x000000008d700000|  0%| F|  |TAMS 0x000000008d600000| PB 0x000000008d600000| Untracked 
|  51|0x000000008d700000, 0x000000008d700000, 0x000000008d800000|  0%| F|  |TAMS 0x000000008d700000| PB 0x000000008d700000| Untracked 
|  52|0x000000008d800000, 0x000000008d800000, 0x000000008d900000|  0%| F|  |TAMS 0x000000008d800000| PB 0x000000008d800000| Untracked 
|  53|0x000000008d900000, 0x000000008d900000, 0x000000008da00000|  0%| F|  |TAMS 0x000000008d900000| PB 0x000000008d900000| Untracked 
|  54|0x000000008da00000, 0x000000008da00000, 0x000000008db00000|  0%| F|  |TAMS 0x000000008da00000| PB 0x000000008da00000| Untracked 
|  55|0x000000008db00000, 0x000000008db00000, 0x000000008dc00000|  0%| F|  |TAMS 0x000000008db00000| PB 0x000000008db00000| Untracked 
|  56|0x000000008dc00000, 0x000000008dc00000, 0x000000008dd00000|  0%| F|  |TAMS 0x000000008dc00000| PB 0x000000008dc00000| Untracked 
|  57|0x000000008dd00000, 0x000000008dd00000, 0x000000008de00000|  0%| F|  |TAMS 0x000000008dd00000| PB 0x000000008dd00000| Untracked 
|  58|0x000000008de00000, 0x000000008de00000, 0x000000008df00000|  0%| F|  |TAMS 0x000000008de00000| PB 0x000000008de00000| Untracked 
|  59|0x000000008df00000, 0x000000008df00000, 0x000000008e000000|  0%| F|  |TAMS 0x000000008df00000| PB 0x000000008df00000| Untracked 
|  60|0x000000008e000000, 0x000000008e000000, 0x000000008e100000|  0%| F|  |TAMS 0x000000008e000000| PB 0x000000008e000000| Untracked 
|  61|0x000000008e100000, 0x000000008e100000, 0x000000008e200000|  0%| F|  |TAMS 0x000000008e100000| PB 0x000000008e100000| Untracked 
|  62|0x000000008e200000, 0x000000008e200000, 0x000000008e300000|  0%| F|  |TAMS 0x000000008e200000| PB 0x000000008e200000| Untracked 
|  63|0x000000008e300000, 0x000000008e300000, 0x000000008e400000|  0%| F|  |TAMS 0x000000008e300000| PB 0x000000008e300000| Untracked 
|  64|0x000000008e400000, 0x000000008e400000, 0x000000008e500000|  0%| F|  |TAMS 0x000000008e400000| PB 0x000000008e400000| Untracked 
|  65|0x000000008e500000, 0x000000008e500000, 0x000000008e600000|  0%| F|  |TAMS 0x000000008e500000| PB 0x000000008e500000| Untracked 
|  66|0x000000008e600000, 0x000000008e600000, 0x000000008e700000|  0%| F|  |TAMS 0x000000008e600000| PB 0x000000008e600000| Untracked 
|  67|0x000000008e700000, 0x000000008e700000, 0x000000008e800000|  0%| F|  |TAMS 0x000000008e700000| PB 0x000000008e700000| Untracked 
|  68|0x000000008e800000, 0x000000008e800000, 0x000000008e900000|  0%| F|  |TAMS 0x000000008e800000| PB 0x000000008e800000| Untracked 
|  69|0x000000008e900000, 0x000000008e900000, 0x000000008ea00000|  0%| F|  |TAMS 0x000000008e900000| PB 0x000000008e900000| Untracked 
|  70|0x000000008ea00000, 0x000000008ea00000, 0x000000008eb00000|  0%| F|  |TAMS 0x000000008ea00000| PB 0x000000008ea00000| Untracked 
|  71|0x000000008eb00000, 0x000000008eb00000, 0x000000008ec00000|  0%| F|  |TAMS 0x000000008eb00000| PB 0x000000008eb00000| Untracked 
|  72|0x000000008ec00000, 0x000000008ec00000, 0x000000008ed00000|  0%| F|  |TAMS 0x000000008ec00000| PB 0x000000008ec00000| Untracked 
|  73|0x000000008ed00000, 0x000000008ed00000, 0x000000008ee00000|  0%| F|  |TAMS 0x000000008ed00000| PB 0x000000008ed00000| Untracked 
|  74|0x000000008ee00000, 0x000000008ee00000, 0x000000008ef00000|  0%| F|  |TAMS 0x000000008ee00000| PB 0x000000008ee00000| Untracked 
|  75|0x000000008ef00000, 0x000000008ef00000, 0x000000008f000000|  0%| F|  |TAMS 0x000000008ef00000| PB 0x000000008ef00000| Untracked 
|  76|0x000000008f000000, 0x000000008f000000, 0x000000008f100000|  0%| F|  |TAMS 0x000000008f000000| PB 0x000000008f000000| Untracked 
|  77|0x000000008f100000, 0x000000008f100000, 0x000000008f200000|  0%| F|  |TAMS 0x000000008f100000| PB 0x000000008f100000| Untracked 
|  78|0x000000008f200000, 0x000000008f200000, 0x000000008f300000|  0%| F|  |TAMS 0x000000008f200000| PB 0x000000008f200000| Untracked 
|  79|0x000000008f300000, 0x000000008f300000, 0x000000008f400000|  0%| F|  |TAMS 0x000000008f300000| PB 0x000000008f300000| Untracked 
|  80|0x000000008f400000, 0x000000008f400000, 0x000000008f500000|  0%| F|  |TAMS 0x000000008f400000| PB 0x000000008f400000| Untracked 
|  81|0x000000008f500000, 0x000000008f500000, 0x000000008f600000|  0%| F|  |TAMS 0x000000008f500000| PB 0x000000008f500000| Untracked 
|  82|0x000000008f600000, 0x000000008f600000, 0x000000008f700000|  0%| F|  |TAMS 0x000000008f600000| PB 0x000000008f600000| Untracked 
|  83|0x000000008f700000, 0x000000008f700000, 0x000000008f800000|  0%| F|  |TAMS 0x000000008f700000| PB 0x000000008f700000| Untracked 
|  84|0x000000008f800000, 0x000000008f800000, 0x000000008f900000|  0%| F|  |TAMS 0x000000008f800000| PB 0x000000008f800000| Untracked 
|  85|0x000000008f900000, 0x000000008f900000, 0x000000008fa00000|  0%| F|  |TAMS 0x000000008f900000| PB 0x000000008f900000| Untracked 
|  86|0x000000008fa00000, 0x000000008fa00000, 0x000000008fb00000|  0%| F|  |TAMS 0x000000008fa00000| PB 0x000000008fa00000| Untracked 
|  87|0x000000008fb00000, 0x000000008fb00000, 0x000000008fc00000|  0%| F|  |TAMS 0x000000008fb00000| PB 0x000000008fb00000| Untracked 
|  88|0x000000008fc00000, 0x000000008fc00000, 0x000000008fd00000|  0%| F|  |TAMS 0x000000008fc00000| PB 0x000000008fc00000| Untracked 
|  89|0x000000008fd00000, 0x000000008fd00000, 0x000000008fe00000|  0%| F|  |TAMS 0x000000008fd00000| PB 0x000000008fd00000| Untracked 
|  90|0x000000008fe00000, 0x000000008fe00000, 0x000000008ff00000|  0%| F|  |TAMS 0x000000008fe00000| PB 0x000000008fe00000| Untracked 
|  91|0x000000008ff00000, 0x000000008ff00000, 0x0000000090000000|  0%| F|  |TAMS 0x000000008ff00000| PB 0x000000008ff00000| Untracked 
|  92|0x0000000090000000, 0x0000000090000000, 0x0000000090100000|  0%| F|  |TAMS 0x0000000090000000| PB 0x0000000090000000| Untracked 
|  93|0x0000000090100000, 0x0000000090100000, 0x0000000090200000|  0%| F|  |TAMS 0x0000000090100000| PB 0x0000000090100000| Untracked 
|  94|0x0000000090200000, 0x0000000090200000, 0x0000000090300000|  0%| F|  |TAMS 0x0000000090200000| PB 0x0000000090200000| Untracked 
|  95|0x0000000090300000, 0x0000000090300000, 0x0000000090400000|  0%| F|  |TAMS 0x0000000090300000| PB 0x0000000090300000| Untracked 
|  96|0x0000000090400000, 0x0000000090400000, 0x0000000090500000|  0%| F|  |TAMS 0x0000000090400000| PB 0x0000000090400000| Untracked 
|  97|0x0000000090500000, 0x0000000090500000, 0x0000000090600000|  0%| F|  |TAMS 0x0000000090500000| PB 0x0000000090500000| Untracked 
|  98|0x0000000090600000, 0x0000000090600000, 0x0000000090700000|  0%| F|  |TAMS 0x0000000090600000| PB 0x0000000090600000| Untracked 
|  99|0x0000000090700000, 0x0000000090700000, 0x0000000090800000|  0%| F|  |TAMS 0x0000000090700000| PB 0x0000000090700000| Untracked 
| 100|0x0000000090800000, 0x0000000090800000, 0x0000000090900000|  0%| F|  |TAMS 0x0000000090800000| PB 0x0000000090800000| Untracked 
| 101|0x0000000090900000, 0x0000000090900000, 0x0000000090a00000|  0%| F|  |TAMS 0x0000000090900000| PB 0x0000000090900000| Untracked 
| 102|0x0000000090a00000, 0x0000000090a00000, 0x0000000090b00000|  0%| F|  |TAMS 0x0000000090a00000| PB 0x0000000090a00000| Untracked 
| 103|0x0000000090b00000, 0x0000000090b00000, 0x0000000090c00000|  0%| F|  |TAMS 0x0000000090b00000| PB 0x0000000090b00000| Untracked 
| 104|0x0000000090c00000, 0x0000000090c00000, 0x0000000090d00000|  0%| F|  |TAMS 0x0000000090c00000| PB 0x0000000090c00000| Untracked 
| 105|0x0000000090d00000, 0x0000000090d00000, 0x0000000090e00000|  0%| F|  |TAMS 0x0000000090d00000| PB 0x0000000090d00000| Untracked 
| 106|0x0000000090e00000, 0x0000000090e00000, 0x0000000090f00000|  0%| F|  |TAMS 0x0000000090e00000| PB 0x0000000090e00000| Untracked 
| 107|0x0000000090f00000, 0x0000000090f00000, 0x0000000091000000|  0%| F|  |TAMS 0x0000000090f00000| PB 0x0000000090f00000| Untracked 
| 108|0x0000000091000000, 0x0000000091100000, 0x0000000091100000|100%| S|CS|TAMS 0x0000000091000000| PB 0x0000000091000000| Complete 
| 109|0x0000000091100000, 0x0000000091100000, 0x0000000091200000|  0%| F|  |TAMS 0x0000000091100000| PB 0x0000000091100000| Untracked 
| 110|0x0000000091200000, 0x0000000091200000, 0x0000000091300000|  0%| F|  |TAMS 0x0000000091200000| PB 0x0000000091200000| Untracked 
| 111|0x0000000091300000, 0x0000000091400000, 0x0000000091400000|100%| S|CS|TAMS 0x0000000091300000| PB 0x0000000091300000| Complete 
| 112|0x0000000091400000, 0x0000000091500000, 0x0000000091500000|100%| S|CS|TAMS 0x0000000091400000| PB 0x0000000091400000| Complete 
| 115|0x0000000091700000, 0x0000000091700000, 0x0000000091800000|  0%| F|  |TAMS 0x0000000091700000| PB 0x0000000091700000| Untracked 
| 116|0x0000000091800000, 0x000000009186ffd8, 0x0000000091900000| 43%| E|  |TAMS 0x0000000091800000| PB 0x0000000091800000| Complete 
| 117|0x0000000091900000, 0x0000000091a00000, 0x0000000091a00000|100%| E|CS|TAMS 0x0000000091900000| PB 0x0000000091900000| Complete 
|1883|0x00000000fff00000, 0x00000000fff7dae0, 0x0000000100000000| 49%| O|  |TAMS 0x00000000fff00000| PB 0x00000000fff00000| Untracked 

Card table byte_map: [0x000001ef3d060000,0x000001ef3d410000] _byte_map_base: 0x000001ef3cc0e000

Marking Bits: (CMBitMap*) 0x000001ef23666800
 Bits: [0x000001ef3d410000, 0x000001ef3f180000)

Polling page: 0x000001ef236e0000

Metaspace:

Usage:
  Non-class:     21.74 MB used.
      Class:      2.21 MB used.
       Both:     23.95 MB used.

Virtual space:
  Non-class space:       64.00 MB reserved,      21.88 MB ( 34%) committed,  1 nodes.
      Class space:        1.00 GB reserved,       2.38 MB ( <1%) committed,  1 nodes.
             Both:        1.06 GB reserved,      24.25 MB (  2%) committed. 

Chunk freelists:
   Non-Class:  10.07 MB
       Class:  13.55 MB
        Both:  23.63 MB

MaxMetaspaceSize: unlimited
CompressedClassSpaceSize: 1.00 GB
Initial GC threshold: 21.00 MB
Current GC threshold: 35.25 MB
CDS: on
 - commit_granule_bytes: 65536.
 - commit_granule_words: 8192.
 - virtual_space_node_default_size: 8388608.
 - enlarge_chunks_in_place: 1.
 - use_allocation_guard: 0.


Internal statistics:

num_allocs_failed_limit: 3.
num_arena_births: 208.
num_arena_deaths: 0.
num_vsnodes_births: 2.
num_vsnodes_deaths: 0.
num_space_committed: 386.
num_space_uncommitted: 0.
num_chunks_returned_to_freelist: 3.
num_chunks_taken_from_freelist: 646.
num_chunk_merges: 3.
num_chunk_splits: 510.
num_chunks_enlarged: 401.
num_inconsistent_stats: 0.

CodeHeap 'non-profiled nmethods': size=120000Kb used=1840Kb max_used=1840Kb free=118159Kb
 bounds [0x000001ef34d20000, 0x000001ef34f90000, 0x000001ef3c250000]
CodeHeap 'profiled nmethods': size=120000Kb used=7357Kb max_used=7357Kb free=112642Kb
 bounds [0x000001ef2d250000, 0x000001ef2d980000, 0x000001ef34780000]
CodeHeap 'non-nmethods': size=5760Kb used=2563Kb max_used=2642Kb free=3196Kb
 bounds [0x000001ef34780000, 0x000001ef34a30000, 0x000001ef34d20000]
 total_blobs=4720 nmethods=3343 adapters=1281
 compilation: enabled
              stopped_count=0, restarted_count=0
 full_count=0

Compilation events (20 events):
Event: 27.204 Thread 0x000001ef41c759a0 3329   !   3       sun.nio.fs.WindowsPath::getPathForWin32Calls (147 bytes)
Event: 27.205 Thread 0x000001ef41c759a0 nmethod 3329 0x000001ef2d975b90 code [0x000001ef2d975e40, 0x000001ef2d976e10]
Event: 27.255 Thread 0x000001ef41c759a0 3330       3       sun.java2d.Disposer::addRecord (9 bytes)
Event: 27.255 Thread 0x000001ef41c759a0 nmethod 3330 0x000001ef2d977290 code [0x000001ef2d977440, 0x000001ef2d977590]
Event: 27.258 Thread 0x000001ef41c759a0 3331       3       java.awt.Dialog::shouldBlock (244 bytes)
Event: 27.259 Thread 0x000001ef41c759a0 nmethod 3331 0x000001ef2d977690 code [0x000001ef2d977940, 0x000001ef2d978aa8]
Event: 27.272 Thread 0x000001ef41c759a0 3332       3       javax.swing.JComponent::getNextFocusableComponent (11 bytes)
Event: 27.273 Thread 0x000001ef41c759a0 nmethod 3332 0x000001ef2d978d90 code [0x000001ef2d978f40, 0x000001ef2d979178]
Event: 27.273 Thread 0x000001ef41c759a0 3333       3       java.util.LinkedList::unlink (91 bytes)
Event: 27.273 Thread 0x000001ef41c759a0 nmethod 3333 0x000001ef2d979210 code [0x000001ef2d9793e0, 0x000001ef2d9797c8]
Event: 27.282 Thread 0x000001ef41c759a0 3334   !   3       sun.java2d.pipe.DrawImage::renderImageScale (158 bytes)
Event: 27.283 Thread 0x000001ef41c759a0 nmethod 3334 0x000001ef2d979910 code [0x000001ef2d979ba0, 0x000001ef2d97aa90]
Event: 27.283 Thread 0x000001ef41c759a0 3335       3       java.util.HashSet::remove (20 bytes)
Event: 27.284 Thread 0x000001ef41c759a0 nmethod 3335 0x000001ef2d97b190 code [0x000001ef2d97b340, 0x000001ef2d97b578]
Event: 27.571 Thread 0x000001ef41c759a0 3337  s!   3       java.io.FileDescriptor::closeAll (163 bytes)
Event: 27.572 Thread 0x000001ef41c759a0 nmethod 3337 0x000001ef2d97b610 code [0x000001ef2d97b8a0, 0x000001ef2d97c748]
Event: 27.625 Thread 0x000001ef41c759a0 3338   !   3       java.io.RandomAccessFile::open (27 bytes)
Event: 27.626 Thread 0x000001ef41c759a0 nmethod 3338 0x000001ef2d97cd90 code [0x000001ef2d97cf60, 0x000001ef2d97d190]
Event: 27.689 Thread 0x000001ef41c759a0 3340       3       java.nio.file.FileSystems::getDefault (14 bytes)
Event: 27.690 Thread 0x000001ef41c759a0 nmethod 3340 0x000001ef2d97d310 code [0x000001ef2d97d4e0, 0x000001ef2d97d798]

GC Heap History (20 events):
Event: 23.305 GC heap before
{Heap before GC invocations=9 (full 0):
 garbage-first heap   total 119808K, used 56671K [0x000000008a400000, 0x0000000100000000)
  region size 1024K, 6 young (6144K), 4 survivors (4096K)
 Metaspace       used 24469K, committed 24768K, reserved 1114112K
  class space    used 2265K, committed 2432K, reserved 1048576K
}
Event: 23.307 GC heap after
{Heap after GC invocations=10 (full 0):
 garbage-first heap   total 119808K, used 32099K [0x000000008a400000, 0x0000000100000000)
  region size 1024K, 4 young (4096K), 4 survivors (4096K)
 Metaspace       used 24469K, committed 24768K, reserved 1114112K
  class space    used 2265K, committed 2432K, reserved 1048576K
}
Event: 23.717 GC heap before
{Heap before GC invocations=10 (full 0):
 garbage-first heap   total 119808K, used 56675K [0x000000008a400000, 0x0000000100000000)
  region size 1024K, 6 young (6144K), 4 survivors (4096K)
 Metaspace       used 24480K, committed 24768K, reserved 1114112K
  class space    used 2265K, committed 2432K, reserved 1048576K
}
Event: 23.719 GC heap after
{Heap after GC invocations=11 (full 0):
 garbage-first heap   total 119808K, used 22992K [0x000000008a400000, 0x0000000100000000)
  region size 1024K, 4 young (4096K), 4 survivors (4096K)
 Metaspace       used 24480K, committed 24768K, reserved 1114112K
  class space    used 2265K, committed 2432K, reserved 1048576K
}
Event: 24.243 GC heap before
{Heap before GC invocations=11 (full 0):
 garbage-first heap   total 119808K, used 57808K [0x000000008a400000, 0x0000000100000000)
  region size 1024K, 7 young (7168K), 4 survivors (4096K)
 Metaspace       used 24482K, committed 24768K, reserved 1114112K
  class space    used 2265K, committed 2432K, reserved 1048576K
}
Event: 24.246 GC heap after
{Heap after GC invocations=12 (full 0):
 garbage-first heap   total 119808K, used 27194K [0x000000008a400000, 0x0000000100000000)
  region size 1024K, 4 young (4096K), 4 survivors (4096K)
 Metaspace       used 24482K, committed 24768K, reserved 1114112K
  class space    used 2265K, committed 2432K, reserved 1048576K
}
Event: 24.697 GC heap before
{Heap before GC invocations=12 (full 0):
 garbage-first heap   total 119808K, used 56890K [0x000000008a400000, 0x0000000100000000)
  region size 1024K, 6 young (6144K), 4 survivors (4096K)
 Metaspace       used 24482K, committed 24768K, reserved 1114112K
  class space    used 2265K, committed 2432K, reserved 1048576K
}
Event: 24.700 GC heap after
{Heap after GC invocations=13 (full 0):
 garbage-first heap   total 119808K, used 25039K [0x000000008a400000, 0x0000000100000000)
  region size 1024K, 4 young (4096K), 4 survivors (4096K)
 Metaspace       used 24482K, committed 24768K, reserved 1114112K
  class space    used 2265K, committed 2432K, reserved 1048576K
}
Event: 25.219 GC heap before
{Heap before GC invocations=13 (full 0):
 garbage-first heap   total 119808K, used 56783K [0x000000008a400000, 0x0000000100000000)
  region size 1024K, 6 young (6144K), 4 survivors (4096K)
 Metaspace       used 24487K, committed 24768K, reserved 1114112K
  class space    used 2265K, committed 2432K, reserved 1048576K
}
Event: 25.222 GC heap after
{Heap after GC invocations=14 (full 0):
 garbage-first heap   total 119808K, used 26063K [0x000000008a400000, 0x0000000100000000)
  region size 1024K, 4 young (4096K), 4 survivors (4096K)
 Metaspace       used 24487K, committed 24768K, reserved 1114112K
  class space    used 2265K, committed 2432K, reserved 1048576K
}
Event: 25.708 GC heap before
{Heap before GC invocations=14 (full 0):
 garbage-first heap   total 119808K, used 57807K [0x000000008a400000, 0x0000000100000000)
  region size 1024K, 7 young (7168K), 4 survivors (4096K)
 Metaspace       used 24491K, committed 24768K, reserved 1114112K
  class space    used 2265K, committed 2432K, reserved 1048576K
}
Event: 25.711 GC heap after
{Heap after GC invocations=15 (full 0):
 garbage-first heap   total 119808K, used 26063K [0x000000008a400000, 0x0000000100000000)
  region size 1024K, 4 young (4096K), 4 survivors (4096K)
 Metaspace       used 24491K, committed 24768K, reserved 1114112K
  class space    used 2265K, committed 2432K, reserved 1048576K
}
Event: 26.228 GC heap before
{Heap before GC invocations=15 (full 0):
 garbage-first heap   total 119808K, used 58831K [0x000000008a400000, 0x0000000100000000)
  region size 1024K, 8 young (8192K), 4 survivors (4096K)
 Metaspace       used 24508K, committed 24768K, reserved 1114112K
  class space    used 2265K, committed 2432K, reserved 1048576K
}
Event: 26.230 GC heap after
{Heap after GC invocations=16 (full 0):
 garbage-first heap   total 119808K, used 25957K [0x000000008a400000, 0x0000000100000000)
  region size 1024K, 4 young (4096K), 4 survivors (4096K)
 Metaspace       used 24508K, committed 24768K, reserved 1114112K
  class space    used 2265K, committed 2432K, reserved 1048576K
}
Event: 26.666 GC heap before
{Heap before GC invocations=16 (full 0):
 garbage-first heap   total 119808K, used 56677K [0x000000008a400000, 0x0000000100000000)
  region size 1024K, 6 young (6144K), 4 survivors (4096K)
 Metaspace       used 24509K, committed 24832K, reserved 1114112K
  class space    used 2265K, committed 2432K, reserved 1048576K
}
Event: 26.668 GC heap after
{Heap after GC invocations=17 (full 0):
 garbage-first heap   total 119808K, used 27193K [0x000000008a400000, 0x0000000100000000)
  region size 1024K, 4 young (4096K), 4 survivors (4096K)
 Metaspace       used 24509K, committed 24832K, reserved 1114112K
  class space    used 2265K, committed 2432K, reserved 1048576K
}
Event: 27.145 GC heap before
{Heap before GC invocations=17 (full 0):
 garbage-first heap   total 119808K, used 56889K [0x000000008a400000, 0x0000000100000000)
  region size 1024K, 6 young (6144K), 4 survivors (4096K)
 Metaspace       used 24512K, committed 24832K, reserved 1114112K
  class space    used 2265K, committed 2432K, reserved 1048576K
}
Event: 27.148 GC heap after
{Heap after GC invocations=18 (full 0):
 garbage-first heap   total 119808K, used 28168K [0x000000008a400000, 0x0000000100000000)
  region size 1024K, 4 young (4096K), 4 survivors (4096K)
 Metaspace       used 24512K, committed 24832K, reserved 1114112K
  class space    used 2265K, committed 2432K, reserved 1048576K
}
Event: 27.621 GC heap before
{Heap before GC invocations=18 (full 0):
 garbage-first heap   total 119808K, used 57864K [0x000000008a400000, 0x0000000100000000)
  region size 1024K, 7 young (7168K), 4 survivors (4096K)
 Metaspace       used 24524K, committed 24832K, reserved 1114112K
  class space    used 2265K, committed 2432K, reserved 1048576K
}
Event: 27.623 GC heap after
{Heap after GC invocations=19 (full 0):
 garbage-first heap   total 119808K, used 26102K [0x000000008a400000, 0x0000000100000000)
  region size 1024K, 3 young (3072K), 3 survivors (3072K)
 Metaspace       used 24524K, committed 24832K, reserved 1114112K
  class space    used 2265K, committed 2432K, reserved 1048576K
}

Dll operation events (20 events):
Event: 5.480 Loaded shared library C:\Users\jemcg\.javacpp\cache\opencv-windows-x86_64.jar\org\bytedeco\opencv\windows-x86_64\jniopencv_imgcodecs.dll
Event: 5.507 Loaded shared library C:\Users\jemcg\.javacpp\cache\opencv-windows-x86_64.jar\org\bytedeco\opencv\windows-x86_64\opencv_videoio470.dll
Event: 5.511 Loaded shared library C:\Users\jemcg\.javacpp\cache\opencv-windows-x86_64.jar\org\bytedeco\opencv\windows-x86_64\jniopencv_videoio.dll
Event: 5.528 Loaded shared library C:\Users\jemcg\.javacpp\cache\opencv-windows-x86_64.jar\org\bytedeco\opencv\windows-x86_64\opencv_highgui470.dll
Event: 5.531 Loaded shared library C:\Users\jemcg\.javacpp\cache\opencv-windows-x86_64.jar\org\bytedeco\opencv\windows-x86_64\jniopencv_highgui.dll
Event: 5.547 Loaded shared library C:\Users\jemcg\.javacpp\cache\opencv-windows-x86_64.jar\org\bytedeco\opencv\windows-x86_64\opencv_flann470.dll
Event: 5.550 Loaded shared library C:\Users\jemcg\.javacpp\cache\opencv-windows-x86_64.jar\org\bytedeco\opencv\windows-x86_64\jniopencv_flann.dll
Event: 5.570 Loaded shared library C:\Users\jemcg\.javacpp\cache\opencv-windows-x86_64.jar\org\bytedeco\opencv\windows-x86_64\opencv_features2d470.dll
Event: 5.574 Loaded shared library C:\Users\jemcg\.javacpp\cache\opencv-windows-x86_64.jar\org\bytedeco\opencv\windows-x86_64\jniopencv_features2d.dll
Event: 5.601 Loaded shared library C:\Users\jemcg\.javacpp\cache\opencv-windows-x86_64.jar\org\bytedeco\opencv\windows-x86_64\opencv_calib3d470.dll
Event: 5.605 Loaded shared library C:\Users\jemcg\.javacpp\cache\opencv-windows-x86_64.jar\org\bytedeco\opencv\windows-x86_64\jniopencv_calib3d.dll
Event: 5.627 Loaded shared library C:\Users\jemcg\.javacpp\cache\opencv-windows-x86_64.jar\org\bytedeco\opencv\windows-x86_64\opencv_dnn470.dll
Event: 5.631 Loaded shared library C:\Users\jemcg\.javacpp\cache\opencv-windows-x86_64.jar\org\bytedeco\opencv\windows-x86_64\jniopencv_dnn.dll
Event: 5.675 Loaded shared library C:\Users\jemcg\.javacpp\cache\opencv-windows-x86_64.jar\org\bytedeco\opencv\windows-x86_64\opencv_objdetect470.dll
Event: 5.680 Loaded shared library C:\Users\jemcg\.javacpp\cache\opencv-windows-x86_64.jar\org\bytedeco\opencv\windows-x86_64\jniopencv_objdetect.dll
Event: 5.773 Loaded shared library C:\Users\jemcg\.javacpp\cache\opencv-windows-x86_64.jar\org\bytedeco\opencv\windows-x86_64\opencv_photo470.dll
Event: 5.778 Loaded shared library C:\Users\jemcg\.javacpp\cache\opencv-windows-x86_64.jar\org\bytedeco\opencv\windows-x86_64\jniopencv_photo.dll
Event: 5.801 Loaded shared library C:\Users\jemcg\.javacpp\cache\opencv-windows-x86_64.jar\org\bytedeco\opencv\windows-x86_64\opencv_face470.dll
Event: 5.806 Loaded shared library C:\Users\jemcg\.javacpp\cache\opencv-windows-x86_64.jar\org\bytedeco\opencv\windows-x86_64\jniopencv_face.dll
Event: 10.212 Loaded shared library C:\Program Files\Java\jdk-21\bin\extnet.dll

Deoptimization events (20 events):
Event: 20.105 Thread 0x000001ef01cb60d0 Uncommon trap: trap_request=0xffffff45 fr.pc=0x000001ef34d947a4 relative=0x0000000000001964
Event: 20.105 Thread 0x000001ef01cb60d0 Uncommon trap: reason=unstable_if action=reinterpret pc=0x000001ef34d947a4 method=java.util.zip.ZipCoder.hash(Ljava/lang/String;)I @ 23 c2
Event: 20.105 Thread 0x000001ef01cb60d0 DEOPT PACKING pc=0x000001ef34d947a4 sp=0x00000004827ff100
Event: 20.105 Thread 0x000001ef01cb60d0 DEOPT UNPACKING pc=0x000001ef347d46a2 sp=0x00000004827feee0 mode 2
Event: 21.305 Thread 0x000001ef01cb60d0 Uncommon trap: trap_request=0xffffff45 fr.pc=0x000001ef34d854f0 relative=0x0000000000000690
Event: 21.305 Thread 0x000001ef01cb60d0 Uncommon trap: reason=unstable_if action=reinterpret pc=0x000001ef34d854f0 method=java.util.zip.ZipCoder.hash(Ljava/lang/String;)I @ 23 c2
Event: 21.305 Thread 0x000001ef01cb60d0 DEOPT PACKING pc=0x000001ef34d854f0 sp=0x00000004827ff020
Event: 21.306 Thread 0x000001ef01cb60d0 DEOPT UNPACKING pc=0x000001ef347d46a2 sp=0x00000004827feee0 mode 2
Event: 21.306 Thread 0x000001ef01cb60d0 Uncommon trap: trap_request=0xffffff45 fr.pc=0x000001ef34d83da0 relative=0x0000000000000460
Event: 21.306 Thread 0x000001ef01cb60d0 Uncommon trap: reason=unstable_if action=reinterpret pc=0x000001ef34d83da0 method=java.util.zip.ZipCoder.hash(Ljava/lang/String;)I @ 23 c2
Event: 21.306 Thread 0x000001ef01cb60d0 DEOPT PACKING pc=0x000001ef34d83da0 sp=0x00000004827fefc0
Event: 21.306 Thread 0x000001ef01cb60d0 DEOPT UNPACKING pc=0x000001ef347d46a2 sp=0x00000004827feee0 mode 2
Event: 21.307 Thread 0x000001ef01cb60d0 Uncommon trap: trap_request=0xffffff45 fr.pc=0x000001ef34d8493c relative=0x000000000000017c
Event: 21.307 Thread 0x000001ef01cb60d0 Uncommon trap: reason=unstable_if action=reinterpret pc=0x000001ef34d8493c method=java.util.zip.ZipCoder.hash(Ljava/lang/String;)I @ 23 c2
Event: 21.307 Thread 0x000001ef01cb60d0 DEOPT PACKING pc=0x000001ef34d8493c sp=0x00000004827fef50
Event: 21.307 Thread 0x000001ef01cb60d0 DEOPT UNPACKING pc=0x000001ef347d46a2 sp=0x00000004827feed8 mode 2
Event: 22.281 Thread 0x000001ef01cb2c50 DEOPT PACKING pc=0x000001ef2d6a6768 sp=0x0000000481afe2c0
Event: 22.281 Thread 0x000001ef01cb2c50 DEOPT UNPACKING pc=0x000001ef347d4e42 sp=0x0000000481afd738 mode 0
Event: 26.195 Thread 0x000001ef01cb2c50 DEOPT PACKING pc=0x000001ef2d9417a4 sp=0x0000000481afec20
Event: 26.195 Thread 0x000001ef01cb2c50 DEOPT UNPACKING pc=0x000001ef347d4e42 sp=0x0000000481afe118 mode 0

Classes loaded (20 events):
Event: 11.538 Loading class java/awt/ModalEventFilter$1
Event: 11.538 Loading class java/awt/ModalEventFilter$1 done
Event: 11.538 Loading class java/awt/ModalEventFilter$ApplicationModalEventFilter
Event: 11.538 Loading class java/awt/ModalEventFilter$ApplicationModalEventFilter done
Event: 11.538 Loading class sun/awt/ModalityEvent
Event: 11.538 Loading class sun/awt/ModalityEvent done
Event: 11.538 Loading class java/util/Vector$Itr
Event: 11.538 Loading class java/util/Vector$Itr done
Event: 11.540 Loading class java/awt/WaitDispatchSupport
Event: 11.540 Loading class java/awt/SecondaryLoop
Event: 11.540 Loading class java/awt/SecondaryLoop done
Event: 11.540 Loading class java/awt/WaitDispatchSupport done
Event: 11.540 Loading class java/awt/WaitDispatchSupport$5
Event: 11.540 Loading class java/awt/WaitDispatchSupport$5 done
Event: 11.540 Loading class java/awt/WaitDispatchSupport$1
Event: 11.540 Loading class java/awt/WaitDispatchSupport$1 done
Event: 11.540 Loading class java/awt/WaitDispatchSupport$2
Event: 11.540 Loading class java/awt/WaitDispatchSupport$2 done
Event: 13.638 Loading class java/awt/EventQueue$1AWTInvocationLock
Event: 13.638 Loading class java/awt/EventQueue$1AWTInvocationLock done

Classes unloaded (0 events):
No events

Classes redefined (0 events):
No events

Internal exceptions (20 events):
Event: 0.426 Thread 0x000001ef236194b0 Exception <a 'java/lang/NoSuchMethodError'{0x0000000090f176d0}: 'java.lang.Object java.lang.invoke.DirectMethodHandle$Holder.invokeStatic(java.lang.Object, int, java.lang.Object)'> (0x0000000090f176d0) 
thrown [s\open\src\hotspot\share\interpreter\linkResolver.cpp, line 773]
Event: 0.444 Thread 0x000001ef236194b0 Exception <a 'java/lang/ClassNotFoundException'{0x0000000090fb6900}: com/sun/swing/internal/plaf/metal/resources/spi/metalProvider> (0x0000000090fb6900) 
thrown [s\open\src\hotspot\share\classfile\systemDictionary.cpp, line 312]
Event: 0.445 Thread 0x000001ef236194b0 Exception <a 'java/lang/ClassNotFoundException'{0x0000000090fba860}: com/sun/swing/internal/plaf/basic/resources/spi/basicProvider> (0x0000000090fba860) 
thrown [s\open\src\hotspot\share\classfile\systemDictionary.cpp, line 312]
Event: 0.455 Thread 0x000001ef236194b0 Exception <a 'java/lang/NoSuchMethodError'{0x0000000090fd9958}: 'int java.lang.invoke.Invokers$Holder.invokeExact_MT(java.lang.Object, java.lang.Object)'> (0x0000000090fd9958) 
thrown [s\open\src\hotspot\share\interpreter\linkResolver.cpp, line 773]
Event: 0.460 Thread 0x000001ef236194b0 Implicit null exception at 0x000001ef34d5c60d to 0x000001ef34d5d030
Event: 0.500 Thread 0x000001ef87893920 Exception <a 'java/lang/NoSuchMethodError'{0x00000000910fae40}: 'void java.lang.invoke.DirectMethodHandle$Holder.invokeVirtual(java.lang.Object, java.lang.Object)'> (0x00000000910fae40) 
thrown [s\open\src\hotspot\share\interpreter\linkResolver.cpp, line 773]
Event: 0.517 Thread 0x000001ef236194b0 Exception <a 'java/lang/NoSuchMethodError'{0x0000000090e2be28}: 'void java.lang.invoke.DirectMethodHandle$Holder.invokeStaticInit(java.lang.Object)'> (0x0000000090e2be28) 
thrown [s\open\src\hotspot\share\interpreter\linkResolver.cpp, line 773]
Event: 4.556 Thread 0x000001ef87a6d820 Exception <a 'java/lang/NoSuchMethodError'{0x0000000090b0fda8}: 'int java.lang.invoke.DirectMethodHandle$Holder.invokeStaticInit(java.lang.Object, java.lang.Object, java.lang.Object, java.lang.Object)'> (0x0000000090b0fda8) 
thrown [s\open\src\hotspot\share\interpreter\linkResolver.cpp, line 773]
Event: 4.558 Thread 0x000001ef87a6d820 Exception <a 'java/lang/NoSuchMethodError'{0x0000000090b18608}: 'java.lang.Object java.lang.invoke.DirectMethodHandle$Holder.invokeInterface(java.lang.Object, java.lang.Object)'> (0x0000000090b18608) 
thrown [s\open\src\hotspot\share\interpreter\linkResolver.cpp, line 773]
Event: 4.558 Thread 0x000001ef87a6d820 Exception <a 'java/lang/IncompatibleClassChangeError'{0x0000000090b1bb20}: Found class java.lang.Object, but interface was expected> (0x0000000090b1bb20) 
thrown [s\open\src\hotspot\share\interpreter\linkResolver.cpp, line 840]
Event: 4.559 Thread 0x000001ef87a6d820 Exception <a 'java/lang/NoSuchMethodError'{0x0000000090b1e568}: 'void java.lang.invoke.DirectMethodHandle$Holder.invokeStatic(java.lang.Object, java.lang.Object)'> (0x0000000090b1e568) 
thrown [s\open\src\hotspot\share\interpreter\linkResolver.cpp, line 773]
Event: 4.559 Thread 0x000001ef87a6d820 Exception <a 'java/lang/NoSuchMethodError'{0x0000000090b218d0}: 'void java.lang.invoke.DirectMethodHandle$Holder.invokeStaticInit(java.lang.Object, java.lang.Object)'> (0x0000000090b218d0) 
thrown [s\open\src\hotspot\share\interpreter\linkResolver.cpp, line 773]
Event: 4.560 Thread 0x000001ef87a6d820 Exception <a 'java/lang/NoSuchMethodError'{0x0000000090b26db8}: 'int java.lang.invoke.DirectMethodHandle$Holder.invokeStaticInit(java.lang.Object, java.lang.Object)'> (0x0000000090b26db8) 
thrown [s\open\src\hotspot\share\interpreter\linkResolver.cpp, line 773]
Event: 8.984 Thread 0x000001ef8ed6d6e0 Exception <a 'java/lang/NoSuchMethodError'{0x000000008f360940}: 'java.lang.Object java.lang.invoke.DirectMethodHandle$Holder.invokeStaticInit(java.lang.Object, int, int, int, int)'> (0x000000008f360940) 
thrown [s\open\src\hotspot\share\interpreter\linkResolver.cpp, line 773]
Event: 9.001 Thread 0x000001ef8ed6d6e0 Exception <a 'java/lang/NoSuchMethodError'{0x000000008f3e77c8}: 'java.lang.Object java.lang.invoke.DirectMethodHandle$Holder.invokeStaticInit(java.lang.Object, java.lang.Object, int, int, int, int)'> (0x000000008f3e77c8) 
thrown [s\open\src\hotspot\share\interpreter\linkResolver.cpp, line 773]
Event: 10.124 Thread 0x000001ef8ed6e400 Exception <a 'java/lang/NoSuchMethodError'{0x000000009123aaf8}: 'void java.lang.invoke.DirectMethodHandle$Holder.invokeStatic(java.lang.Object, java.lang.Object, java.lang.Object)'> (0x000000009123aaf8) 
thrown [s\open\src\hotspot\share\interpreter\linkResolver.cpp, line 773]
Event: 10.126 Thread 0x000001ef8ed6e400 Exception <a 'java/lang/NoSuchMethodError'{0x00000000912437e0}: 'java.lang.Object java.lang.invoke.DirectMethodHandle$Holder.invokeVirtual(java.lang.Object, java.lang.Object, java.lang.Object)'> (0x00000000912437e0) 
thrown [s\open\src\hotspot\share\interpreter\linkResolver.cpp, line 773]
Event: 10.444 Thread 0x000001ef8ed6e400 Exception <a 'java/lang/NoSuchMethodError'{0x000000008e10c560}: 'void java.lang.invoke.DirectMethodHandle$Holder.invokeInterface(java.lang.Object, java.lang.Object)'> (0x000000008e10c560) 
thrown [s\open\src\hotspot\share\interpreter\linkResolver.cpp, line 773]
Event: 11.436 Thread 0x000001ef01cb6760 Exception <a 'java/lang/NoSuchMethodError'{0x000000008e17b4e8}: 'java.lang.Object java.lang.invoke.DirectMethodHandle$Holder.newInvokeSpecial(java.lang.Object, java.lang.Object, java.lang.Object, int, int, int, int, int)'> (0x000000008e17b4e8) 
thrown [s\open\src\hotspot\share\interpreter\linkResolver.cpp, line 773]
Event: 11.539 Thread 0x000001ef01cb4d20 Exception <a 'java/lang/NoSuchMethodError'{0x000000008e16b2b8}: 'int java.lang.invoke.DirectMethodHandle$Holder.invokeStatic(java.lang.Object)'> (0x000000008e16b2b8) 
thrown [s\open\src\hotspot\share\interpreter\linkResolver.cpp, line 773]

ZGC Phase Switch (0 events):
No events

VM Operations (20 events):
Event: 23.305 Executing VM operation: G1TryInitiateConcMark (G1 Humongous Allocation)
Event: 23.307 Executing VM operation: G1TryInitiateConcMark (G1 Humongous Allocation) done
Event: 23.717 Executing VM operation: G1TryInitiateConcMark (G1 Humongous Allocation)
Event: 23.719 Executing VM operation: G1TryInitiateConcMark (G1 Humongous Allocation) done
Event: 24.243 Executing VM operation: G1TryInitiateConcMark (G1 Humongous Allocation)
Event: 24.246 Executing VM operation: G1TryInitiateConcMark (G1 Humongous Allocation) done
Event: 24.697 Executing VM operation: G1TryInitiateConcMark (G1 Humongous Allocation)
Event: 24.700 Executing VM operation: G1TryInitiateConcMark (G1 Humongous Allocation) done
Event: 25.219 Executing VM operation: G1TryInitiateConcMark (G1 Humongous Allocation)
Event: 25.222 Executing VM operation: G1TryInitiateConcMark (G1 Humongous Allocation) done
Event: 25.708 Executing VM operation: G1TryInitiateConcMark (G1 Humongous Allocation)
Event: 25.711 Executing VM operation: G1TryInitiateConcMark (G1 Humongous Allocation) done
Event: 26.228 Executing VM operation: G1TryInitiateConcMark (G1 Humongous Allocation)
Event: 26.230 Executing VM operation: G1TryInitiateConcMark (G1 Humongous Allocation) done
Event: 26.666 Executing VM operation: G1TryInitiateConcMark (G1 Humongous Allocation)
Event: 26.669 Executing VM operation: G1TryInitiateConcMark (G1 Humongous Allocation) done
Event: 27.145 Executing VM operation: G1TryInitiateConcMark (G1 Humongous Allocation)
Event: 27.148 Executing VM operation: G1TryInitiateConcMark (G1 Humongous Allocation) done
Event: 27.621 Executing VM operation: G1TryInitiateConcMark (G1 Humongous Allocation)
Event: 27.623 Executing VM operation: G1TryInitiateConcMark (G1 Humongous Allocation) done

Events (20 events):
Event: 10.102 Thread 0x000001ef01cb1210 Thread added: 0x000001ef01cb1210
Event: 10.114 Thread 0x000001ef006657d0 Thread added: 0x000001ef006657d0
Event: 10.134 Thread 0x000001ef01cb4000 Thread added: 0x000001ef01cb4000
Event: 10.169 Thread 0x000001ef01cb8830 Thread added: 0x000001ef01cb8830
Event: 10.209 Thread 0x000001ef01cb4d20 Thread added: 0x000001ef01cb4d20
Event: 10.245 Thread 0x000001ef01cb5a40 Thread added: 0x000001ef01cb5a40
Event: 10.280 Thread 0x000001ef01cb81a0 Thread added: 0x000001ef01cb81a0
Event: 10.317 Thread 0x000001ef01cb18a0 Thread added: 0x000001ef01cb18a0
Event: 10.352 Thread 0x000001ef01cb1f30 Thread added: 0x000001ef01cb1f30
Event: 10.391 Thread 0x000001ef01cb53b0 Thread added: 0x000001ef01cb53b0
Event: 10.403 Thread 0x000001ef8ec1e090 Thread added: 0x000001ef8ec1e090
Event: 11.427 Thread 0x000001ef8ec1e090 Thread exited: 0x000001ef8ec1e090
Event: 11.428 Thread 0x000001ef006657d0 Thread exited: 0x000001ef006657d0
Event: 11.432 Thread 0x000001ef01cb6760 Thread added: 0x000001ef01cb6760
Event: 11.448 Thread 0x000001ef00666c40 Thread added: 0x000001ef00666c40
Event: 11.559 Thread 0x000001ef00666c40 Thread exited: 0x000001ef00666c40
Event: 15.097 Thread 0x000001ef01cb32e0 Thread added: 0x000001ef01cb32e0
Event: 16.449 Thread 0x000001ef01cb6760 Thread exited: 0x000001ef01cb6760
Event: 20.231 Thread 0x000001ef01cb2c50 Thread added: 0x000001ef01cb2c50
Event: 25.673 Thread 0x000001ef01cb7480 Thread added: 0x000001ef01cb7480


Dynamic libraries:
0x00007ff6bb490000 - 0x00007ff6bb4a0000 	C:\Program Files\Java\jdk-21\bin\java.exe
0x00007ff8650d0000 - 0x00007ff8652e7000 	C:\WINDOWS\SYSTEM32\ntdll.dll
0x00007ff864580000 - 0x00007ff864644000 	C:\WINDOWS\System32\KERNEL32.DLL
0x00007ff862410000 - 0x00007ff8627b6000 	C:\WINDOWS\System32\KERNELBASE.dll
0x00007ff8629f0000 - 0x00007ff862b01000 	C:\WINDOWS\System32\ucrtbase.dll
0x00007ff852630000 - 0x00007ff85264b000 	C:\Program Files\Java\jdk-21\bin\VCRUNTIME140.dll
0x00007ff83e2e0000 - 0x00007ff83e2f9000 	C:\Program Files\Java\jdk-21\bin\jli.dll
0x00007ff863180000 - 0x00007ff863233000 	C:\WINDOWS\System32\ADVAPI32.dll
0x00007ff864ce0000 - 0x00007ff864d87000 	C:\WINDOWS\System32\msvcrt.dll
0x00007ff864650000 - 0x00007ff8646f8000 	C:\WINDOWS\System32\sechost.dll
0x00007ff862c20000 - 0x00007ff862c48000 	C:\WINDOWS\System32\bcrypt.dll
0x00007ff8641d0000 - 0x00007ff8642e7000 	C:\WINDOWS\System32\RPCRT4.dll
0x00007ff864e80000 - 0x00007ff86502e000 	C:\WINDOWS\System32\USER32.dll
0x00007ff862c50000 - 0x00007ff862c76000 	C:\WINDOWS\System32\win32u.dll
0x00007ff84d160000 - 0x00007ff84d3f3000 	C:\WINDOWS\WinSxS\amd64_microsoft.windows.common-controls_6595b64144ccf1df_6.0.22621.2506_none_270c5ae97388e100\COMCTL32.dll
0x00007ff862e40000 - 0x00007ff862e69000 	C:\WINDOWS\System32\GDI32.dll
0x00007ff862d00000 - 0x00007ff862e18000 	C:\WINDOWS\System32\gdi32full.dll
0x00007ff862b80000 - 0x00007ff862c1a000 	C:\WINDOWS\System32\msvcp_win.dll
0x00007ff8593c0000 - 0x00007ff8593ca000 	C:\WINDOWS\SYSTEM32\VERSION.dll
0x00007ff864d90000 - 0x00007ff864dc1000 	C:\WINDOWS\System32\IMM32.DLL
0x00007ff8548e0000 - 0x00007ff8548ec000 	C:\Program Files\Java\jdk-21\bin\vcruntime140_1.dll
0x00007ff82fe80000 - 0x00007ff82ff0e000 	C:\Program Files\Java\jdk-21\bin\msvcp140.dll
0x00007fff99500000 - 0x00007fff9a215000 	C:\Program Files\Java\jdk-21\bin\server\jvm.dll
0x00007ff863630000 - 0x00007ff8636a1000 	C:\WINDOWS\System32\WS2_32.dll
0x00007ff85a470000 - 0x00007ff85a4a4000 	C:\WINDOWS\SYSTEM32\WINMM.dll
0x00007ff862080000 - 0x00007ff8620cd000 	C:\WINDOWS\SYSTEM32\POWRPROF.dll
0x00007ff861ec0000 - 0x00007ff861ed3000 	C:\WINDOWS\SYSTEM32\UMPDC.dll
0x00007ff861450000 - 0x00007ff861468000 	C:\WINDOWS\SYSTEM32\kernel.appcore.dll
0x00007ff8523b0000 - 0x00007ff8523ba000 	C:\Program Files\Java\jdk-21\bin\jimage.dll
0x00007ff85fb90000 - 0x00007ff85fdc3000 	C:\WINDOWS\SYSTEM32\DBGHELP.DLL
0x00007ff863240000 - 0x00007ff8635c9000 	C:\WINDOWS\System32\combase.dll
0x00007ff8644a0000 - 0x00007ff864577000 	C:\WINDOWS\System32\OLEAUT32.dll
0x00007ff84f370000 - 0x00007ff84f3a2000 	C:\WINDOWS\SYSTEM32\dbgcore.DLL
0x00007ff862c80000 - 0x00007ff862cfa000 	C:\WINDOWS\System32\bcryptPrimitives.dll
0x00007ff852570000 - 0x00007ff85258f000 	C:\Program Files\Java\jdk-21\bin\java.dll
0x00007ff863800000 - 0x00007ff86405b000 	C:\WINDOWS\System32\SHELL32.dll
0x00007ff860370000 - 0x00007ff860c66000 	C:\WINDOWS\SYSTEM32\windows.storage.dll
0x00007ff860230000 - 0x00007ff86036e000 	C:\WINDOWS\SYSTEM32\wintypes.dll
0x00007ff862ec0000 - 0x00007ff862fb3000 	C:\WINDOWS\System32\SHCORE.dll
0x00007ff865030000 - 0x00007ff86508e000 	C:\WINDOWS\System32\shlwapi.dll
0x00007ff862340000 - 0x00007ff862366000 	C:\WINDOWS\SYSTEM32\profapi.dll
0x00007ff829af0000 - 0x00007ff829bc7000 	C:\Program Files\Java\jdk-21\bin\jsvml.dll
0x00007ff84efe0000 - 0x00007ff84eff0000 	C:\Program Files\Java\jdk-21\bin\net.dll
0x00007ff85c8c0000 - 0x00007ff85c9f7000 	C:\WINDOWS\SYSTEM32\WINHTTP.dll
0x00007ff861940000 - 0x00007ff8619a9000 	C:\WINDOWS\system32\mswsock.dll
0x00007ff84efc0000 - 0x00007ff84efd6000 	C:\Program Files\Java\jdk-21\bin\nio.dll
0x00007ff84cd60000 - 0x00007ff84cd78000 	C:\Program Files\Java\jdk-21\bin\zip.dll
0x00007ff825be0000 - 0x00007ff825d6f000 	C:\Program Files\Java\jdk-21\bin\awt.dll
0x00007ff85f270000 - 0x00007ff85f307000 	C:\WINDOWS\SYSTEM32\apphelp.dll
0x00007ff85f670000 - 0x00007ff85f69b000 	C:\WINDOWS\system32\DWMAPI.DLL
0x00007ff85f400000 - 0x00007ff85f4ab000 	C:\WINDOWS\system32\uxtheme.dll
0x00007ff8299f0000 - 0x00007ff829af0000 	C:\WINDOWS\system32\opengl32.dll
0x00007ff847200000 - 0x00007ff84722d000 	C:\WINDOWS\SYSTEM32\GLU32.dll
0x00007ff85f520000 - 0x00007ff85f559000 	C:\WINDOWS\SYSTEM32\dxcore.dll
0x00007ff864700000 - 0x00007ff864851000 	C:\WINDOWS\System32\MSCTF.dll
0x00007ff864300000 - 0x00007ff8644a0000 	C:\WINDOWS\System32\ole32.dll
0x00007ff811350000 - 0x00007ff8114f9000 	C:\WINDOWS\system32\d3d9.dll
0x00007ff8593d0000 - 0x00007ff8595ab000 	C:\WINDOWS\System32\DriverStore\FileRepository\u0364120.inf_amd64_636d39f1d2b33111\B364017\aticfx64.dll
0x00007ff832f70000 - 0x00007ff832fa3000 	C:\WINDOWS\System32\DriverStore\FileRepository\u0364120.inf_amd64_636d39f1d2b33111\B364017\atiu9p64.dll
0x00007fff987f0000 - 0x00007fff994fc000 	C:\WINDOWS\System32\DriverStore\FileRepository\u0364120.inf_amd64_636d39f1d2b33111\B364017\atiumd64.dll
0x00000000640e0000 - 0x0000000064f9e000 	C:\WINDOWS\System32\DriverStore\FileRepository\u0364120.inf_amd64_636d39f1d2b33111\B364017\atiumd6a.dll
0x00007ff8572e0000 - 0x00007ff85730f000 	C:\WINDOWS\SYSTEM32\amdihk64.dll
0x00007ff85c750000 - 0x00007ff85c79a000 	C:\WINDOWS\SYSTEM32\directxdatabasehelper.dll
0x00007ff8264b0000 - 0x00007ff826537000 	C:\Program Files\Java\jdk-21\bin\freetype.dll
0x00007ff81bb10000 - 0x00007ff81bbe3000 	C:\Program Files\Java\jdk-21\bin\fontmanager.dll
0x00007ff864dd0000 - 0x00007ff864e80000 	C:\WINDOWS\System32\clbcatq.dll
0x00007ff85db80000 - 0x00007ff85dd30000 	C:\WINDOWS\SYSTEM32\WindowsCodecs.dll
0x00007ff841310000 - 0x00007ff84136e000 	C:\WINDOWS\system32\dataexchange.dll
0x00007ff85a020000 - 0x00007ff85a2a7000 	C:\WINDOWS\system32\twinapi.appcore.dll
0x00007ff843f30000 - 0x00007ff84407a000 	C:\WINDOWS\SYSTEM32\textinputframework.dll
0x00007ff85ef90000 - 0x00007ff85f0c4000 	C:\WINDOWS\SYSTEM32\CoreMessaging.dll
0x00007ff85bcf0000 - 0x00007ff85c05c000 	C:\WINDOWS\SYSTEM32\CoreUIComponents.dll
0x00007ff861bb0000 - 0x00007ff861bbc000 	C:\WINDOWS\SYSTEM32\CRYPTBASE.DLL
0x000001ef8e8c0000 - 0x000001ef8e8c4000 	C:\Users\jemcg\.javacpp\cache\javacpp-windows-x86_64.jar\org\bytedeco\javacpp\windows-x86_64\api-ms-win-crt-locale-l1-1-0.dll
0x000001ef8e8d0000 - 0x000001ef8e8d5000 	C:\Users\jemcg\.javacpp\cache\javacpp-windows-x86_64.jar\org\bytedeco\javacpp\windows-x86_64\api-ms-win-crt-string-l1-1-0.dll
0x000001ef8e8e0000 - 0x000001ef8e8e5000 	C:\Users\jemcg\.javacpp\cache\javacpp-windows-x86_64.jar\org\bytedeco\javacpp\windows-x86_64\api-ms-win-crt-stdio-l1-1-0.dll
0x000001ef8e8f0000 - 0x000001ef8e8f6000 	C:\Users\jemcg\.javacpp\cache\javacpp-windows-x86_64.jar\org\bytedeco\javacpp\windows-x86_64\api-ms-win-crt-math-l1-1-0.dll
0x000001ef8e900000 - 0x000001ef8e904000 	C:\Users\jemcg\.javacpp\cache\javacpp-windows-x86_64.jar\org\bytedeco\javacpp\windows-x86_64\api-ms-win-crt-heap-l1-1-0.dll
0x000001ef8e910000 - 0x000001ef8e915000 	C:\Users\jemcg\.javacpp\cache\javacpp-windows-x86_64.jar\org\bytedeco\javacpp\windows-x86_64\api-ms-win-crt-runtime-l1-1-0.dll
0x000001ef8e920000 - 0x000001ef8e925000 	C:\Users\jemcg\.javacpp\cache\javacpp-windows-x86_64.jar\org\bytedeco\javacpp\windows-x86_64\api-ms-win-crt-convert-l1-1-0.dll
0x000001ef8e930000 - 0x000001ef8e934000 	C:\Users\jemcg\.javacpp\cache\javacpp-windows-x86_64.jar\org\bytedeco\javacpp\windows-x86_64\api-ms-win-crt-environment-l1-1-0.dll
0x000001ef8e940000 - 0x000001ef8e944000 	C:\Users\jemcg\.javacpp\cache\javacpp-windows-x86_64.jar\org\bytedeco\javacpp\windows-x86_64\api-ms-win-crt-time-l1-1-0.dll
0x000001ef8e950000 - 0x000001ef8e954000 	C:\Users\jemcg\.javacpp\cache\javacpp-windows-x86_64.jar\org\bytedeco\javacpp\windows-x86_64\api-ms-win-crt-filesystem-l1-1-0.dll
0x000001ef8e960000 - 0x000001ef8e964000 	C:\Users\jemcg\.javacpp\cache\javacpp-windows-x86_64.jar\org\bytedeco\javacpp\windows-x86_64\api-ms-win-crt-utility-l1-1-0.dll
0x000001ef8e970000 - 0x000001ef8e976000 	C:\Users\jemcg\.javacpp\cache\javacpp-windows-x86_64.jar\org\bytedeco\javacpp\windows-x86_64\api-ms-win-crt-multibyte-l1-1-0.dll
0x000001ef8e980000 - 0x000001ef8e984000 	C:\Users\jemcg\.javacpp\cache\javacpp-windows-x86_64.jar\org\bytedeco\javacpp\windows-x86_64\api-ms-win-crt-conio-l1-1-0.dll
0x000001ef8e990000 - 0x000001ef8e9a1000 	C:\Users\jemcg\.javacpp\cache\javacpp-windows-x86_64.jar\org\bytedeco\javacpp\windows-x86_64\api-ms-win-crt-private-l1-1-0.dll
0x000001ef8e9b0000 - 0x000001ef8e9b4000 	C:\Users\jemcg\.javacpp\cache\javacpp-windows-x86_64.jar\org\bytedeco\javacpp\windows-x86_64\api-ms-win-crt-process-l1-1-0.dll
0x000001ef8e9c0000 - 0x000001ef8e9c4000 	C:\Users\jemcg\.javacpp\cache\javacpp-windows-x86_64.jar\org\bytedeco\javacpp\windows-x86_64\api-ms-win-core-console-l1-2-0.dll
0x000001ef8e9d0000 - 0x000001ef8e9d4000 	C:\Users\jemcg\.javacpp\cache\javacpp-windows-x86_64.jar\org\bytedeco\javacpp\windows-x86_64\api-ms-win-core-string-l1-1-0.dll
0x000001ef8e9e0000 - 0x000001ef8e9e4000 	C:\Users\jemcg\.javacpp\cache\javacpp-windows-x86_64.jar\org\bytedeco\javacpp\windows-x86_64\api-ms-win-core-errorhandling-l1-1-0.dll
0x000001ef8e9f0000 - 0x000001ef8e9f4000 	C:\Users\jemcg\.javacpp\cache\javacpp-windows-x86_64.jar\org\bytedeco\javacpp\windows-x86_64\api-ms-win-core-timezone-l1-1-0.dll
0x000001ef8ea00000 - 0x000001ef8ea05000 	C:\Users\jemcg\.javacpp\cache\javacpp-windows-x86_64.jar\org\bytedeco\javacpp\windows-x86_64\api-ms-win-core-file-l1-1-0.dll
0x000001ef8ea10000 - 0x000001ef8ea14000 	C:\Users\jemcg\.javacpp\cache\javacpp-windows-x86_64.jar\org\bytedeco\javacpp\windows-x86_64\api-ms-win-core-namedpipe-l1-1-0.dll
0x000001ef8ea20000 - 0x000001ef8ea24000 	C:\Users\jemcg\.javacpp\cache\javacpp-windows-x86_64.jar\org\bytedeco\javacpp\windows-x86_64\api-ms-win-core-handle-l1-1-0.dll
0x000001ef8ea30000 - 0x000001ef8ea34000 	C:\Users\jemcg\.javacpp\cache\javacpp-windows-x86_64.jar\org\bytedeco\javacpp\windows-x86_64\api-ms-win-core-file-l2-1-0.dll
0x000001ef8ea40000 - 0x000001ef8ea44000 	C:\Users\jemcg\.javacpp\cache\javacpp-windows-x86_64.jar\org\bytedeco\javacpp\windows-x86_64\api-ms-win-core-heap-l1-1-0.dll
0x000001ef8ea50000 - 0x000001ef8ea54000 	C:\Users\jemcg\.javacpp\cache\javacpp-windows-x86_64.jar\org\bytedeco\javacpp\windows-x86_64\api-ms-win-core-libraryloader-l1-1-0.dll
0x000001ef8ea60000 - 0x000001ef8ea64000 	C:\Users\jemcg\.javacpp\cache\javacpp-windows-x86_64.jar\org\bytedeco\javacpp\windows-x86_64\api-ms-win-core-synch-l1-1-0.dll
0x000001ef8ea70000 - 0x000001ef8ea74000 	C:\Users\jemcg\.javacpp\cache\javacpp-windows-x86_64.jar\org\bytedeco\javacpp\windows-x86_64\api-ms-win-core-processthreads-l1-1-0.dll
0x000001ef8ea80000 - 0x000001ef8ea84000 	C:\Users\jemcg\.javacpp\cache\javacpp-windows-x86_64.jar\org\bytedeco\javacpp\windows-x86_64\api-ms-win-core-processenvironment-l1-1-0.dll
0x000001ef8ea90000 - 0x000001ef8ea94000 	C:\Users\jemcg\.javacpp\cache\javacpp-windows-x86_64.jar\org\bytedeco\javacpp\windows-x86_64\api-ms-win-core-datetime-l1-1-0.dll
0x000001ef8eaa0000 - 0x000001ef8eaa4000 	C:\Users\jemcg\.javacpp\cache\javacpp-windows-x86_64.jar\org\bytedeco\javacpp\windows-x86_64\api-ms-win-core-localization-l1-2-0.dll
0x000001ef8eab0000 - 0x000001ef8eab4000 	C:\Users\jemcg\.javacpp\cache\javacpp-windows-x86_64.jar\org\bytedeco\javacpp\windows-x86_64\api-ms-win-core-sysinfo-l1-1-0.dll
0x000001ef8eac0000 - 0x000001ef8eac4000 	C:\Users\jemcg\.javacpp\cache\javacpp-windows-x86_64.jar\org\bytedeco\javacpp\windows-x86_64\api-ms-win-core-synch-l1-2-0.dll
0x000001ef8ead0000 - 0x000001ef8ead4000 	C:\Users\jemcg\.javacpp\cache\javacpp-windows-x86_64.jar\org\bytedeco\javacpp\windows-x86_64\api-ms-win-core-console-l1-1-0.dll
0x000001ef8eae0000 - 0x000001ef8eae4000 	C:\Users\jemcg\.javacpp\cache\javacpp-windows-x86_64.jar\org\bytedeco\javacpp\windows-x86_64\api-ms-win-core-debug-l1-1-0.dll
0x000001ef8eaf0000 - 0x000001ef8eaf4000 	C:\Users\jemcg\.javacpp\cache\javacpp-windows-x86_64.jar\org\bytedeco\javacpp\windows-x86_64\api-ms-win-core-rtlsupport-l1-1-0.dll
0x000001ef8eb00000 - 0x000001ef8eb04000 	C:\Users\jemcg\.javacpp\cache\javacpp-windows-x86_64.jar\org\bytedeco\javacpp\windows-x86_64\api-ms-win-core-processthreads-l1-1-1.dll
0x000001ef8eb10000 - 0x000001ef8eb14000 	C:\Users\jemcg\.javacpp\cache\javacpp-windows-x86_64.jar\org\bytedeco\javacpp\windows-x86_64\api-ms-win-core-file-l1-2-0.dll
0x000001ef8eb20000 - 0x000001ef8eb24000 	C:\Users\jemcg\.javacpp\cache\javacpp-windows-x86_64.jar\org\bytedeco\javacpp\windows-x86_64\api-ms-win-core-profile-l1-1-0.dll
0x000001ef8eb30000 - 0x000001ef8eb34000 	C:\Users\jemcg\.javacpp\cache\javacpp-windows-x86_64.jar\org\bytedeco\javacpp\windows-x86_64\api-ms-win-core-memory-l1-1-0.dll
0x000001ef8eb40000 - 0x000001ef8eb44000 	C:\Users\jemcg\.javacpp\cache\javacpp-windows-x86_64.jar\org\bytedeco\javacpp\windows-x86_64\api-ms-win-core-util-l1-1-0.dll
0x000001ef8eb50000 - 0x000001ef8eb54000 	C:\Users\jemcg\.javacpp\cache\javacpp-windows-x86_64.jar\org\bytedeco\javacpp\windows-x86_64\api-ms-win-core-interlocked-l1-1-0.dll
0x00007ff826150000 - 0x00007ff826261000 	C:\Users\jemcg\.javacpp\cache\javacpp-windows-x86_64.jar\org\bytedeco\javacpp\windows-x86_64\ucrtbase.dll
0x00007ff832f50000 - 0x00007ff832f6b000 	C:\Users\jemcg\.javacpp\cache\javacpp-windows-x86_64.jar\org\bytedeco\javacpp\windows-x86_64\vcruntime140.dll
0x00007ff8523c0000 - 0x00007ff8523cc000 	C:\Users\jemcg\.javacpp\cache\javacpp-windows-x86_64.jar\org\bytedeco\javacpp\windows-x86_64\vcruntime140_1.dll
0x00007ff825b50000 - 0x00007ff825bdd000 	C:\Users\jemcg\.javacpp\cache\javacpp-windows-x86_64.jar\org\bytedeco\javacpp\windows-x86_64\msvcp140.dll
0x00007ff83aad0000 - 0x00007ff83aad9000 	C:\Users\jemcg\.javacpp\cache\javacpp-windows-x86_64.jar\org\bytedeco\javacpp\windows-x86_64\msvcp140_1.dll
0x00007ff81d830000 - 0x00007ff81d87e000 	C:\Users\jemcg\.javacpp\cache\javacpp-windows-x86_64.jar\org\bytedeco\javacpp\windows-x86_64\concrt140.dll
0x00007ff832f10000 - 0x00007ff832f41000 	C:\Users\jemcg\.javacpp\cache\javacpp-windows-x86_64.jar\org\bytedeco\javacpp\windows-x86_64\vcomp140.dll
0x00007ff83aa50000 - 0x00007ff83aa5f000 	C:\Users\jemcg\.javacpp\cache\javacpp-windows-x86_64.jar\org\bytedeco\javacpp\windows-x86_64\jnijavacpp.dll
0x00007fff96ab0000 - 0x00007fff987f0000 	C:\Users\jemcg\.javacpp\cache\openblas-windows-x86_64.jar\org\bytedeco\openblas\windows-x86_64\libopenblas_nolapack.dll
0x00007ff81bd50000 - 0x00007ff81bdaf000 	C:\Users\jemcg\.javacpp\cache\openblas-windows-x86_64.jar\org\bytedeco\openblas\windows-x86_64\jniopenblas_nolapack.dll
0x00007fff94d70000 - 0x00007fff96ab0000 	C:\Users\jemcg\.javacpp\cache\openblas-windows-x86_64.jar\org\bytedeco\openblas\windows-x86_64\libopenblas.dll
0x00007fff93980000 - 0x00007fff94d63000 	C:\Users\jemcg\.javacpp\cache\openblas-windows-x86_64.jar\org\bytedeco\openblas\windows-x86_64\jniopenblas.dll
0x00007fffcb750000 - 0x00007fffcbc07000 	C:\Users\jemcg\.javacpp\cache\opencv-windows-x86_64.jar\org\bytedeco\opencv\windows-x86_64\opencv_core470.dll
0x00007fff93200000 - 0x00007fff9397d000 	C:\Users\jemcg\.javacpp\cache\opencv-windows-x86_64.jar\org\bytedeco\opencv\windows-x86_64\opencv_imgproc470.dll

dbghelp: loaded successfully - version: 4.0.5 - missing functions: none
symbol engine: initialized successfully - sym options: 0x614 - pdb path: .;C:\Program Files\Java\jdk-21\bin;C:\WINDOWS\SYSTEM32;C:\WINDOWS\WinSxS\amd64_microsoft.windows.common-controls_6595b64144ccf1df_6.0.22621.2506_none_270c5ae97388e100;C:\Program Files\Java\jdk-21\bin\server;C:\WINDOWS\System32\DriverStore\FileRepository\u0364120.inf_amd64_636d39f1d2b33111\B364017;C:\Users\jemcg\.javacpp\cache\javacpp-windows-x86_64.jar\org\bytedeco\javacpp\windows-x86_64;C:\Users\jemcg\.javacpp\cache\openblas-windows-x86_64.jar\org\bytedeco\openblas\windows-x86_64;C:\Users\jemcg\.javacpp\cache\opencv-windows-x86_64.jar\org\bytedeco\opencv\windows-x86_64

VM Arguments:
jvm_args: -Dfile.encoding=UTF-8 --module-path=C:\Users\jemcg\Documents\NetBeansProjects\Prototype\build\classes 
java_command: prototype.Prototype
java_class_path (initial): C:\Users\jemcg\Downloads\javacv-platform-1.5.9-bin\javacv-platform-1.5.9-bin\ffmpeg-platform.jar;C:\Users\jemcg\Downloads\javacv-platform-1.5.9-bin\javacv-platform-1.5.9-bin\ffmpeg-windows-x86_64.jar;C:\Users\jemcg\Downloads\javacv-platform-1.5.9-bin\javacv-platform-1.5.9-bin\ffmpeg.jar;C:\Users\jemcg\Downloads\javacv-platform-1.5.9-bin\javacv-platform-1.5.9-bin\javacpp.jar;C:\Users\jemcg\Downloads\javacv-platform-1.5.9-bin\javacv-platform-1.5.9-bin\javacv-platform.jar;C:\Users\jemcg\Downloads\javacv-platform-1.5.9-bin\javacv-platform-1.5.9-bin\javacv.jar;C:\Users\jemcg\Downloads\javacv-platform-1.5.9-bin\javacv-platform-1.5.9-bin\opencv-platform.jar;C:\Users\jemcg\Downloads\javacv-platform-1.5.9-bin\javacv-platform-1.5.9-bin\opencv-windows-x86_64.jar;C:\Users\jemcg\Downloads\javacv-platform-1.5.9-bin\javacv-platform-1.5.9-bin\opencv.jar;C:\Users\jemcg\Downloads\mysql-connector-j-8.2.0\mysql-connector-j-8.2.0\mysql-connector-j-8.2.0.jar;C:\Users\jemcg\Documents\NetBeansProjects\Prototype\build\classes
Launcher Type: SUN_STANDARD

[Global flags]
     intx CICompilerCount                          = 4                                         {product} {ergonomic}
     uint ConcGCThreads                            = 2                                         {product} {ergonomic}
     uint G1ConcRefinementThreads                  = 8                                         {product} {ergonomic}
   size_t G1HeapRegionSize                         = 1048576                                   {product} {ergonomic}
    uintx GCDrainStackTargetSize                   = 64                                        {product} {ergonomic}
   size_t InitialHeapSize                          = 123731968                                 {product} {ergonomic}
   size_t MarkStackSize                            = 4194304                                   {product} {ergonomic}
   size_t MaxHeapSize                              = 1975517184                                {product} {ergonomic}
   size_t MaxNewSize                               = 1184890880                                {product} {ergonomic}
   size_t MinHeapDeltaBytes                        = 1048576                                   {product} {ergonomic}
   size_t MinHeapSize                              = 8388608                                   {product} {ergonomic}
    uintx NonNMethodCodeHeapSize                   = 5839372                                {pd product} {ergonomic}
    uintx NonProfiledCodeHeapSize                  = 122909434                              {pd product} {ergonomic}
    uintx ProfiledCodeHeapSize                     = 122909434                              {pd product} {ergonomic}
    uintx ReservedCodeCacheSize                    = 251658240                              {pd product} {ergonomic}
     bool SegmentedCodeCache                       = true                                      {product} {ergonomic}
   size_t SoftMaxHeapSize                          = 1975517184                             {manageable} {ergonomic}
     bool UseCompressedOops                        = true                           {product lp64_product} {ergonomic}
     bool UseG1GC                                  = true                                      {product} {ergonomic}
     bool UseLargePagesIndividualAllocation        = false                                  {pd product} {ergonomic}

Logging:
Log output configuration:
 #0: stdout all=warning uptime,level,tags foldmultilines=false
 #1: stderr all=off uptime,level,tags foldmultilines=false

Environment Variables:
PATH=C:\Program Files\Common Files\Oracle\Java\javapath;C:\Program Files (x86)\Common Files\Oracle\Java\javapath;C:\WINDOWS\system32;C:\WINDOWS;C:\WINDOWS\System32\Wbem;C:\WINDOWS\System32\WindowsPowerShell\v1.0\;C:\WINDOWS\System32\OpenSSH\;C:\Program Files\dotnet\;C:\Users\jemcg\AppData\Local\Microsoft\WindowsApps;C:\Program Files (x86)\Brackets\;C:\Users\jemcg\.dotnet\tools;C:\Users\jemcg\AppData\Local\Programs\Microsoft VS Code\bin
USERNAME=jemcg
OS=Windows_NT
PROCESSOR_IDENTIFIER=AMD64 Family 23 Model 104 Stepping 1, AuthenticAMD
TMP=C:\Users\jemcg\AppData\Local\Temp
TEMP=C:\Users\jemcg\AppData\Local\Temp




Periodic native trim disabled

---------------  S Y S T E M  ---------------

OS:
 Windows 11 , 64 bit Build 22621 (10.0.22621.3085)
OS uptime: 7 days 1:44 hours

CPU: total 8 (initial active 8) (8 cores per cpu, 2 threads per core) family 23 model 104 stepping 1 microcode 0x0, cx8, cmov, fxsr, ht, mmx, 3dnowpref, sse, sse2, sse3, ssse3, sse4a, sse4.1, sse4.2, popcnt, lzcnt, tsc, tscinvbit, avx, avx2, aes, clmul, bmi1, bmi2, adx, sha, fma, vzeroupper, clflush, clflushopt, rdtscp, rdpid, f16c
Processor Information for processor 0
  Max Mhz: 2600, Current Mhz: 2003, Mhz Limit: 2600
Processor Information for processor 1
  Max Mhz: 2600, Current Mhz: 2600, Mhz Limit: 2600
Processor Information for processor 2
  Max Mhz: 2600, Current Mhz: 2600, Mhz Limit: 2600
Processor Information for processor 3
  Max Mhz: 2600, Current Mhz: 2003, Mhz Limit: 2600
Processor Information for processor 4
  Max Mhz: 2600, Current Mhz: 2003, Mhz Limit: 2600
Processor Information for processor 5
  Max Mhz: 2600, Current Mhz: 2003, Mhz Limit: 2600
Processor Information for processor 6
  Max Mhz: 2600, Current Mhz: 2003, Mhz Limit: 2600
Processor Information for processor 7
  Max Mhz: 2600, Current Mhz: 2003, Mhz Limit: 2600

Memory: 4k page, system-wide physical 7531M (749M free)
TotalPageFile size 16571M (AvailPageFile size 1993M)
current process WorkingSet (physical memory assigned to process): 429M, peak: 437M
current process commit charge ("private bytes"): 2301M, peak: 2301M

vm_info: Java HotSpot(TM) 64-Bit Server VM (21.0.1+12-LTS-29) for windows-amd64 JRE (21.0.1+12-LTS-29), built on 2023-10-05T13:27:09Z by "mach5one" with MS VC++ 17.1 (VS2022)

END.
