#
# A fatal error has been detected by the Java Runtime Environment:
#
#  EXCEPTION_ACCESS_VIOLATION (0xc0000005) at pc=0x00007ff862475b0c, pid=9432, tid=22104
#
# JRE version: Java(TM) SE Runtime Environment (21.0.1+12) (build 21.0.1+12-LTS-29)
# Java VM: Java HotSpot(TM) 64-Bit Server VM (21.0.1+12-LTS-29, mixed mode, sharing, tiered, compressed oops, compressed class ptrs, g1 gc, windows-amd64)
# Problematic frame:
# C  [KERNELBASE.dll+0x65b0c]
#
# No core dump will be written. Minidumps are not enabled by default on client versions of Windows
#
# If you would like to submit a bug report, please visit:
#   https://bugreport.java.com/bugreport/crash.jsp
# The crash happened outside the Java Virtual Machine in native code.
# See problematic frame for where to report the bug.
#

---------------  S U M M A R Y ------------

Command Line: -Dfile.encoding=UTF-8 --module-path=C:\Users\jemcg\Documents\NetBeansProjects\Prototype\build\classes prototype.Prototype

Host: AMD Ryzen 3 5300U with Radeon Graphics         , 8 cores, 7G,  Windows 11 , 64 bit Build 22621 (10.0.22621.3085)
Time: Wed Feb 21 20:31:04 2024 Co-ordinated Universal Time elapsed time: 44.184352 seconds (0d 0h 0m 44s)

---------------  T H R E A D  ---------------

Current thread (0x000001a003515380):  JavaThread "Thread-8"  daemon [_thread_in_native, id=22104, stack(0x0000004128d00000,0x0000004128e00000) (1024K)]

Stack: [0x0000004128d00000,0x0000004128e00000],  sp=0x0000004128dfc770,  free space=1009k
Native frames: (J=compiled Java code, j=interpreted, Vv=VM code, C=native code)
C  [KERNELBASE.dll+0x65b0c]
C  [vcruntime140_1.dll+0x2743]
C  [ntdll.dll+0xa3c66]
C  0x00007fffca7f6420

Java frames: (J=compiled Java code, j=interpreted, Vv=VM code)
J 4109  org.bytedeco.opencv.opencv_videoio.VideoCapture.grab()Z (0 bytes) @ 0x000001a029abbb73 [0x000001a029abbb20+0x0000000000000053]
J 4130% c2 prototype.Sign$DaemonThread.run()V (496 bytes) @ 0x000001a029abd370 [0x000001a029abd240+0x0000000000000130]
j  java.lang.Thread.runWith(Ljava/lang/Object;Ljava/lang/Runnable;)V+5 java.base@21.0.1
j  java.lang.Thread.run()V+19 java.base@21.0.1
v  ~StubRoutines::call_stub 0x000001a02931100d

siginfo: EXCEPTION_ACCESS_VIOLATION (0xc0000005), reading address 0xffffffffffffffff


Registers:
RAX=0x00007fffa66e5a6e, RBX=0x0000004128dfe340, RCX=0x0000004128dfe350, RDX=0x0000004128dfe354
RSP=0x0000004128dfc770, RBP=0x0000004128dfce50, RSI=0x0000004128dfe830, RDI=0x0000004128dfd600
R8 =0x0000000028dfc202, R9 =0x0000000000000000, R10=0x0000004128dfc2c0, R11=0x3ff6666666666666
R12=0x0000000000000000, R13=0x0000004128dfc8d8, R14=0x0000000000000002, R15=0x0000004128dfd768
RIP=0x00007ff862475b0c, EFLAGS=0x0000000000000206


Register to memory mapping:

RAX=0x00007fffa66e5a6e jvm.dll
RBX=0x0000004128dfe340 is pointing into the stack for thread: 0x000001a003515380
RCX=0x0000004128dfe350 is pointing into the stack for thread: 0x000001a003515380
RDX=0x0000004128dfe354 is pointing into the stack for thread: 0x000001a003515380
RSP=0x0000004128dfc770 is pointing into the stack for thread: 0x000001a003515380
RBP=0x0000004128dfce50 is pointing into the stack for thread: 0x000001a003515380
RSI=0x0000004128dfe830 is pointing into the stack for thread: 0x000001a003515380
RDI=0x0000004128dfd600 is pointing into the stack for thread: 0x000001a003515380
R8 =0x0000000028dfc202 is an unknown value
R9 =0x0 is null
R10=0x0000004128dfc2c0 is pointing into the stack for thread: 0x000001a003515380
R11=0x3ff6666666666666 is an unknown value
R12=0x0 is null
R13=0x0000004128dfc8d8 is pointing into the stack for thread: 0x000001a003515380
R14=0x0000000000000002 is an unknown value
R15=0x0000004128dfd768 is pointing into the stack for thread: 0x000001a003515380

Top of Stack: (sp=0x0000004128dfc770)
0x0000004128dfc770:   00007c2300000000 0000004128dfe340
0x0000004128dfc780:   0000004128dfe830 00007ff84cd766c0
0x0000004128dfc790:   00000080c0000005 0000000000000000
0x0000004128dfc7a0:   00007ff862475b0c 0000000000000002
0x0000004128dfc7b0:   0000000000000000 ffffffffffffffff
0x0000004128dfc7c0:   0000000000000006 0000004128dfce50
0x0000004128dfc7d0:   0000b284982d198a 0000000000000001
0x0000004128dfc7e0:   0000004128dfe340 00007ff85e8134b9
0x0000004128dfc7f0:   0000004100000000 000001a003afae60
0x0000004128dfc800:   0000004128dfe340 0000004128dfe830
0x0000004128dfc810:   0000004128dfd600 00007ff85e8133f9
0x0000004128dfc820:   0000004128dfe340 0000004128dfe830
0x0000004128dfc830:   00007c23d2fd3fc0 000001a0e0795600
0x0000004128dfc840:   0000004128dfe340 00007ff85e812743
0x0000004128dfc850:   00007fffca83ad20 0000004128dfd768
0x0000004128dfc860:   000001a000000100 0000000000000000
0x0000004128dfc870:   0000004100000001 0000000000000000
0x0000004128dfc880:   0000000000000000 0000000000000000
0x0000004128dfc890:   0000000000000000 0000004128dfc8d8
0x0000004128dfc8a0:   00007fffca83ad20 0000000000000000
0x0000004128dfc8b0:   0000000000000000 0000000000000000
0x0000004128dfc8c0:   00007fffca7a0000 00007fffca7a0000
0x0000004128dfc8d0:   0000004128dfb710 ffffffffffffffff
0x0000004128dfc8e0:   0000000000000000 00007fffa68ff39d
0x0000004128dfc8f0:   000001a003515738 0000004128dfdc50
0x0000004128dfc900:   0000004128dfe210 0000004128dfea90
0x0000004128dfc910:   0000004128dfce00 0000004128dfd3d0
0x0000004128dfc920:   0000004128dfdc50 00007ff865173c66
0x0000004128dfc930:   0000000000000000 0000000000000004
0x0000004128dfc940:   0000000000000000 0000004128dfe830
0x0000004128dfc950:   0000000000000000 0000004128dfed00
0x0000004128dfc960:   00001fa00010000f 0000000000000033 

Instructions: (pc=0x00007ff862475b0c)
0x00007ff862475a0c:   ff 4c 8d 05 9c 5d 2c 00 33 d2 b9 00 00 10 00 e8
0x00007ff862475a1c:   70 92 fd ff 4c 8b f0 48 89 44 24 58 48 85 c0 0f
0x00007ff862475a2c:   84 0b fe ff ff 4c 8d 05 90 5d 2c 00 33 d2 8d 4a
0x00007ff862475a3c:   02 e8 4e 92 fd ff 48 8b f8 48 89 44 24 50 e9 ed
0x00007ff862475a4c:   fd ff ff 45 33 c0 49 8b d7 48 83 c9 ff e8 72 67
0x00007ff862475a5c:   01 00 e9 08 ff ff ff 48 8b 0d 8e 41 2f 00 e8 c1
0x00007ff862475a6c:   10 fd ff 48 8b cf e8 79 ea fb ff e9 f8 fe ff ff
0x00007ff862475a7c:   49 8b ce e8 6c ea fb ff e9 f4 fe ff ff 48 8b ce
0x00007ff862475a8c:   e8 5f ea fb ff e9 f0 fe ff ff cc cc 71 18 d3 7a
0x00007ff862475a9c:   1a 87 89 f9 48 81 ec d8 00 00 00 48 8b 05 d2 14
0x00007ff862475aac:   2f 00 48 33 c4 48 89 84 24 c0 00 00 00 48 83 64
0x00007ff862475abc:   24 28 00 48 8d 05 da ff ff ff 83 e2 01 89 4c 24
0x00007ff862475acc:   20 89 54 24 24 48 89 44 24 30 4d 85 c9 74 4f b8
0x00007ff862475adc:   0f 00 00 00 48 8d 4c 24 40 44 3b c0 49 8b d1 41
0x00007ff862475aec:   0f 46 c0 44 8b c0 44 89 44 24 38 49 c1 e0 03 e8
0x00007ff862475afc:   c7 f2 05 00 48 8d 4c 24 20 48 ff 15 44 ae 1f 00
0x00007ff862475b0c:   0f 1f 44 00 00 48 8b 8c 24 c0 00 00 00 48 33 cc
0x00007ff862475b1c:   e8 5f 2f 05 00 48 81 c4 d8 00 00 00 c3 cc 83 64
0x00007ff862475b2c:   24 38 00 eb cf cc cc cc cc cc cc cc 48 8b c4 48
0x00007ff862475b3c:   89 58 08 48 89 70 10 48 89 78 18 4c 89 68 20 55
0x00007ff862475b4c:   41 56 41 57 48 8d 68 a1 48 81 ec e0 00 00 00 48
0x00007ff862475b5c:   8b 05 1e 14 2f 00 48 33 c4 48 89 45 3f 45 33 ff
0x00007ff862475b6c:   66 c7 45 2b 00 05 48 8d 45 c7 44 89 7d 27 48 89
0x00007ff862475b7c:   44 24 50 48 8d 4d 27 44 89 7c 24 48 45 33 c9 44
0x00007ff862475b8c:   89 7c 24 40 45 8d 47 12 44 89 7c 24 38 b2 01 44
0x00007ff862475b9c:   89 7c 24 30 41 8b df 44 89 7c 24 28 41 8b ff 44
0x00007ff862475bac:   89 7c 24 20 45 8b f7 44 89 7d 2f 66 c7 45 33 00
0x00007ff862475bbc:   01 44 89 7d 37 66 c7 45 3b 00 10 4c 89 7d c7 4c
0x00007ff862475bcc:   89 7d cf 4c 89 7d d7 4c 89 7d df 48 ff 15 92 ae
0x00007ff862475bdc:   1f 00 0f 1f 44 00 00 85 c0 0f 88 a7 02 00 00 48
0x00007ff862475bec:   8d 45 cf 41 b9 20 02 00 00 48 89 44 24 50 45 8d
0x00007ff862475bfc:   6f 02 44 89 7c 24 48 45 8d 47 20 44 89 7c 24 40 


Stack slot to memory mapping:

stack at sp + 0 slots: 0x00007c2300000000 is an unknown value
stack at sp + 1 slots: 0x0000004128dfe340 is pointing into the stack for thread: 0x000001a003515380
stack at sp + 2 slots: 0x0000004128dfe830 is pointing into the stack for thread: 0x000001a003515380
stack at sp + 3 slots: 0x00007ff84cd766c0 VCRUNTIME140.dll
stack at sp + 4 slots: 0x00000080c0000005 is an unknown value
stack at sp + 5 slots: 0x0 is null
stack at sp + 6 slots: 0x00007ff862475b0c KERNELBASE.dll
stack at sp + 7 slots: 0x0000000000000002 is an unknown value


Compiled method (n/a)   44370 4109     n 0       org.bytedeco.opencv.opencv_videoio.VideoCapture::grab (native)
 total in heap  [0x000001a029abb990,0x000001a029abbd58] = 968
 relocation     [0x000001a029abbaf0,0x000001a029abbb20] = 48
 main code      [0x000001a029abbb20,0x000001a029abbd4a] = 554
 stub code      [0x000001a029abbd4a,0x000001a029abbd50] = 6
 oops           [0x000001a029abbd50,0x000001a029abbd58] = 8

[Constant Pool (empty)]

[MachCode]
[Entry Point]
  # {method} {0x000001a078f36c20} 'grab' '()Z' in 'org/bytedeco/opencv/opencv_videoio/VideoCapture'
  #           [sp+0x70]  (sp of caller)
  0x000001a029abbb20: 448b 5208 | 49bb 0000 | 0037 a001 | 0000 4d03 | d349 3bc2 | 0f84 0600 

  0x000001a029abbb38: ;   {runtime_call ic_miss_stub}
  0x000001a029abbb38: 0000 e941 | 2c8a ff90 
[Verified Entry Point]
  0x000001a029abbb40: 8984 2400 | 80ff ff55 | 488b ec48 | 83ec 6090 | 4181 7f20 | 1000 0000 

  0x000001a029abbb58: ;   {runtime_call StubRoutines (final stubs)}
  0x000001a029abbb58: 7405 e801 | 9288 ff48 | 8954 2420 | 4883 fa00 | 488d 5424 | 2048 0f44 | 5424 20c5 

  0x000001a029abbb74: ;   {internal_word}
  0x000001a029abbb74: f877 49ba | 73bb ab29 | a001 0000 | 4d89 97a0 | 0300 0049 | 89a7 9803 

  0x000001a029abbb8c: ;   {external_word}
  0x000001a029abbb8c: 0000 49ba | c925 0da7 | ff7f 0000 | 4180 3a00 | 0f84 4600 

  0x000001a029abbba0: ;   {metadata({method} {0x000001a078f36c20} 'grab' '()Z' in 'org/bytedeco/opencv/opencv_videoio/VideoCapture')}
  0x000001a029abbba0: 0000 5248 | ba18 6cf3 | 78a0 0100 | 0049 8bcf | 4883 ec20 | 40f6 c40f | 0f84 1900 | 0000 4883 
  0x000001a029abbbc0: ;   {runtime_call}
  0x000001a029abbbc0: ec08 48b8 | 30eb bda6 | ff7f 0000 | ffd0 4883 | c408 e90c 

  0x000001a029abbbd4: ;   {runtime_call}
  0x000001a029abbbd4: 0000 0048 | b830 ebbd | a6ff 7f00 | 00ff d048 | 83c4 205a | 498d 8fb8 | 0300 0041 | c787 4c04 
  0x000001a029abbbf4: 0000 0400 

  0x000001a029abbbf8: ;   {runtime_call}
  0x000001a029abbbf8: 0000 48b8 | 6090 9e32 | f87f 0000 | ffd0 c5f8 | 7725 ff00 | 0000 0f95 | c041 c787 | 4c04 0000 
  0x000001a029abbc18: 0500 0000 | f083 4424 | c000 493b | af50 0400 | 000f 870e | 0000 0041 | 83bf 4804 | 0000 000f 
  0x000001a029abbc38: 842b 0000 | 00c5 f877 | 4889 45f8 | 498b cf4c | 8be4 4883 | ec20 4883 

  0x000001a029abbc50: ;   {runtime_call}
  0x000001a029abbc50: e4f0 48b8 | c0be 89a6 | ff7f 0000 | ffd0 498b | e44d 33e4 | 488b 45f8 | 41c7 874c | 0400 0008 
  0x000001a029abbc70: 0000 0041 | 83bf c804 | 0000 020f | 849c 0000 

  0x000001a029abbc80: ;   {external_word}
  0x000001a029abbc80: 0049 bac9 | 250d a7ff | 7f00 0041 | 803a 000f | 844c 0000 | 0048 8945 

  0x000001a029abbc98: ;   {metadata({method} {0x000001a078f36c20} 'grab' '()Z' in 'org/bytedeco/opencv/opencv_videoio/VideoCapture')}
  0x000001a029abbc98: f848 ba18 | 6cf3 78a0 | 0100 0049 | 8bcf 4883 | ec20 40f6 | c40f 0f84 | 1900 0000 | 4883 ec08 
  0x000001a029abbcb8: ;   {runtime_call}
  0x000001a029abbcb8: 48b8 30eb | bda6 ff7f | 0000 ffd0 | 4883 c408 | e90c 0000 

  0x000001a029abbccc: ;   {runtime_call}
  0x000001a029abbccc: 0048 b830 | ebbd a6ff | 7f00 00ff | d048 83c4 | 2048 8b45 | f849 c787 | 9803 0000 | 0000 0000 
  0x000001a029abbcec: 49c7 87a0 | 0300 0000 | 0000 00c5 | f877 498b | 8f28 0400 | 00c7 8100 | 0100 0000 | 0000 00c9 
  0x000001a029abbd0c: 4983 7f08 | 000f 8501 | 0000 00c3 

  0x000001a029abbd18: ;   {runtime_call StubRoutines (initial stubs)}
  0x000001a029abbd18: e9e3 5185 | ffc5 f877 | 4889 45f8 | 4c8b e448 | 83ec 2048 

  0x000001a029abbd2c: ;   {runtime_call}
  0x000001a029abbd2c: 83e4 f048 | b860 23be | a6ff 7f00 | 00ff d049 | 8be4 4d33 | e448 8b45 | f8e9 37ff | ffff f4f4 
  0x000001a029abbd4c: f4f4 f4f4 
[/MachCode]


Compiled method (c2)   44393 4130 % !   4       prototype.Sign$DaemonThread::run @ 4 (496 bytes)
 total in heap  [0x000001a029abd090,0x000001a029abd770] = 1760
 relocation     [0x000001a029abd1f0,0x000001a029abd238] = 72
 main code      [0x000001a029abd240,0x000001a029abd530] = 752
 stub code      [0x000001a029abd530,0x000001a029abd558] = 40
 oops           [0x000001a029abd558,0x000001a029abd560] = 8
 metadata       [0x000001a029abd560,0x000001a029abd588] = 40
 scopes data    [0x000001a029abd588,0x000001a029abd680] = 248
 scopes pcs     [0x000001a029abd680,0x000001a029abd730] = 176
 dependencies   [0x000001a029abd730,0x000001a029abd740] = 16
 handler table  [0x000001a029abd740,0x000001a029abd758] = 24
 nul chk table  [0x000001a029abd758,0x000001a029abd770] = 24

[Constant Pool (empty)]

[MachCode]
[Verified Entry Point]
  # {method} {0x000001a079093f50} 'run' '()V' in 'prototype/Sign$DaemonThread'
  0x000001a029abd240: cc0f 1f84 | 0000 0000 | 000f 1f80 | 0000 0000 | 8984 2400 | 80ff ff55 | 4883 ec50 | 4181 7f20 
  0x000001a029abd260: 1000 0000 | 0f85 b602 | 0000 488b | 5a78 4c8b | 5270 4c8d | 5c24 404d | 8913 488b | 7a60 488b 
  0x000001a029abd280: 7268 488b | ca49 ba10 | e384 a6ff | 7f00 0041 

  0x000001a029abd290: ;   {other}
  0x000001a029abd290: ffd2 0f1f | 8400 0000 | 0000 4885 | f60f 84ed | 0100 0044 

  0x000001a029abd2a4: ;   {metadata('prototype/Sign$DaemonThread')}
  0x000001a029abd2a4: 8b56 0841 | 81fa 58d2 | 1c01 0f85 | eb01 0000 | 4c8b d648 | 85ff 0f84 | d801 0000 | 448b 5f08 
  0x000001a029abd2c4: ;   {metadata('prototype/Sign$DaemonThread')}
  0x000001a029abd2c4: 4181 fb58 | d21c 010f | 85ce 0100 

  0x000001a029abd2d0: ;   {metadata('java/io/IOException')}
  0x000001a029abd2d0: 0048 bdb0 | 2904 38a0 | 0100 00eb | 5c48 8bd8 | 448b 4008 | 49ba 0000 | 0037 a001 | 0000 4d03 
  0x000001a029abd2f0: d04d 8b52 | 484c 3bd5 | 0f85 9a00 | 0000 4d8b | 9758 0400 

  0x000001a029abd304: ; ImmutableOopMap {[32]=Oop [40]=Oop [48]=Oop }
                      ;*goto {reexecute=1 rethrow=0 return_oop=0}
                      ; - (reexecute) prototype.Sign$DaemonThread::run@480 (line 136)
                      ;   {poll}
  0x000001a029abd304: 0041 8502 | 488b 5c24 | 3048 8b7c | 2420 4c8b | 5424 28eb | 200f 1f80 | 0000 0000 | 4d8b 9758 
  0x000001a029abd324: ; ImmutableOopMap {[32]=Oop [40]=Oop [48]=Oop }
                      ;*goto {reexecute=1 rethrow=0 return_oop=0}
                      ; - (reexecute) prototype.Sign$DaemonThread::run@476 (line 136)
                      ;   {poll}
  0x000001a029abd324: 0400 0041 | 8502 488b | 5c24 3048 | 8b7c 2420 | 4c8b 5424 | 2845 0fb6 | 5a0c 4585 | db0f 8429 
  0x000001a029abd344: 0100 0045 | 8b5a 1045 | 8b5b 2845 | 85db 0f84 | f700 0000 | 4c89 5424 | 2848 897c | 2420 4889 
  0x000001a029abd364: 5c24 3049 

  0x000001a029abd368: ;   {optimized virtual_call}
  0x000001a029abd368: 8bd3 90e8 

  0x000001a029abd36c: ; ImmutableOopMap {[32]=Oop [40]=Oop [48]=Oop }
                      ;*invokevirtual grab {reexecute=0 rethrow=0 return_oop=0}
                      ; - prototype.Sign$DaemonThread::run@18 (line 86)
  0x000001a029abd36c: d0e7 ffff 

  0x000001a029abd370: ;   {other}
  0x000001a029abd370: 0f1f 8400 | e002 0002 | 85c0 74a4 | ba45 ffff | ff48 8b6c | 2428 8944 

  0x000001a029abd388: ;   {runtime_call UncommonTrapBlob}
  0x000001a029abd388: 2428 90e8 

  0x000001a029abd38c: ; ImmutableOopMap {rbp=Oop [32]=Oop [48]=Oop }
                      ;*ifeq {reexecute=1 rethrow=0 return_oop=0}
                      ; - (reexecute) prototype.Sign$DaemonThread::run@21 (line 86)
  0x000001a029abd38c: 7072 8aff 

  0x000001a029abd390: ;   {other}
  0x000001a029abd390: 0f1f 8400 | 0003 0003 

  0x000001a029abd398: ;   {metadata('java/lang/InterruptedException')}
  0x000001a029abd398: 4181 f898 | 7108 010f | 8459 ffff | ff4c 8b5c | 2430 488d | 4424 4048 | 8338 000f | 8479 0000 
  0x000001a029abd3b8: 004d 8b13 | 41f6 c202 | 0f84 6200 | 0000 4983 | ba86 0000 | 0000 7409 | 49ff 8a86 | 0000 00eb 
  0x000001a029abd3d8: 4b49 8b82 | 9600 0000 | 490b 828e | 0000 0075 | 0a49 c742 | 3e00 0000 | 00eb 3d49 | 83ba 9e00 
  0x000001a029abd3f8: 0000 0074 | 2248 33c0 | 49c7 423e | 0000 0000 | f083 0424 | 0049 83ba | 9e00 0000 | 0075 0df0 
  0x000001a029abd418: 4d0f b17a | 3e75 0583 | c801 eb0c | a800 eb08 | 4c8b 10f0 | 4d0f b113 | 750a 49ff | 8f50 0500 
  0x000001a029abd438: 0045 33d2 | 0f85 7e00 | 0000 488b | d348 83c4 

  0x000001a029abd448: ;   {runtime_call _rethrow_Java}
  0x000001a029abd448: 505d e9b1 | 3b97 ffba | f6ff ffff | 498b ea48 | 897c 2420 | 4889 5c24 

  0x000001a029abd460: ;   {runtime_call UncommonTrapBlob}
  0x000001a029abd460: 2866 90e8 

  0x000001a029abd464: ; ImmutableOopMap {rbp=Oop [32]=Oop [40]=Oop }
                      ;*invokevirtual grab {reexecute=0 rethrow=0 return_oop=0}
                      ; - prototype.Sign$DaemonThread::run@18 (line 86)
  0x000001a029abd464: 9871 8aff 

  0x000001a029abd468: ;   {other}
  0x000001a029abd468: 0f1f 8400 | d803 0004 | ba45 ffff | ff48 8bef | 4489 5c24 | 2048 895c 

  0x000001a029abd480: ;   {runtime_call UncommonTrapBlob}
  0x000001a029abd480: 2428 90e8 

  0x000001a029abd484: ; ImmutableOopMap {rbp=Oop [40]=Oop }
                      ;*ifeq {reexecute=1 rethrow=0 return_oop=0}
                      ; - (reexecute) prototype.Sign$DaemonThread::run@8 (line 84)
  0x000001a029abd484: 7871 8aff 

  0x000001a029abd488: ;   {other}
  0x000001a029abd488: 0f1f 8400 | f803 0005 | 4533 d2e9 | 1ffe ffff | 33ff e932 | feff ffba | 8dff ffff | 488b ef48 
  0x000001a029abd4a8: 895c 2420 | 4889 7424 

  0x000001a029abd4b0: ;   {runtime_call UncommonTrapBlob}
  0x000001a029abd4b0: 2866 90e8 

  0x000001a029abd4b4: ; ImmutableOopMap {rbp=Oop [32]=Oop [40]=Oop }
                      ;*aload_0 {reexecute=0 rethrow=0 return_oop=0}
                      ; - prototype.Sign$DaemonThread::run@4 (line 84)
  0x000001a029abd4b4: 4871 8aff 

  0x000001a029abd4b8: ;   {other}
  0x000001a029abd4b8: 0f1f 8400 | 2804 0006 | 498b cb48 | 8d54 2440 | 4d8b c749 | ba50 d9bd | a6ff 7f00 | 0041 ffd2 
  0x000001a029abd4d8: ;   {other}
  0x000001a029abd4d8: 0f1f 8400 | 0000 0000 | e95d ffff | ffba f6ff | ffff 488b | ef48 895c 

  0x000001a029abd4f0: ;   {runtime_call UncommonTrapBlob}
  0x000001a029abd4f0: 2420 90e8 

  0x000001a029abd4f4: ; ImmutableOopMap {rbp=Oop [32]=Oop }
                      ;*getfield runnable {reexecute=1 rethrow=0 return_oop=0}
                      ; - (reexecute) prototype.Sign$DaemonThread::run@5 (line 84)
  0x000001a029abd4f4: 0871 8aff 

  0x000001a029abd4f8: ;   {other}
  0x000001a029abd4f8: 0f1f 8400 | 6804 0007 | baf6 ffff | ff49 8bea | 4889 7c24 | 2048 895c 

  0x000001a029abd510: ;   {runtime_call UncommonTrapBlob}
  0x000001a029abd510: 2428 90e8 

  0x000001a029abd514: ; ImmutableOopMap {rbp=Oop [32]=Oop [40]=Oop }
                      ;*getfield VidCap {reexecute=1 rethrow=0 return_oop=0}
                      ; - (reexecute) prototype.Sign$DaemonThread::run@15 (line 86)
  0x000001a029abd514: e870 8aff 

  0x000001a029abd518: ;   {other}
  0x000001a029abd518: 0f1f 8400 | 8804 0008 

  0x000001a029abd520: ;   {runtime_call StubRoutines (final stubs)}
  0x000001a029abd520: e83b 7888 | ffe9 40fd | ffff f4f4 | f4f4 f4f4 
[Stub Code]
  0x000001a029abd530: ;   {no_reloc}
  0x000001a029abd530: 48bb 0000 | 0000 0000 

  0x000001a029abd538: ;   {runtime_call}
  0x000001a029abd538: 0000 e9fb 

  0x000001a029abd53c: ;   {runtime_call ExceptionBlob}
  0x000001a029abd53c: ffff ffe9 | bcdb 96ff 
[Deopt Handler Code]
  0x000001a029abd544: e800 0000 | 0048 832c 

  0x000001a029abd54c: ;   {runtime_call DeoptimizationBlob}
  0x000001a029abd54c: 2405 e94d | 748a fff4 | f4f4 f4f4 
[/MachCode]


---------------  P R O C E S S  ---------------

Threads class SMR info:
_java_thread_list=0x000001a0025d7890, length=40, elements={
0x000001a035fee950, 0x000001a035fefe10, 0x000001a035ff4ca0, 0x000001a035ff5310,
0x000001a035ff6510, 0x000001a0360034c0, 0x000001a035ff8720, 0x000001a035ff8dd0,
0x000001a03623f070, 0x000001a0362a3cb0, 0x000001a03698b510, 0x000001a03698e640,
0x000001a036991990, 0x000001a036bd21f0, 0x000001a017759830, 0x000001a03624cea0,
0x000001a036d7bdb0, 0x000001a036470070, 0x000001a002a45210, 0x000001a002a45f30,
0x000001a002a44b80, 0x000001a003512590, 0x000001a003511f00, 0x000001a003518170,
0x000001a003517450, 0x000001a003517ae0, 0x000001a0035111e0, 0x000001a003513940,
0x000001a003512c20, 0x000001a003511870, 0x000001a003514660, 0x000001a003518800,
0x000001a0035132b0, 0x000001a003514cf0, 0x000001a003513fd0, 0x000001a0035160a0,
0x000001a003515380, 0x000001a003515a10, 0x000001a003516730, 0x000001a003516dc0
}

Java Threads: ( => current thread )
  0x000001a035fee950 JavaThread "Reference Handler"          daemon [_thread_blocked, id=10596, stack(0x0000004125a00000,0x0000004125b00000) (1024K)]
  0x000001a035fefe10 JavaThread "Finalizer"                  daemon [_thread_blocked, id=752, stack(0x0000004125b00000,0x0000004125c00000) (1024K)]
  0x000001a035ff4ca0 JavaThread "Signal Dispatcher"          daemon [_thread_blocked, id=15416, stack(0x0000004125c00000,0x0000004125d00000) (1024K)]
  0x000001a035ff5310 JavaThread "Attach Listener"            daemon [_thread_blocked, id=23292, stack(0x0000004125d00000,0x0000004125e00000) (1024K)]
  0x000001a035ff6510 JavaThread "Service Thread"             daemon [_thread_blocked, id=24212, stack(0x0000004125e00000,0x0000004125f00000) (1024K)]
  0x000001a0360034c0 JavaThread "Monitor Deflation Thread"   daemon [_thread_blocked, id=3544, stack(0x0000004125f00000,0x0000004126000000) (1024K)]
  0x000001a035ff8720 JavaThread "C2 CompilerThread0"         daemon [_thread_blocked, id=10872, stack(0x0000004126000000,0x0000004126100000) (1024K)]
  0x000001a035ff8dd0 JavaThread "C1 CompilerThread0"         daemon [_thread_in_native, id=18816, stack(0x0000004126100000,0x0000004126200000) (1024K)]
  0x000001a03623f070 JavaThread "Common-Cleaner"             daemon [_thread_blocked, id=12720, stack(0x0000004126200000,0x0000004126300000) (1024K)]
  0x000001a0362a3cb0 JavaThread "Notification Thread"        daemon [_thread_blocked, id=24412, stack(0x0000004126300000,0x0000004126400000) (1024K)]
  0x000001a03698b510 JavaThread "Java2D Disposer"            daemon [_thread_blocked, id=23288, stack(0x0000004126400000,0x0000004126500000) (1024K)]
  0x000001a03698e640 JavaThread "AWT-Shutdown"                      [_thread_blocked, id=22896, stack(0x0000004126500000,0x0000004126600000) (1024K)]
  0x000001a036991990 JavaThread "AWT-Windows"                daemon [_thread_in_native, id=1784, stack(0x0000004126600000,0x0000004126700000) (1024K)]
  0x000001a036bd21f0 JavaThread "AWT-EventQueue-0"                  [_thread_blocked, id=22724, stack(0x0000004126f00000,0x0000004127000000) (1024K)]
  0x000001a017759830 JavaThread "DestroyJavaVM"                     [_thread_blocked, id=2648, stack(0x0000004125200000,0x0000004125300000) (1024K)]
  0x000001a03624cea0 JavaThread "D3D Screen Updater"         daemon [_thread_blocked, id=19616, stack(0x0000004127100000,0x0000004127200000) (1024K)]
  0x000001a036d7bdb0 JavaThread "TimerQueue"                 daemon [_thread_blocked, id=5108, stack(0x0000004127200000,0x0000004127300000) (1024K)]
  0x000001a036470070 JavaThread "JavaCPP Deallocator"        daemon [_thread_blocked, id=23808, stack(0x0000004127500000,0x0000004127600000) (1024K)]
  0x000001a002a45210 JavaThread "Thread-0"                   daemon [_thread_blocked, id=22224, stack(0x0000004129100000,0x0000004129200000) (1024K)]
  0x000001a002a45f30 JavaThread "SwingWorker-pool-1-thread-1" daemon [_thread_in_native, id=22324, stack(0x000000412a000000,0x000000412a100000) (1024K)]
  0x000001a002a44b80 JavaThread "mysql-cj-abandoned-connection-cleanup" daemon [_thread_blocked, id=2392, stack(0x000000412a100000,0x000000412a200000) (1024K)]
  0x000001a003512590 JavaThread "SwingWorker-pool-1-thread-2" daemon [_thread_in_Java, id=24380, stack(0x000000412a200000,0x000000412a300000) (1024K)]
  0x000001a003511f00 JavaThread "SwingWorker-pool-1-thread-3" daemon [_thread_in_native, id=21548, stack(0x000000412a400000,0x000000412a500000) (1024K)]
  0x000001a003518170 JavaThread "SwingWorker-pool-1-thread-4" daemon [_thread_in_native, id=20956, stack(0x000000412a500000,0x000000412a600000) (1024K)]
  0x000001a003517450 JavaThread "SwingWorker-pool-1-thread-5" daemon [_thread_blocked, id=23028, stack(0x000000412a700000,0x000000412a800000) (1024K)]
  0x000001a003517ae0 JavaThread "SwingWorker-pool-1-thread-6" daemon [_thread_blocked, id=22208, stack(0x000000412a800000,0x000000412a900000) (1024K)]
  0x000001a0035111e0 JavaThread "SwingWorker-pool-1-thread-7" daemon [_thread_blocked, id=20208, stack(0x000000412a900000,0x000000412aa00000) (1024K)]
  0x000001a003513940 JavaThread "SwingWorker-pool-1-thread-8" daemon [_thread_in_native, id=22356, stack(0x000000412ab00000,0x000000412ac00000) (1024K)]
  0x000001a003512c20 JavaThread "SwingWorker-pool-1-thread-9" daemon [_thread_blocked, id=9032, stack(0x000000412ac00000,0x000000412ad00000) (1024K)]
  0x000001a003511870 JavaThread "SwingWorker-pool-1-thread-10" daemon [_thread_in_native, id=8228, stack(0x000000412ad00000,0x000000412ae00000) (1024K)]
  0x000001a003514660 JavaThread "Thread-1"                   daemon [_thread_blocked, id=19584, stack(0x000000412c800000,0x000000412c900000) (1024K)]
  0x000001a003518800 JavaThread "Thread-2"                   daemon [_thread_blocked, id=21092, stack(0x000000412aa00000,0x000000412ab00000) (1024K)]
  0x000001a0035132b0 JavaThread "Thread-3"                   daemon [_thread_in_native, id=23060, stack(0x000000412b400000,0x000000412b500000) (1024K)]
  0x000001a003514cf0 JavaThread "Thread-5"                   daemon [_thread_in_native, id=2520, stack(0x000000412cd00000,0x000000412ce00000) (1024K)]
  0x000001a003513fd0 JavaThread "Thread-6"                   daemon [_thread_in_native, id=21220, stack(0x0000004127600000,0x0000004127700000) (1024K)]
  0x000001a0035160a0 JavaThread "Thread-7"                   daemon [_thread_in_native, id=15312, stack(0x0000004128c00000,0x0000004128d00000) (1024K)]
=>0x000001a003515380 JavaThread "Thread-8"                   daemon [_thread_in_native, id=22104, stack(0x0000004128d00000,0x0000004128e00000) (1024K)]
  0x000001a003515a10 JavaThread "Thread-9"                   daemon [_thread_in_native, id=23744, stack(0x0000004128f00000,0x0000004129000000) (1024K)]
  0x000001a003516730 JavaThread "Thread-10"                  daemon [_thread_in_native, id=16484, stack(0x000000412a300000,0x000000412a400000) (1024K)]
  0x000001a003516dc0 JavaThread "Thread-11"                  daemon [_thread_in_native, id=20952, stack(0x000000412b700000,0x000000412b800000) (1024K)]
Total: 40

Other Threads:
  0x000001a035fd3730 VMThread "VM Thread"                           [id=12140, stack(0x0000004125900000,0x0000004125a00000) (1024K)]
  0x000001a035fbacb0 WatcherThread "VM Periodic Task Thread"        [id=8584, stack(0x0000004125800000,0x0000004125900000) (1024K)]
  0x000001a0199d8f20 WorkerThread "GC Thread#0"                     [id=15172, stack(0x0000004125300000,0x0000004125400000) (1024K)]
  0x000001a0023b3d90 WorkerThread "GC Thread#1"                     [id=1928, stack(0x0000004127800000,0x0000004127900000) (1024K)]
  0x000001a002c0d480 WorkerThread "GC Thread#2"                     [id=19816, stack(0x0000004127900000,0x0000004127a00000) (1024K)]
  0x000001a002c0d820 WorkerThread "GC Thread#3"                     [id=15916, stack(0x0000004127a00000,0x0000004127b00000) (1024K)]
  0x000001a002c0dbc0 WorkerThread "GC Thread#4"                     [id=7044, stack(0x0000004127b00000,0x0000004127c00000) (1024K)]
  0x000001a002748020 WorkerThread "GC Thread#5"                     [id=23432, stack(0x0000004127c00000,0x0000004127d00000) (1024K)]
  0x000001a002748760 WorkerThread "GC Thread#6"                     [id=22972, stack(0x0000004127d00000,0x0000004127e00000) (1024K)]
  0x000001a002747540 WorkerThread "GC Thread#7"                     [id=11580, stack(0x0000004127e00000,0x0000004127f00000) (1024K)]
  0x000001a0199e8980 ConcurrentGCThread "G1 Main Marker"            [id=4808, stack(0x0000004125400000,0x0000004125500000) (1024K)]
  0x000001a0199e9530 WorkerThread "G1 Conc#0"                       [id=7376, stack(0x0000004125500000,0x0000004125600000) (1024K)]
  0x000001a0361a32c0 WorkerThread "G1 Conc#1"                       [id=8928, stack(0x000000412a600000,0x000000412a700000) (1024K)]
  0x000001a035e8c520 ConcurrentGCThread "G1 Refine#0"               [id=22160, stack(0x0000004125600000,0x0000004125700000) (1024K)]
  0x000001a035e8cd40 ConcurrentGCThread "G1 Service"                [id=10516, stack(0x0000004125700000,0x0000004125800000) (1024K)]
Total: 15

Threads with active compile tasks:
Total: 0

VM state: not at safepoint (normal execution)

VM Mutex/Monitor currently owned by a thread: None

Heap address: 0x000000008a400000, size: 1884 MB, Compressed Oops mode: 32-bit

CDS archive(s) mapped at: [0x000001a037000000-0x000001a037c90000-0x000001a037c90000), size 13172736, SharedBaseAddress: 0x000001a037000000, ArchiveRelocationMode: 1.
Compressed class space mapped at: 0x000001a038000000-0x000001a078000000, reserved size: 1073741824
Narrow klass base: 0x000001a037000000, Narrow klass shift: 0, Narrow klass range: 0x100000000

GC Precious Log:
 CardTable entry size: 512
 Card Set container configuration: InlinePtr #cards 5 size 8 Array Of Cards #cards 12 size 40 Howl #buckets 4 coarsen threshold 1843 Howl Bitmap #cards 512 size 80 coarsen threshold 460 Card regions per heap region 1 cards per card region 2048
 CPUs: 8 total, 8 available
 Memory: 7531M
 Large Page Support: Disabled
 NUMA Support: Disabled
 Compressed Oops: Enabled (32-bit)
 Heap Region Size: 1M
 Heap Min Capacity: 8M
 Heap Initial Capacity: 118M
 Heap Max Capacity: 1884M
 Pre-touch: Disabled
 Parallel Workers: 8
 Concurrent Workers: 2
 Concurrent Refinement Workers: 8
 Periodic GC: Disabled

Heap:
 garbage-first heap   total 128000K, used 61222K [0x000000008a400000, 0x0000000100000000)
  region size 1024K, 11 young (11264K), 3 survivors (3072K)
 Metaspace       used 25252K, committed 25600K, reserved 1114112K
  class space    used 2275K, committed 2432K, reserved 1048576K

Heap Regions: E=young(eden), S=young(survivor), O=old, HS=humongous(starts), HC=humongous(continues), CS=collection set, F=free, TAMS=top-at-mark-start, PB=parsable bottom
|   0|0x000000008a400000, 0x000000008a500000, 0x000000008a500000|100%| O|  |TAMS 0x000000008a400000| PB 0x000000008a400000| Untracked 
|   1|0x000000008a500000, 0x000000008a600000, 0x000000008a600000|100%| O|  |TAMS 0x000000008a500000| PB 0x000000008a500000| Untracked 
|   2|0x000000008a600000, 0x000000008a700000, 0x000000008a700000|100%| O|  |TAMS 0x000000008a600000| PB 0x000000008a600000| Untracked 
|   3|0x000000008a700000, 0x000000008a800000, 0x000000008a800000|100%|HS|  |TAMS 0x000000008a700000| PB 0x000000008a700000| Complete 
|   4|0x000000008a800000, 0x000000008a900000, 0x000000008a900000|100%|HS|  |TAMS 0x000000008a800000| PB 0x000000008a800000| Complete 
|   5|0x000000008a900000, 0x000000008aa00000, 0x000000008aa00000|100%|HS|  |TAMS 0x000000008a900000| PB 0x000000008a900000| Complete 
|   6|0x000000008aa00000, 0x000000008ab00000, 0x000000008ab00000|100%|HS|  |TAMS 0x000000008aa00000| PB 0x000000008aa00000| Complete 
|   7|0x000000008ab00000, 0x000000008ac00000, 0x000000008ac00000|100%|HS|  |TAMS 0x000000008ab00000| PB 0x000000008ab00000| Complete 
|   8|0x000000008ac00000, 0x000000008ad00000, 0x000000008ad00000|100%|HS|  |TAMS 0x000000008ac00000| PB 0x000000008ac00000| Complete 
|   9|0x000000008ad00000, 0x000000008ae00000, 0x000000008ae00000|100%| O|  |TAMS 0x000000008ad00000| PB 0x000000008ad00000| Untracked 
|  10|0x000000008ae00000, 0x000000008af00000, 0x000000008af00000|100%| O|  |TAMS 0x000000008ae00000| PB 0x000000008ae00000| Untracked 
|  11|0x000000008af00000, 0x000000008b000000, 0x000000008b000000|100%|HS|  |TAMS 0x000000008af00000| PB 0x000000008af00000| Complete 
|  12|0x000000008b000000, 0x000000008b100000, 0x000000008b100000|100%|HS|  |TAMS 0x000000008b000000| PB 0x000000008b000000| Complete 
|  13|0x000000008b100000, 0x000000008b200000, 0x000000008b200000|100%|HS|  |TAMS 0x000000008b100000| PB 0x000000008b100000| Complete 
|  14|0x000000008b200000, 0x000000008b300000, 0x000000008b300000|100%|HS|  |TAMS 0x000000008b200000| PB 0x000000008b200000| Complete 
|  15|0x000000008b300000, 0x000000008b400000, 0x000000008b400000|100%|HS|  |TAMS 0x000000008b300000| PB 0x000000008b300000| Complete 
|  16|0x000000008b400000, 0x000000008b500000, 0x000000008b500000|100%|HS|  |TAMS 0x000000008b400000| PB 0x000000008b400000| Complete 
|  17|0x000000008b500000, 0x000000008b600000, 0x000000008b600000|100%|HS|  |TAMS 0x000000008b500000| PB 0x000000008b500000| Complete 
|  18|0x000000008b600000, 0x000000008b700000, 0x000000008b700000|100%|HS|  |TAMS 0x000000008b600000| PB 0x000000008b600000| Complete 
|  19|0x000000008b700000, 0x000000008b800000, 0x000000008b800000|100%|HS|  |TAMS 0x000000008b700000| PB 0x000000008b700000| Complete 
|  20|0x000000008b800000, 0x000000008b900000, 0x000000008b900000|100%|HS|  |TAMS 0x000000008b800000| PB 0x000000008b800000| Complete 
|  21|0x000000008b900000, 0x000000008ba00000, 0x000000008ba00000|100%|HS|  |TAMS 0x000000008b900000| PB 0x000000008b900000| Complete 
|  22|0x000000008ba00000, 0x000000008bb00000, 0x000000008bb00000|100%|HS|  |TAMS 0x000000008ba00000| PB 0x000000008ba00000| Complete 
|  23|0x000000008bb00000, 0x000000008bc00000, 0x000000008bc00000|100%|HS|  |TAMS 0x000000008bb00000| PB 0x000000008bb00000| Complete 
|  24|0x000000008bc00000, 0x000000008bd00000, 0x000000008bd00000|100%|HS|  |TAMS 0x000000008bc00000| PB 0x000000008bc00000| Complete 
|  25|0x000000008bd00000, 0x000000008be00000, 0x000000008be00000|100%|HS|  |TAMS 0x000000008bd00000| PB 0x000000008bd00000| Complete 
|  26|0x000000008be00000, 0x000000008bf00000, 0x000000008bf00000|100%|HS|  |TAMS 0x000000008be00000| PB 0x000000008be00000| Complete 
|  27|0x000000008bf00000, 0x000000008c000000, 0x000000008c000000|100%|HS|  |TAMS 0x000000008bf00000| PB 0x000000008bf00000| Complete 
|  28|0x000000008c000000, 0x000000008c100000, 0x000000008c100000|100%|HS|  |TAMS 0x000000008c000000| PB 0x000000008c000000| Complete 
|  29|0x000000008c100000, 0x000000008c200000, 0x000000008c200000|100%|HS|  |TAMS 0x000000008c100000| PB 0x000000008c100000| Complete 
|  30|0x000000008c200000, 0x000000008c300000, 0x000000008c300000|100%|HS|  |TAMS 0x000000008c200000| PB 0x000000008c200000| Complete 
|  31|0x000000008c300000, 0x000000008c400000, 0x000000008c400000|100%|HS|  |TAMS 0x000000008c300000| PB 0x000000008c300000| Complete 
|  32|0x000000008c400000, 0x000000008c500000, 0x000000008c500000|100%|HS|  |TAMS 0x000000008c400000| PB 0x000000008c400000| Complete 
|  33|0x000000008c500000, 0x000000008c600000, 0x000000008c600000|100%|HS|  |TAMS 0x000000008c500000| PB 0x000000008c500000| Complete 
|  34|0x000000008c600000, 0x000000008c700000, 0x000000008c700000|100%|HS|  |TAMS 0x000000008c600000| PB 0x000000008c600000| Complete 
|  35|0x000000008c700000, 0x000000008c800000, 0x000000008c800000|100%|HS|  |TAMS 0x000000008c700000| PB 0x000000008c700000| Complete 
|  36|0x000000008c800000, 0x000000008c900000, 0x000000008c900000|100%|HS|  |TAMS 0x000000008c800000| PB 0x000000008c800000| Complete 
|  37|0x000000008c900000, 0x000000008ca00000, 0x000000008ca00000|100%|HS|  |TAMS 0x000000008c900000| PB 0x000000008c900000| Complete 
|  38|0x000000008ca00000, 0x000000008cb00000, 0x000000008cb00000|100%|HS|  |TAMS 0x000000008ca00000| PB 0x000000008ca00000| Complete 
|  39|0x000000008cb00000, 0x000000008cc00000, 0x000000008cc00000|100%|HS|  |TAMS 0x000000008cb00000| PB 0x000000008cb00000| Complete 
|  40|0x000000008cc00000, 0x000000008cd00000, 0x000000008cd00000|100%|HS|  |TAMS 0x000000008cc00000| PB 0x000000008cc00000| Complete 
|  41|0x000000008cd00000, 0x000000008ce00000, 0x000000008ce00000|100%|HS|  |TAMS 0x000000008cd00000| PB 0x000000008cd00000| Complete 
|  42|0x000000008ce00000, 0x000000008cf00000, 0x000000008cf00000|100%|HS|  |TAMS 0x000000008ce00000| PB 0x000000008ce00000| Complete 
|  43|0x000000008cf00000, 0x000000008d000000, 0x000000008d000000|100%|HS|  |TAMS 0x000000008cf00000| PB 0x000000008cf00000| Complete 
|  44|0x000000008d000000, 0x000000008d000000, 0x000000008d100000|  0%| F|  |TAMS 0x000000008d000000| PB 0x000000008d000000| Untracked 
|  45|0x000000008d100000, 0x000000008d200000, 0x000000008d200000|100%|HS|  |TAMS 0x000000008d100000| PB 0x000000008d100000| Complete 
|  46|0x000000008d200000, 0x000000008d200000, 0x000000008d300000|  0%| F|  |TAMS 0x000000008d200000| PB 0x000000008d200000| Untracked 
|  47|0x000000008d300000, 0x000000008d300000, 0x000000008d400000|  0%| F|  |TAMS 0x000000008d300000| PB 0x000000008d300000| Untracked 
|  48|0x000000008d400000, 0x000000008d500000, 0x000000008d500000|100%|HS|  |TAMS 0x000000008d400000| PB 0x000000008d400000| Complete 
|  49|0x000000008d500000, 0x000000008d600000, 0x000000008d600000|100%|HS|  |TAMS 0x000000008d500000| PB 0x000000008d500000| Complete 
|  50|0x000000008d600000, 0x000000008d600000, 0x000000008d700000|  0%| F|  |TAMS 0x000000008d600000| PB 0x000000008d600000| Untracked 
|  51|0x000000008d700000, 0x000000008d700000, 0x000000008d800000|  0%| F|  |TAMS 0x000000008d700000| PB 0x000000008d700000| Untracked 
|  52|0x000000008d800000, 0x000000008d800000, 0x000000008d900000|  0%| F|  |TAMS 0x000000008d800000| PB 0x000000008d800000| Untracked 
|  53|0x000000008d900000, 0x000000008d9314b8, 0x000000008da00000| 19%| O|  |TAMS 0x000000008d900000| PB 0x000000008d900000| Untracked 
|  54|0x000000008da00000, 0x000000008da00000, 0x000000008db00000|  0%| F|  |TAMS 0x000000008da00000| PB 0x000000008da00000| Untracked 
|  55|0x000000008db00000, 0x000000008db00000, 0x000000008dc00000|  0%| F|  |TAMS 0x000000008db00000| PB 0x000000008db00000| Untracked 
|  56|0x000000008dc00000, 0x000000008dc00000, 0x000000008dd00000|  0%| F|  |TAMS 0x000000008dc00000| PB 0x000000008dc00000| Untracked 
|  57|0x000000008dd00000, 0x000000008dd00000, 0x000000008de00000|  0%| F|  |TAMS 0x000000008dd00000| PB 0x000000008dd00000| Untracked 
|  58|0x000000008de00000, 0x000000008de00000, 0x000000008df00000|  0%| F|  |TAMS 0x000000008de00000| PB 0x000000008de00000| Untracked 
|  59|0x000000008df00000, 0x000000008df00000, 0x000000008e000000|  0%| F|  |TAMS 0x000000008df00000| PB 0x000000008df00000| Untracked 
|  60|0x000000008e000000, 0x000000008e000000, 0x000000008e100000|  0%| F|  |TAMS 0x000000008e000000| PB 0x000000008e000000| Untracked 
|  61|0x000000008e100000, 0x000000008e100000, 0x000000008e200000|  0%| F|  |TAMS 0x000000008e100000| PB 0x000000008e100000| Untracked 
|  62|0x000000008e200000, 0x000000008e200000, 0x000000008e300000|  0%| F|  |TAMS 0x000000008e200000| PB 0x000000008e200000| Untracked 
|  63|0x000000008e300000, 0x000000008e300000, 0x000000008e400000|  0%| F|  |TAMS 0x000000008e300000| PB 0x000000008e300000| Untracked 
|  64|0x000000008e400000, 0x000000008e400000, 0x000000008e500000|  0%| F|  |TAMS 0x000000008e400000| PB 0x000000008e400000| Untracked 
|  65|0x000000008e500000, 0x000000008e500000, 0x000000008e600000|  0%| F|  |TAMS 0x000000008e500000| PB 0x000000008e500000| Untracked 
|  66|0x000000008e600000, 0x000000008e600000, 0x000000008e700000|  0%| F|  |TAMS 0x000000008e600000| PB 0x000000008e600000| Untracked 
|  67|0x000000008e700000, 0x000000008e700000, 0x000000008e800000|  0%| F|  |TAMS 0x000000008e700000| PB 0x000000008e700000| Untracked 
|  68|0x000000008e800000, 0x000000008e800000, 0x000000008e900000|  0%| F|  |TAMS 0x000000008e800000| PB 0x000000008e800000| Untracked 
|  69|0x000000008e900000, 0x000000008e900000, 0x000000008ea00000|  0%| F|  |TAMS 0x000000008e900000| PB 0x000000008e900000| Untracked 
|  70|0x000000008ea00000, 0x000000008ea00000, 0x000000008eb00000|  0%| F|  |TAMS 0x000000008ea00000| PB 0x000000008ea00000| Untracked 
|  71|0x000000008eb00000, 0x000000008eb00000, 0x000000008ec00000|  0%| F|  |TAMS 0x000000008eb00000| PB 0x000000008eb00000| Untracked 
|  72|0x000000008ec00000, 0x000000008ec00000, 0x000000008ed00000|  0%| F|  |TAMS 0x000000008ec00000| PB 0x000000008ec00000| Untracked 
|  73|0x000000008ed00000, 0x000000008ed00000, 0x000000008ee00000|  0%| F|  |TAMS 0x000000008ed00000| PB 0x000000008ed00000| Untracked 
|  74|0x000000008ee00000, 0x000000008ee00000, 0x000000008ef00000|  0%| F|  |TAMS 0x000000008ee00000| PB 0x000000008ee00000| Untracked 
|  75|0x000000008ef00000, 0x000000008ef00000, 0x000000008f000000|  0%| F|  |TAMS 0x000000008ef00000| PB 0x000000008ef00000| Untracked 
|  76|0x000000008f000000, 0x000000008f000000, 0x000000008f100000|  0%| F|  |TAMS 0x000000008f000000| PB 0x000000008f000000| Untracked 
|  77|0x000000008f100000, 0x000000008f100000, 0x000000008f200000|  0%| F|  |TAMS 0x000000008f100000| PB 0x000000008f100000| Untracked 
|  78|0x000000008f200000, 0x000000008f200000, 0x000000008f300000|  0%| F|  |TAMS 0x000000008f200000| PB 0x000000008f200000| Untracked 
|  79|0x000000008f300000, 0x000000008f300000, 0x000000008f400000|  0%| F|  |TAMS 0x000000008f300000| PB 0x000000008f300000| Untracked 
|  80|0x000000008f400000, 0x000000008f400000, 0x000000008f500000|  0%| F|  |TAMS 0x000000008f400000| PB 0x000000008f400000| Untracked 
|  81|0x000000008f500000, 0x000000008f500000, 0x000000008f600000|  0%| F|  |TAMS 0x000000008f500000| PB 0x000000008f500000| Untracked 
|  82|0x000000008f600000, 0x000000008f700000, 0x000000008f700000|100%|HS|  |TAMS 0x000000008f600000| PB 0x000000008f600000| Complete 
|  83|0x000000008f700000, 0x000000008f700000, 0x000000008f800000|  0%| F|  |TAMS 0x000000008f700000| PB 0x000000008f700000| Untracked 
|  84|0x000000008f800000, 0x000000008f800000, 0x000000008f900000|  0%| F|  |TAMS 0x000000008f800000| PB 0x000000008f800000| Untracked 
|  85|0x000000008f900000, 0x000000008f900000, 0x000000008fa00000|  0%| F|  |TAMS 0x000000008f900000| PB 0x000000008f900000| Untracked 
|  86|0x000000008fa00000, 0x000000008fa00000, 0x000000008fb00000|  0%| F|  |TAMS 0x000000008fa00000| PB 0x000000008fa00000| Untracked 
|  87|0x000000008fb00000, 0x000000008fb00000, 0x000000008fc00000|  0%| F|  |TAMS 0x000000008fb00000| PB 0x000000008fb00000| Untracked 
|  88|0x000000008fc00000, 0x000000008fc00000, 0x000000008fd00000|  0%| F|  |TAMS 0x000000008fc00000| PB 0x000000008fc00000| Untracked 
|  89|0x000000008fd00000, 0x000000008fd00000, 0x000000008fe00000|  0%| F|  |TAMS 0x000000008fd00000| PB 0x000000008fd00000| Untracked 
|  90|0x000000008fe00000, 0x000000008fe00000, 0x000000008ff00000|  0%| F|  |TAMS 0x000000008fe00000| PB 0x000000008fe00000| Untracked 
|  91|0x000000008ff00000, 0x000000008ff00000, 0x0000000090000000|  0%| F|  |TAMS 0x000000008ff00000| PB 0x000000008ff00000| Untracked 
|  92|0x0000000090000000, 0x0000000090000000, 0x0000000090100000|  0%| F|  |TAMS 0x0000000090000000| PB 0x0000000090000000| Untracked 
|  93|0x0000000090100000, 0x0000000090100000, 0x0000000090200000|  0%| F|  |TAMS 0x0000000090100000| PB 0x0000000090100000| Untracked 
|  94|0x0000000090200000, 0x0000000090300000, 0x0000000090300000|100%|HS|  |TAMS 0x0000000090200000| PB 0x0000000090200000| Complete 
|  95|0x0000000090300000, 0x0000000090300000, 0x0000000090400000|  0%| F|  |TAMS 0x0000000090300000| PB 0x0000000090300000| Untracked 
|  96|0x0000000090400000, 0x0000000090400000, 0x0000000090500000|  0%| F|  |TAMS 0x0000000090400000| PB 0x0000000090400000| Untracked 
|  97|0x0000000090500000, 0x0000000090500000, 0x0000000090600000|  0%| F|  |TAMS 0x0000000090500000| PB 0x0000000090500000| Untracked 
|  98|0x0000000090600000, 0x0000000090600000, 0x0000000090700000|  0%| F|  |TAMS 0x0000000090600000| PB 0x0000000090600000| Untracked 
|  99|0x0000000090700000, 0x0000000090700000, 0x0000000090800000|  0%| F|  |TAMS 0x0000000090700000| PB 0x0000000090700000| Untracked 
| 100|0x0000000090800000, 0x0000000090800000, 0x0000000090900000|  0%| F|  |TAMS 0x0000000090800000| PB 0x0000000090800000| Untracked 
| 101|0x0000000090900000, 0x0000000090900000, 0x0000000090a00000|  0%| F|  |TAMS 0x0000000090900000| PB 0x0000000090900000| Untracked 
| 102|0x0000000090a00000, 0x0000000090a00000, 0x0000000090b00000|  0%| F|  |TAMS 0x0000000090a00000| PB 0x0000000090a00000| Untracked 
| 103|0x0000000090b00000, 0x0000000090b00000, 0x0000000090c00000|  0%| F|  |TAMS 0x0000000090b00000| PB 0x0000000090b00000| Untracked 
| 104|0x0000000090c00000, 0x0000000090c00000, 0x0000000090d00000|  0%| F|  |TAMS 0x0000000090c00000| PB 0x0000000090c00000| Untracked 
| 105|0x0000000090d00000, 0x0000000090d00000, 0x0000000090e00000|  0%| F|  |TAMS 0x0000000090d00000| PB 0x0000000090d00000| Untracked 
| 106|0x0000000090e00000, 0x0000000090e00000, 0x0000000090f00000|  0%| F|  |TAMS 0x0000000090e00000| PB 0x0000000090e00000| Untracked 
| 107|0x0000000090f00000, 0x0000000090f00000, 0x0000000091000000|  0%| F|  |TAMS 0x0000000090f00000| PB 0x0000000090f00000| Untracked 
| 108|0x0000000091000000, 0x0000000091000000, 0x0000000091100000|  0%| F|  |TAMS 0x0000000091000000| PB 0x0000000091000000| Untracked 
| 109|0x0000000091100000, 0x0000000091100000, 0x0000000091200000|  0%| F|  |TAMS 0x0000000091100000| PB 0x0000000091100000| Untracked 
| 110|0x0000000091200000, 0x0000000091200000, 0x0000000091300000|  0%| F|  |TAMS 0x0000000091200000| PB 0x0000000091200000| Untracked 
| 111|0x0000000091300000, 0x0000000091300000, 0x0000000091400000|  0%| F|  |TAMS 0x0000000091300000| PB 0x0000000091300000| Untracked 
| 112|0x0000000091400000, 0x0000000091400000, 0x0000000091500000|  0%| F|  |TAMS 0x0000000091400000| PB 0x0000000091400000| Untracked 
| 113|0x0000000091500000, 0x00000000915ae150, 0x0000000091600000| 68%| E|  |TAMS 0x0000000091500000| PB 0x0000000091500000| Complete 
| 114|0x0000000091600000, 0x0000000091700000, 0x0000000091700000|100%| E|CS|TAMS 0x0000000091600000| PB 0x0000000091600000| Complete 
| 115|0x0000000091700000, 0x0000000091800000, 0x0000000091800000|100%| E|CS|TAMS 0x0000000091700000| PB 0x0000000091700000| Complete 
| 116|0x0000000091800000, 0x0000000091900000, 0x0000000091900000|100%| E|CS|TAMS 0x0000000091800000| PB 0x0000000091800000| Complete 
| 117|0x0000000091900000, 0x0000000091a00000, 0x0000000091a00000|100%| E|CS|TAMS 0x0000000091900000| PB 0x0000000091900000| Complete 
| 118|0x0000000091a00000, 0x0000000091b00000, 0x0000000091b00000|100%| E|CS|TAMS 0x0000000091a00000| PB 0x0000000091a00000| Complete 
| 119|0x0000000091b00000, 0x0000000091b98730, 0x0000000091c00000| 59%| S|CS|TAMS 0x0000000091b00000| PB 0x0000000091b00000| Complete 
| 120|0x0000000091c00000, 0x0000000091d00000, 0x0000000091d00000|100%| S|CS|TAMS 0x0000000091c00000| PB 0x0000000091c00000| Complete 
| 121|0x0000000091d00000, 0x0000000091e00000, 0x0000000091e00000|100%| S|CS|TAMS 0x0000000091d00000| PB 0x0000000091d00000| Complete 
| 122|0x0000000091e00000, 0x0000000091f00000, 0x0000000091f00000|100%| E|CS|TAMS 0x0000000091e00000| PB 0x0000000091e00000| Complete 
| 123|0x0000000091f00000, 0x0000000092000000, 0x0000000092000000|100%| E|CS|TAMS 0x0000000091f00000| PB 0x0000000091f00000| Complete 
|1883|0x00000000fff00000, 0x0000000100000000, 0x0000000100000000|100%| O|  |TAMS 0x00000000fff00000| PB 0x00000000fff00000| Untracked 

Card table byte_map: [0x000001a0314c0000,0x000001a031870000] _byte_map_base: 0x000001a03106e000

Marking Bits: (CMBitMap*) 0x000001a0199d9520
 Bits: [0x000001a031870000, 0x000001a0335e0000)

Polling page: 0x000001a019150000

Metaspace:

Usage:
  Non-class:     22.44 MB used.
      Class:      2.22 MB used.
       Both:     24.67 MB used.

Virtual space:
  Non-class space:       64.00 MB reserved,      22.62 MB ( 35%) committed,  1 nodes.
      Class space:        1.00 GB reserved,       2.38 MB ( <1%) committed,  1 nodes.
             Both:        1.06 GB reserved,      25.00 MB (  2%) committed. 

Chunk freelists:
   Non-Class:  8.86 MB
       Class:  13.55 MB
        Both:  22.41 MB

MaxMetaspaceSize: unlimited
CompressedClassSpaceSize: 1.00 GB
Initial GC threshold: 21.00 MB
Current GC threshold: 35.25 MB
CDS: on
 - commit_granule_bytes: 65536.
 - commit_granule_words: 8192.
 - virtual_space_node_default_size: 8388608.
 - enlarge_chunks_in_place: 1.
 - use_allocation_guard: 0.


Internal statistics:

num_allocs_failed_limit: 3.
num_arena_births: 212.
num_arena_deaths: 0.
num_vsnodes_births: 2.
num_vsnodes_deaths: 0.
num_space_committed: 398.
num_space_uncommitted: 0.
num_chunks_returned_to_freelist: 3.
num_chunks_taken_from_freelist: 664.
num_chunk_merges: 3.
num_chunk_splits: 519.
num_chunks_enlarged: 407.
num_inconsistent_stats: 0.

CodeHeap 'non-profiled nmethods': size=120000Kb used=2167Kb max_used=2167Kb free=117833Kb
 bounds [0x000001a0298b0000, 0x000001a029b20000, 0x000001a030de0000]
CodeHeap 'profiled nmethods': size=120000Kb used=9650Kb max_used=9650Kb free=110349Kb
 bounds [0x000001a021de0000, 0x000001a022750000, 0x000001a029310000]
CodeHeap 'non-nmethods': size=5760Kb used=2565Kb max_used=2642Kb free=3194Kb
 bounds [0x000001a029310000, 0x000001a0295c0000, 0x000001a0298b0000]
 total_blobs=5703 nmethods=4325 adapters=1281
 compilation: enabled
              stopped_count=0, restarted_count=0
 full_count=0

Compilation events (20 events):
Event: 43.204 Thread 0x000001a035ff8dd0 4268   !   3       java.awt.Component::mixOnHiding (64 bytes)
Event: 43.205 Thread 0x000001a035ff8dd0 nmethod 4268 0x000001a022713510 code [0x000001a0227137a0, 0x000001a0227142b8]
Event: 43.212 Thread 0x000001a035ff8dd0 4269       3       sun.awt.image.SurfaceManager::setManager (9 bytes)
Event: 43.212 Thread 0x000001a035ff8dd0 nmethod 4269 0x000001a022714790 code [0x000001a022714940, 0x000001a022714af8]
Event: 43.212 Thread 0x000001a035ff8dd0 4270       3       java.awt.Image$1::setSurfaceManager (6 bytes)
Event: 43.212 Thread 0x000001a035ff8dd0 nmethod 4270 0x000001a022714c10 code [0x000001a022714dc0, 0x000001a022714f28]
Event: 43.510 Thread 0x000001a035ff8720 4271       4       javax.swing.JComponent::setFlag (34 bytes)
Event: 43.510 Thread 0x000001a035ff8dd0 4272       3       java.awt.Component::getNativeContainer (29 bytes)
Event: 43.511 Thread 0x000001a035ff8dd0 nmethod 4272 0x000001a022715010 code [0x000001a0227151e0, 0x000001a022715668]
Event: 43.511 Thread 0x000001a035ff8720 nmethod 4271 0x000001a029ac5f10 code [0x000001a029ac60a0, 0x000001a029ac6158]
Event: 43.601 Thread 0x000001a035ff8dd0 4273       1       java.awt.Dialog::getModalityType (5 bytes)
Event: 43.601 Thread 0x000001a035ff8dd0 nmethod 4273 0x000001a029ac6210 code [0x000001a029ac63a0, 0x000001a029ac6470]
Event: 43.615 Thread 0x000001a035ff8dd0 4274       3       java.awt.Component::getContainingWindow (5 bytes)
Event: 43.615 Thread 0x000001a035ff8dd0 nmethod 4274 0x000001a022715790 code [0x000001a022715960, 0x000001a022715e98]
Event: 43.617 Thread 0x000001a035ff8dd0 4275   !   3       java.awt.EventQueue::removeSourceEvents (316 bytes)
Event: 43.619 Thread 0x000001a035ff8dd0 nmethod 4275 0x000001a022716010 code [0x000001a022716380, 0x000001a022718128]
Event: 43.619 Thread 0x000001a035ff8dd0 4276   !   3       java.awt.Container::decreaseComponentCount (124 bytes)
Event: 43.620 Thread 0x000001a035ff8dd0 nmethod 4276 0x000001a022718b10 code [0x000001a022718d40, 0x000001a022719940]
Event: 43.625 Thread 0x000001a035ff8dd0 4277   !   3       javax.swing.plaf.basic.BasicHTML::updateRenderer (203 bytes)
Event: 43.628 Thread 0x000001a035ff8dd0 nmethod 4277 0x000001a022719d90 code [0x000001a02271a1c0, 0x000001a02271c110]

GC Heap History (20 events):
Event: 37.753 GC heap before
{Heap before GC invocations=10 (full 0):
 garbage-first heap   total 106496K, used 53134K [0x000000008a400000, 0x0000000100000000)
  region size 1024K, 8 young (8192K), 4 survivors (4096K)
 Metaspace       used 24777K, committed 25088K, reserved 1114112K
  class space    used 2273K, committed 2432K, reserved 1048576K
}
Event: 37.756 GC heap after
{Heap after GC invocations=11 (full 0):
 garbage-first heap   total 106496K, used 29378K [0x000000008a400000, 0x0000000100000000)
  region size 1024K, 4 young (4096K), 4 survivors (4096K)
 Metaspace       used 24777K, committed 25088K, reserved 1114112K
  class space    used 2273K, committed 2432K, reserved 1048576K
}
Event: 38.137 GC heap before
{Heap before GC invocations=11 (full 0):
 garbage-first heap   total 106496K, used 50882K [0x000000008a400000, 0x0000000100000000)
  region size 1024K, 6 young (6144K), 4 survivors (4096K)
 Metaspace       used 24790K, committed 25088K, reserved 1114112K
  class space    used 2273K, committed 2432K, reserved 1048576K
}
Event: 38.142 GC heap after
{Heap after GC invocations=12 (full 0):
 garbage-first heap   total 106496K, used 23111K [0x000000008a400000, 0x0000000100000000)
  region size 1024K, 4 young (4096K), 4 survivors (4096K)
 Metaspace       used 24790K, committed 25088K, reserved 1114112K
  class space    used 2273K, committed 2432K, reserved 1048576K
}
Event: 38.555 GC heap before
{Heap before GC invocations=12 (full 0):
 garbage-first heap   total 106496K, used 53831K [0x000000008a400000, 0x0000000100000000)
  region size 1024K, 9 young (9216K), 4 survivors (4096K)
 Metaspace       used 24837K, committed 25152K, reserved 1114112K
  class space    used 2273K, committed 2432K, reserved 1048576K
}
Event: 38.559 GC heap after
{Heap after GC invocations=13 (full 0):
 garbage-first heap   total 106496K, used 26507K [0x000000008a400000, 0x0000000100000000)
  region size 1024K, 4 young (4096K), 4 survivors (4096K)
 Metaspace       used 24837K, committed 25152K, reserved 1114112K
  class space    used 2273K, committed 2432K, reserved 1048576K
}
Event: 38.926 GC heap before
{Heap before GC invocations=13 (full 0):
 garbage-first heap   total 106496K, used 54155K [0x000000008a400000, 0x0000000100000000)
  region size 1024K, 9 young (9216K), 4 survivors (4096K)
 Metaspace       used 24842K, committed 25152K, reserved 1114112K
  class space    used 2273K, committed 2432K, reserved 1048576K
}
Event: 38.930 GC heap after
{Heap after GC invocations=14 (full 0):
 garbage-first heap   total 106496K, used 25495K [0x000000008a400000, 0x0000000100000000)
  region size 1024K, 4 young (4096K), 4 survivors (4096K)
 Metaspace       used 24842K, committed 25152K, reserved 1114112K
  class space    used 2273K, committed 2432K, reserved 1048576K
}
Event: 39.335 GC heap before
{Heap before GC invocations=14 (full 0):
 garbage-first heap   total 106496K, used 54167K [0x000000008a400000, 0x0000000100000000)
  region size 1024K, 9 young (9216K), 4 survivors (4096K)
 Metaspace       used 24877K, committed 25152K, reserved 1114112K
  class space    used 2273K, committed 2432K, reserved 1048576K
}
Event: 39.339 GC heap after
{Heap after GC invocations=15 (full 0):
 garbage-first heap   total 106496K, used 25493K [0x000000008a400000, 0x0000000100000000)
  region size 1024K, 4 young (4096K), 4 survivors (4096K)
 Metaspace       used 24877K, committed 25152K, reserved 1114112K
  class space    used 2273K, committed 2432K, reserved 1048576K
}
Event: 39.751 GC heap before
{Heap before GC invocations=15 (full 0):
 garbage-first heap   total 106496K, used 55189K [0x000000008a400000, 0x0000000100000000)
  region size 1024K, 10 young (10240K), 4 survivors (4096K)
 Metaspace       used 24908K, committed 25216K, reserved 1114112K
  class space    used 2273K, committed 2432K, reserved 1048576K
}
Event: 39.755 GC heap after
{Heap after GC invocations=16 (full 0):
 garbage-first heap   total 128000K, used 24467K [0x000000008a400000, 0x0000000100000000)
  region size 1024K, 4 young (4096K), 4 survivors (4096K)
 Metaspace       used 24908K, committed 25216K, reserved 1114112K
  class space    used 2273K, committed 2432K, reserved 1048576K
}
Event: 40.296 GC heap before
{Heap before GC invocations=16 (full 0):
 garbage-first heap   total 128000K, used 65427K [0x000000008a400000, 0x0000000100000000)
  region size 1024K, 10 young (10240K), 4 survivors (4096K)
 Metaspace       used 24944K, committed 25280K, reserved 1114112K
  class space    used 2273K, committed 2432K, reserved 1048576K
}
Event: 40.301 GC heap after
{Heap after GC invocations=17 (full 0):
 garbage-first heap   total 128000K, used 30705K [0x000000008a400000, 0x0000000100000000)
  region size 1024K, 4 young (4096K), 4 survivors (4096K)
 Metaspace       used 24944K, committed 25280K, reserved 1114112K
  class space    used 2273K, committed 2432K, reserved 1048576K
}
Event: 40.783 GC heap before
{Heap before GC invocations=17 (full 0):
 garbage-first heap   total 128000K, used 65521K [0x000000008a400000, 0x0000000100000000)
  region size 1024K, 10 young (10240K), 4 survivors (4096K)
 Metaspace       used 24990K, committed 25280K, reserved 1114112K
  class space    used 2273K, committed 2432K, reserved 1048576K
}
Event: 40.788 GC heap after
{Heap after GC invocations=18 (full 0):
 garbage-first heap   total 128000K, used 28870K [0x000000008a400000, 0x0000000100000000)
  region size 1024K, 4 young (4096K), 4 survivors (4096K)
 Metaspace       used 24990K, committed 25280K, reserved 1114112K
  class space    used 2273K, committed 2432K, reserved 1048576K
}
Event: 41.323 GC heap before
{Heap before GC invocations=18 (full 0):
 garbage-first heap   total 128000K, used 65734K [0x000000008a400000, 0x0000000100000000)
  region size 1024K, 10 young (10240K), 4 survivors (4096K)
 Metaspace       used 25050K, committed 25344K, reserved 1114112K
  class space    used 2275K, committed 2432K, reserved 1048576K
}
Event: 41.327 GC heap after
{Heap after GC invocations=19 (full 0):
 garbage-first heap   total 128000K, used 29881K [0x000000008a400000, 0x0000000100000000)
  region size 1024K, 4 young (4096K), 4 survivors (4096K)
 Metaspace       used 25050K, committed 25344K, reserved 1114112K
  class space    used 2275K, committed 2432K, reserved 1048576K
}
Event: 41.802 GC heap before
{Heap before GC invocations=19 (full 0):
 garbage-first heap   total 128000K, used 61625K [0x000000008a400000, 0x0000000100000000)
  region size 1024K, 6 young (6144K), 4 survivors (4096K)
 Metaspace       used 25056K, committed 25344K, reserved 1114112K
  class space    used 2275K, committed 2432K, reserved 1048576K
}
Event: 41.805 GC heap after
{Heap after GC invocations=20 (full 0):
 garbage-first heap   total 128000K, used 28454K [0x000000008a400000, 0x0000000100000000)
  region size 1024K, 3 young (3072K), 3 survivors (3072K)
 Metaspace       used 25056K, committed 25344K, reserved 1114112K
  class space    used 2275K, committed 2432K, reserved 1048576K
}

Dll operation events (20 events):
Event: 9.995 Loaded shared library C:\Users\jemcg\.javacpp\cache\opencv-windows-x86_64.jar\org\bytedeco\opencv\windows-x86_64\jniopencv_imgcodecs.dll
Event: 10.066 Loaded shared library C:\Users\jemcg\.javacpp\cache\opencv-windows-x86_64.jar\org\bytedeco\opencv\windows-x86_64\opencv_videoio470.dll
Event: 10.077 Loaded shared library C:\Users\jemcg\.javacpp\cache\opencv-windows-x86_64.jar\org\bytedeco\opencv\windows-x86_64\jniopencv_videoio.dll
Event: 10.114 Loaded shared library C:\Users\jemcg\.javacpp\cache\opencv-windows-x86_64.jar\org\bytedeco\opencv\windows-x86_64\opencv_highgui470.dll
Event: 10.120 Loaded shared library C:\Users\jemcg\.javacpp\cache\opencv-windows-x86_64.jar\org\bytedeco\opencv\windows-x86_64\jniopencv_highgui.dll
Event: 10.179 Loaded shared library C:\Users\jemcg\.javacpp\cache\opencv-windows-x86_64.jar\org\bytedeco\opencv\windows-x86_64\opencv_flann470.dll
Event: 10.186 Loaded shared library C:\Users\jemcg\.javacpp\cache\opencv-windows-x86_64.jar\org\bytedeco\opencv\windows-x86_64\jniopencv_flann.dll
Event: 10.222 Loaded shared library C:\Users\jemcg\.javacpp\cache\opencv-windows-x86_64.jar\org\bytedeco\opencv\windows-x86_64\opencv_features2d470.dll
Event: 10.230 Loaded shared library C:\Users\jemcg\.javacpp\cache\opencv-windows-x86_64.jar\org\bytedeco\opencv\windows-x86_64\jniopencv_features2d.dll
Event: 10.281 Loaded shared library C:\Users\jemcg\.javacpp\cache\opencv-windows-x86_64.jar\org\bytedeco\opencv\windows-x86_64\opencv_calib3d470.dll
Event: 10.290 Loaded shared library C:\Users\jemcg\.javacpp\cache\opencv-windows-x86_64.jar\org\bytedeco\opencv\windows-x86_64\jniopencv_calib3d.dll
Event: 10.324 Loaded shared library C:\Users\jemcg\.javacpp\cache\opencv-windows-x86_64.jar\org\bytedeco\opencv\windows-x86_64\opencv_dnn470.dll
Event: 10.333 Loaded shared library C:\Users\jemcg\.javacpp\cache\opencv-windows-x86_64.jar\org\bytedeco\opencv\windows-x86_64\jniopencv_dnn.dll
Event: 10.420 Loaded shared library C:\Users\jemcg\.javacpp\cache\opencv-windows-x86_64.jar\org\bytedeco\opencv\windows-x86_64\opencv_objdetect470.dll
Event: 10.435 Loaded shared library C:\Users\jemcg\.javacpp\cache\opencv-windows-x86_64.jar\org\bytedeco\opencv\windows-x86_64\jniopencv_objdetect.dll
Event: 10.596 Loaded shared library C:\Users\jemcg\.javacpp\cache\opencv-windows-x86_64.jar\org\bytedeco\opencv\windows-x86_64\opencv_photo470.dll
Event: 10.606 Loaded shared library C:\Users\jemcg\.javacpp\cache\opencv-windows-x86_64.jar\org\bytedeco\opencv\windows-x86_64\jniopencv_photo.dll
Event: 10.653 Loaded shared library C:\Users\jemcg\.javacpp\cache\opencv-windows-x86_64.jar\org\bytedeco\opencv\windows-x86_64\opencv_face470.dll
Event: 10.665 Loaded shared library C:\Users\jemcg\.javacpp\cache\opencv-windows-x86_64.jar\org\bytedeco\opencv\windows-x86_64\jniopencv_face.dll
Event: 18.039 Loaded shared library C:\Program Files\Java\jdk-21\bin\extnet.dll

Deoptimization events (20 events):
Event: 19.416 Thread 0x000001a002a44b80 DEOPT PACKING pc=0x000001a029915920 sp=0x000000412a1feac0
Event: 19.416 Thread 0x000001a002a44b80 DEOPT UNPACKING pc=0x000001a0293646a2 sp=0x000000412a1fe9e0 mode 2
Event: 19.416 Thread 0x000001a002a44b80 Uncommon trap: trap_request=0xffffff45 fr.pc=0x000001a0299167bc relative=0x000000000000017c
Event: 19.416 Thread 0x000001a002a44b80 Uncommon trap: reason=unstable_if action=reinterpret pc=0x000001a0299167bc method=java.util.zip.ZipCoder.hash(Ljava/lang/String;)I @ 23 c2
Event: 19.416 Thread 0x000001a002a44b80 DEOPT PACKING pc=0x000001a0299167bc sp=0x000000412a1fea50
Event: 19.416 Thread 0x000001a002a44b80 DEOPT UNPACKING pc=0x000001a0293646a2 sp=0x000000412a1fe9d8 mode 2
Event: 19.492 Thread 0x000001a003513940 Uncommon trap: trap_request=0xffffff45 fr.pc=0x000001a029a27210 relative=0x0000000000000070
Event: 19.492 Thread 0x000001a003513940 Uncommon trap: reason=unstable_if action=reinterpret pc=0x000001a029a27210 method=java.lang.ref.ReferenceQueue.poll()Ljava/lang/ref/Reference; @ 4 c2
Event: 19.492 Thread 0x000001a003513940 DEOPT PACKING pc=0x000001a029a27210 sp=0x000000412abfea10
Event: 19.492 Thread 0x000001a003513940 DEOPT UNPACKING pc=0x000001a0293646a2 sp=0x000000412abfe998 mode 2
Event: 35.491 Thread 0x000001a003518800 DEOPT PACKING pc=0x000001a022251368 sp=0x000000412aafe510
Event: 35.491 Thread 0x000001a003518800 DEOPT UNPACKING pc=0x000001a029364e42 sp=0x000000412aafd988 mode 0
Event: 40.494 Thread 0x000001a003515380 DEOPT PACKING pc=0x000001a02257c5a4 sp=0x0000004128dfebd0
Event: 40.494 Thread 0x000001a003515380 DEOPT UNPACKING pc=0x000001a029364e42 sp=0x0000004128dfe0c8 mode 0
Event: 40.789 Thread 0x000001a0035111e0 DEOPT PACKING pc=0x000001a0222db83d sp=0x000000412a9fe2b0
Event: 40.789 Thread 0x000001a0035111e0 DEOPT UNPACKING pc=0x000001a029364e42 sp=0x000000412a9fd830 mode 0
Event: 42.037 Thread 0x000001a003515a10 DEOPT PACKING pc=0x000001a0226a5e84 sp=0x0000004128ffef00
Event: 42.037 Thread 0x000001a003515a10 DEOPT UNPACKING pc=0x000001a029364e42 sp=0x0000004128ffe4a0 mode 0
Event: 42.038 Thread 0x000001a003515380 DEOPT PACKING pc=0x000001a0226a5e84 sp=0x0000004128dfed90
Event: 42.038 Thread 0x000001a003515380 DEOPT UNPACKING pc=0x000001a029364e42 sp=0x0000004128dfe330 mode 0

Classes loaded (20 events):
Event: 19.556 Loading class java/awt/WaitDispatchSupport
Event: 19.556 Loading class java/awt/SecondaryLoop
Event: 19.556 Loading class java/awt/SecondaryLoop done
Event: 19.556 Loading class java/awt/WaitDispatchSupport done
Event: 19.557 Loading class java/awt/WaitDispatchSupport$5
Event: 19.557 Loading class java/awt/WaitDispatchSupport$5 done
Event: 19.557 Loading class java/awt/WaitDispatchSupport$1
Event: 19.557 Loading class java/awt/WaitDispatchSupport$1 done
Event: 19.557 Loading class java/awt/WaitDispatchSupport$2
Event: 19.557 Loading class java/awt/WaitDispatchSupport$2 done
Event: 23.765 Loading class java/awt/EventQueue$1AWTInvocationLock
Event: 23.765 Loading class java/awt/EventQueue$1AWTInvocationLock done
Event: 26.725 Loading class java/awt/Canvas
Event: 26.726 Loading class java/awt/Canvas done
Event: 26.726 Loading class java/awt/Scrollbar
Event: 26.726 Loading class java/awt/Adjustable
Event: 26.726 Loading class java/awt/Adjustable done
Event: 26.726 Loading class java/awt/Scrollbar done
Event: 40.910 Loading class java/lang/foreign/MemorySegment
Event: 40.911 Loading class java/lang/foreign/MemorySegment done

Classes unloaded (0 events):
No events

Classes redefined (0 events):
No events

Internal exceptions (20 events):
Event: 0.837 Thread 0x000001a017759830 Exception <a 'java/lang/NoSuchMethodError'{0x0000000090f176f8}: 'java.lang.Object java.lang.invoke.DirectMethodHandle$Holder.invokeStatic(java.lang.Object, int, java.lang.Object)'> (0x0000000090f176f8) 
thrown [s\open\src\hotspot\share\interpreter\linkResolver.cpp, line 773]
Event: 0.885 Thread 0x000001a017759830 Exception <a 'java/lang/ClassNotFoundException'{0x0000000090fb6db8}: com/sun/swing/internal/plaf/metal/resources/spi/metalProvider> (0x0000000090fb6db8) 
thrown [s\open\src\hotspot\share\classfile\systemDictionary.cpp, line 312]
Event: 0.886 Thread 0x000001a017759830 Exception <a 'java/lang/ClassNotFoundException'{0x0000000090fbad18}: com/sun/swing/internal/plaf/basic/resources/spi/basicProvider> (0x0000000090fbad18) 
thrown [s\open\src\hotspot\share\classfile\systemDictionary.cpp, line 312]
Event: 0.906 Thread 0x000001a017759830 Exception <a 'java/lang/NoSuchMethodError'{0x0000000090fd9e10}: 'int java.lang.invoke.Invokers$Holder.invokeExact_MT(java.lang.Object, java.lang.Object)'> (0x0000000090fd9e10) 
thrown [s\open\src\hotspot\share\interpreter\linkResolver.cpp, line 773]
Event: 0.915 Thread 0x000001a017759830 Implicit null exception at 0x000001a0298ee48d to 0x000001a0298eeeb0
Event: 0.968 Thread 0x000001a036991990 Exception <a 'java/lang/NoSuchMethodError'{0x00000000910fad48}: 'void java.lang.invoke.DirectMethodHandle$Holder.invokeVirtual(java.lang.Object, java.lang.Object)'> (0x00000000910fad48) 
thrown [s\open\src\hotspot\share\interpreter\linkResolver.cpp, line 773]
Event: 0.993 Thread 0x000001a017759830 Exception <a 'java/lang/NoSuchMethodError'{0x0000000090e2c400}: 'void java.lang.invoke.DirectMethodHandle$Holder.invokeStaticInit(java.lang.Object)'> (0x0000000090e2c400) 
thrown [s\open\src\hotspot\share\interpreter\linkResolver.cpp, line 773]
Event: 7.991 Thread 0x000001a036bd21f0 Exception <a 'java/lang/NoSuchMethodError'{0x0000000090b917a0}: 'int java.lang.invoke.DirectMethodHandle$Holder.invokeStaticInit(java.lang.Object, java.lang.Object, java.lang.Object, java.lang.Object)'> (0x0000000090b917a0) 
thrown [s\open\src\hotspot\share\interpreter\linkResolver.cpp, line 773]
Event: 7.994 Thread 0x000001a036bd21f0 Exception <a 'java/lang/NoSuchMethodError'{0x0000000090b9a000}: 'java.lang.Object java.lang.invoke.DirectMethodHandle$Holder.invokeInterface(java.lang.Object, java.lang.Object)'> (0x0000000090b9a000) 
thrown [s\open\src\hotspot\share\interpreter\linkResolver.cpp, line 773]
Event: 7.995 Thread 0x000001a036bd21f0 Exception <a 'java/lang/IncompatibleClassChangeError'{0x0000000090b9d518}: Found class java.lang.Object, but interface was expected> (0x0000000090b9d518) 
thrown [s\open\src\hotspot\share\interpreter\linkResolver.cpp, line 840]
Event: 7.995 Thread 0x000001a036bd21f0 Exception <a 'java/lang/NoSuchMethodError'{0x0000000090b9ff60}: 'void java.lang.invoke.DirectMethodHandle$Holder.invokeStatic(java.lang.Object, java.lang.Object)'> (0x0000000090b9ff60) 
thrown [s\open\src\hotspot\share\interpreter\linkResolver.cpp, line 773]
Event: 7.996 Thread 0x000001a036bd21f0 Exception <a 'java/lang/NoSuchMethodError'{0x0000000090ba32c8}: 'void java.lang.invoke.DirectMethodHandle$Holder.invokeStaticInit(java.lang.Object, java.lang.Object)'> (0x0000000090ba32c8) 
thrown [s\open\src\hotspot\share\interpreter\linkResolver.cpp, line 773]
Event: 7.997 Thread 0x000001a036bd21f0 Exception <a 'java/lang/NoSuchMethodError'{0x0000000090ba8870}: 'int java.lang.invoke.DirectMethodHandle$Holder.invokeStaticInit(java.lang.Object, java.lang.Object)'> (0x0000000090ba8870) 
thrown [s\open\src\hotspot\share\interpreter\linkResolver.cpp, line 773]
Event: 15.935 Thread 0x000001a002a45210 Exception <a 'java/lang/NoSuchMethodError'{0x000000008f20a3b8}: 'java.lang.Object java.lang.invoke.DirectMethodHandle$Holder.invokeStaticInit(java.lang.Object, int, int, int, int)'> (0x000000008f20a3b8) 
thrown [s\open\src\hotspot\share\interpreter\linkResolver.cpp, line 773]
Event: 15.967 Thread 0x000001a002a45210 Exception <a 'java/lang/NoSuchMethodError'{0x000000008f27ef50}: 'java.lang.Object java.lang.invoke.DirectMethodHandle$Holder.invokeStaticInit(java.lang.Object, java.lang.Object, int, int, int, int)'> (0x000000008f27ef50) 
thrown [s\open\src\hotspot\share\interpreter\linkResolver.cpp, line 773]
Event: 17.880 Thread 0x000001a002a45f30 Exception <a 'java/lang/NoSuchMethodError'{0x00000000910329d0}: 'void java.lang.invoke.DirectMethodHandle$Holder.invokeStatic(java.lang.Object, java.lang.Object, java.lang.Object)'> (0x00000000910329d0) 
thrown [s\open\src\hotspot\share\interpreter\linkResolver.cpp, line 773]
Event: 17.883 Thread 0x000001a002a45f30 Exception <a 'java/lang/NoSuchMethodError'{0x000000009103b6b8}: 'java.lang.Object java.lang.invoke.DirectMethodHandle$Holder.invokeVirtual(java.lang.Object, java.lang.Object, java.lang.Object)'> (0x000000009103b6b8) 
thrown [s\open\src\hotspot\share\interpreter\linkResolver.cpp, line 773]
Event: 18.432 Thread 0x000001a002a45f30 Exception <a 'java/lang/NoSuchMethodError'{0x000000008e27e2e8}: 'void java.lang.invoke.DirectMethodHandle$Holder.invokeInterface(java.lang.Object, java.lang.Object)'> (0x000000008e27e2e8) 
thrown [s\open\src\hotspot\share\interpreter\linkResolver.cpp, line 773]
Event: 19.418 Thread 0x000001a003518800 Exception <a 'java/lang/NoSuchMethodError'{0x00000000918793c0}: 'java.lang.Object java.lang.invoke.DirectMethodHandle$Holder.newInvokeSpecial(java.lang.Object, java.lang.Object, java.lang.Object, int, int, int, int, int)'> (0x00000000918793c0) 
thrown [s\open\src\hotspot\share\interpreter\linkResolver.cpp, line 773]
Event: 19.555 Thread 0x000001a003513940 Exception <a 'java/lang/NoSuchMethodError'{0x0000000090b505b0}: 'int java.lang.invoke.DirectMethodHandle$Holder.invokeStatic(java.lang.Object)'> (0x0000000090b505b0) 
thrown [s\open\src\hotspot\share\interpreter\linkResolver.cpp, line 773]

ZGC Phase Switch (0 events):
No events

VM Operations (20 events):
Event: 38.555 Executing VM operation: G1TryInitiateConcMark (G1 Humongous Allocation)
Event: 38.559 Executing VM operation: G1TryInitiateConcMark (G1 Humongous Allocation) done
Event: 38.926 Executing VM operation: G1TryInitiateConcMark (G1 Humongous Allocation)
Event: 38.930 Executing VM operation: G1TryInitiateConcMark (G1 Humongous Allocation) done
Event: 39.334 Executing VM operation: G1TryInitiateConcMark (G1 Humongous Allocation)
Event: 39.339 Executing VM operation: G1TryInitiateConcMark (G1 Humongous Allocation) done
Event: 39.751 Executing VM operation: G1TryInitiateConcMark (G1 Humongous Allocation)
Event: 39.755 Executing VM operation: G1TryInitiateConcMark (G1 Humongous Allocation) done
Event: 40.296 Executing VM operation: G1TryInitiateConcMark (G1 Humongous Allocation)
Event: 40.301 Executing VM operation: G1TryInitiateConcMark (G1 Humongous Allocation) done
Event: 40.783 Executing VM operation: G1TryInitiateConcMark (G1 Humongous Allocation)
Event: 40.788 Executing VM operation: G1TryInitiateConcMark (G1 Humongous Allocation) done
Event: 41.323 Executing VM operation: G1TryInitiateConcMark (G1 Humongous Allocation)
Event: 41.327 Executing VM operation: G1TryInitiateConcMark (G1 Humongous Allocation) done
Event: 41.802 Executing VM operation: G1TryInitiateConcMark (G1 Humongous Allocation)
Event: 41.805 Executing VM operation: G1TryInitiateConcMark (G1 Humongous Allocation) done
Event: 42.815 Executing VM operation: Cleanup
Event: 42.815 Executing VM operation: Cleanup done
Event: 43.816 Executing VM operation: Cleanup
Event: 43.817 Executing VM operation: Cleanup done

Events (20 events):
Event: 18.254 Thread 0x000001a003512c20 Thread added: 0x000001a003512c20
Event: 18.325 Thread 0x000001a003511870 Thread added: 0x000001a003511870
Event: 18.671 Thread 0x000001a003198da0 Thread exited: 0x000001a003198da0
Event: 18.671 Thread 0x000001a0dffcb010 Thread exited: 0x000001a0dffcb010
Event: 19.405 Thread 0x000001a003518800 Thread added: 0x000001a003518800
Event: 24.426 Thread 0x000001a003518800 Thread exited: 0x000001a003518800
Event: 32.389 Thread 0x000001a003514660 Thread added: 0x000001a003514660
Event: 34.610 Thread 0x000001a003518800 Thread added: 0x000001a003518800
Event: 34.645 Thread 0x000001a0033f6d60 Thread added: 0x000001a0033f6d60
Event: 35.137 Thread 0x000001a0033f6d60 Thread exited: 0x000001a0033f6d60
Event: 36.470 Thread 0x000001a0035132b0 Thread added: 0x000001a0035132b0
Event: 36.726 Thread 0x000001a003513fd0 Thread added: 0x000001a003513fd0
Event: 36.726 Thread 0x000001a003514cf0 Thread added: 0x000001a003514cf0
Event: 36.727 Thread 0x000001a003513fd0 Thread exited: 0x000001a003513fd0
Event: 37.378 Thread 0x000001a003513fd0 Thread added: 0x000001a003513fd0
Event: 37.379 Thread 0x000001a0035160a0 Thread added: 0x000001a0035160a0
Event: 37.479 Thread 0x000001a003515380 Thread added: 0x000001a003515380
Event: 37.501 Thread 0x000001a003515a10 Thread added: 0x000001a003515a10
Event: 37.501 Thread 0x000001a003516730 Thread added: 0x000001a003516730
Event: 44.164 Thread 0x000001a003516dc0 Thread added: 0x000001a003516dc0


Dynamic libraries:
0x00007ff7e04f0000 - 0x00007ff7e0500000 	C:\Program Files\Java\jdk-21\bin\java.exe
0x00007ff8650d0000 - 0x00007ff8652e7000 	C:\WINDOWS\SYSTEM32\ntdll.dll
0x00007ff864580000 - 0x00007ff864644000 	C:\WINDOWS\System32\KERNEL32.DLL
0x00007ff862410000 - 0x00007ff8627b6000 	C:\WINDOWS\System32\KERNELBASE.dll
0x00007ff8629f0000 - 0x00007ff862b01000 	C:\WINDOWS\System32\ucrtbase.dll
0x00007ff8443e0000 - 0x00007ff8443f9000 	C:\Program Files\Java\jdk-21\bin\jli.dll
0x00007ff84cd70000 - 0x00007ff84cd8b000 	C:\Program Files\Java\jdk-21\bin\VCRUNTIME140.dll
0x00007ff863180000 - 0x00007ff863233000 	C:\WINDOWS\System32\ADVAPI32.dll
0x00007ff864ce0000 - 0x00007ff864d87000 	C:\WINDOWS\System32\msvcrt.dll
0x00007ff864650000 - 0x00007ff8646f8000 	C:\WINDOWS\System32\sechost.dll
0x00007ff862c20000 - 0x00007ff862c48000 	C:\WINDOWS\System32\bcrypt.dll
0x00007ff8641d0000 - 0x00007ff8642e7000 	C:\WINDOWS\System32\RPCRT4.dll
0x00007ff864e80000 - 0x00007ff86502e000 	C:\WINDOWS\System32\USER32.dll
0x00007ff862c50000 - 0x00007ff862c76000 	C:\WINDOWS\System32\win32u.dll
0x00007ff84d160000 - 0x00007ff84d3f3000 	C:\WINDOWS\WinSxS\amd64_microsoft.windows.common-controls_6595b64144ccf1df_6.0.22621.2506_none_270c5ae97388e100\COMCTL32.dll
0x00007ff862e40000 - 0x00007ff862e69000 	C:\WINDOWS\System32\GDI32.dll
0x00007ff862d00000 - 0x00007ff862e18000 	C:\WINDOWS\System32\gdi32full.dll
0x00007ff862b80000 - 0x00007ff862c1a000 	C:\WINDOWS\System32\msvcp_win.dll
0x00007ff8593c0000 - 0x00007ff8593ca000 	C:\WINDOWS\SYSTEM32\VERSION.dll
0x00007ff864d90000 - 0x00007ff864dc1000 	C:\WINDOWS\System32\IMM32.DLL
0x00007ff85e810000 - 0x00007ff85e81c000 	C:\Program Files\Java\jdk-21\bin\vcruntime140_1.dll
0x00007ff82e940000 - 0x00007ff82e9ce000 	C:\Program Files\Java\jdk-21\bin\msvcp140.dll
0x00007fffa64b0000 - 0x00007fffa71c5000 	C:\Program Files\Java\jdk-21\bin\server\jvm.dll
0x00007ff863630000 - 0x00007ff8636a1000 	C:\WINDOWS\System32\WS2_32.dll
0x00007ff862080000 - 0x00007ff8620cd000 	C:\WINDOWS\SYSTEM32\POWRPROF.dll
0x00007ff85a470000 - 0x00007ff85a4a4000 	C:\WINDOWS\SYSTEM32\WINMM.dll
0x00007ff861ec0000 - 0x00007ff861ed3000 	C:\WINDOWS\SYSTEM32\UMPDC.dll
0x00007ff861450000 - 0x00007ff861468000 	C:\WINDOWS\SYSTEM32\kernel.appcore.dll
0x00007ff85d370000 - 0x00007ff85d37a000 	C:\Program Files\Java\jdk-21\bin\jimage.dll
0x00007ff85fb90000 - 0x00007ff85fdc3000 	C:\WINDOWS\SYSTEM32\DBGHELP.DLL
0x00007ff863240000 - 0x00007ff8635c9000 	C:\WINDOWS\System32\combase.dll
0x00007ff8644a0000 - 0x00007ff864577000 	C:\WINDOWS\System32\OLEAUT32.dll
0x00007ff84f370000 - 0x00007ff84f3a2000 	C:\WINDOWS\SYSTEM32\dbgcore.DLL
0x00007ff862c80000 - 0x00007ff862cfa000 	C:\WINDOWS\System32\bcryptPrimitives.dll
0x00007ff84cd50000 - 0x00007ff84cd6f000 	C:\Program Files\Java\jdk-21\bin\java.dll
0x00007ff863800000 - 0x00007ff86405b000 	C:\WINDOWS\System32\SHELL32.dll
0x00007ff860370000 - 0x00007ff860c66000 	C:\WINDOWS\SYSTEM32\windows.storage.dll
0x00007ff860230000 - 0x00007ff86036e000 	C:\WINDOWS\SYSTEM32\wintypes.dll
0x00007ff862ec0000 - 0x00007ff862fb3000 	C:\WINDOWS\System32\SHCORE.dll
0x00007ff865030000 - 0x00007ff86508e000 	C:\WINDOWS\System32\shlwapi.dll
0x00007ff862340000 - 0x00007ff862366000 	C:\WINDOWS\SYSTEM32\profapi.dll
0x00007ff835f70000 - 0x00007ff836047000 	C:\Program Files\Java\jdk-21\bin\jsvml.dll
0x00007ff85ca90000 - 0x00007ff85caa0000 	C:\Program Files\Java\jdk-21\bin\net.dll
0x00007ff85c8c0000 - 0x00007ff85c9f7000 	C:\WINDOWS\SYSTEM32\WINHTTP.dll
0x00007ff861940000 - 0x00007ff8619a9000 	C:\WINDOWS\system32\mswsock.dll
0x00007ff843e50000 - 0x00007ff843e66000 	C:\Program Files\Java\jdk-21\bin\nio.dll
0x00007ff841140000 - 0x00007ff841158000 	C:\Program Files\Java\jdk-21\bin\zip.dll
0x00007ff8252a0000 - 0x00007ff82542f000 	C:\Program Files\Java\jdk-21\bin\awt.dll
0x00007ff85f270000 - 0x00007ff85f307000 	C:\WINDOWS\SYSTEM32\apphelp.dll
0x00007ff85f670000 - 0x00007ff85f69b000 	C:\WINDOWS\system32\DWMAPI.DLL
0x00007ff85f400000 - 0x00007ff85f4ab000 	C:\WINDOWS\system32\uxtheme.dll
0x00007ff81ea20000 - 0x00007ff81eb20000 	C:\WINDOWS\system32\opengl32.dll
0x00007ff83d320000 - 0x00007ff83d34d000 	C:\WINDOWS\SYSTEM32\GLU32.dll
0x00007ff85f520000 - 0x00007ff85f559000 	C:\WINDOWS\SYSTEM32\dxcore.dll
0x00007ff864700000 - 0x00007ff864851000 	C:\WINDOWS\System32\MSCTF.dll
0x00007ff864300000 - 0x00007ff8644a0000 	C:\WINDOWS\System32\ole32.dll
0x00007ff80c690000 - 0x00007ff80c839000 	C:\WINDOWS\system32\d3d9.dll
0x00007ff8593d0000 - 0x00007ff8595ab000 	C:\WINDOWS\System32\DriverStore\FileRepository\u0364120.inf_amd64_636d39f1d2b33111\B364017\aticfx64.dll
0x00007ff844360000 - 0x00007ff844393000 	C:\WINDOWS\System32\DriverStore\FileRepository\u0364120.inf_amd64_636d39f1d2b33111\B364017\atiu9p64.dll
0x00007fffa4810000 - 0x00007fffa551c000 	C:\WINDOWS\System32\DriverStore\FileRepository\u0364120.inf_amd64_636d39f1d2b33111\B364017\atiumd64.dll
0x00000000640e0000 - 0x0000000064f9e000 	C:\WINDOWS\System32\DriverStore\FileRepository\u0364120.inf_amd64_636d39f1d2b33111\B364017\atiumd6a.dll
0x00007ff8572e0000 - 0x00007ff85730f000 	C:\WINDOWS\SYSTEM32\amdihk64.dll
0x00007ff85c750000 - 0x00007ff85c79a000 	C:\WINDOWS\SYSTEM32\directxdatabasehelper.dll
0x00007ff829b40000 - 0x00007ff829bc7000 	C:\Program Files\Java\jdk-21\bin\freetype.dll
0x00007ff816ca0000 - 0x00007ff816d73000 	C:\Program Files\Java\jdk-21\bin\fontmanager.dll
0x00007ff864dd0000 - 0x00007ff864e80000 	C:\WINDOWS\System32\clbcatq.dll
0x00007ff85db80000 - 0x00007ff85dd30000 	C:\WINDOWS\SYSTEM32\WindowsCodecs.dll
0x00007ff83c6b0000 - 0x00007ff83c70e000 	C:\WINDOWS\system32\dataexchange.dll
0x00007ff85a020000 - 0x00007ff85a2a7000 	C:\WINDOWS\system32\twinapi.appcore.dll
0x00007ff854690000 - 0x00007ff8547da000 	C:\WINDOWS\SYSTEM32\textinputframework.dll
0x00007ff85ef90000 - 0x00007ff85f0c4000 	C:\WINDOWS\SYSTEM32\CoreMessaging.dll
0x00007ff85bcf0000 - 0x00007ff85c05c000 	C:\WINDOWS\SYSTEM32\CoreUIComponents.dll
0x00007ff861bb0000 - 0x00007ff861bbc000 	C:\WINDOWS\SYSTEM32\CRYPTBASE.DLL
0x000001a07c330000 - 0x000001a07c334000 	C:\Users\jemcg\.javacpp\cache\javacpp-windows-x86_64.jar\org\bytedeco\javacpp\windows-x86_64\api-ms-win-crt-locale-l1-1-0.dll
0x000001a07c340000 - 0x000001a07c345000 	C:\Users\jemcg\.javacpp\cache\javacpp-windows-x86_64.jar\org\bytedeco\javacpp\windows-x86_64\api-ms-win-crt-string-l1-1-0.dll
0x000001a07c350000 - 0x000001a07c355000 	C:\Users\jemcg\.javacpp\cache\javacpp-windows-x86_64.jar\org\bytedeco\javacpp\windows-x86_64\api-ms-win-crt-stdio-l1-1-0.dll
0x000001a07c360000 - 0x000001a07c366000 	C:\Users\jemcg\.javacpp\cache\javacpp-windows-x86_64.jar\org\bytedeco\javacpp\windows-x86_64\api-ms-win-crt-math-l1-1-0.dll
0x000001a07c370000 - 0x000001a07c374000 	C:\Users\jemcg\.javacpp\cache\javacpp-windows-x86_64.jar\org\bytedeco\javacpp\windows-x86_64\api-ms-win-crt-heap-l1-1-0.dll
0x000001a07c380000 - 0x000001a07c385000 	C:\Users\jemcg\.javacpp\cache\javacpp-windows-x86_64.jar\org\bytedeco\javacpp\windows-x86_64\api-ms-win-crt-runtime-l1-1-0.dll
0x000001a07c390000 - 0x000001a07c395000 	C:\Users\jemcg\.javacpp\cache\javacpp-windows-x86_64.jar\org\bytedeco\javacpp\windows-x86_64\api-ms-win-crt-convert-l1-1-0.dll
0x000001a07eb00000 - 0x000001a07eb04000 	C:\Users\jemcg\.javacpp\cache\javacpp-windows-x86_64.jar\org\bytedeco\javacpp\windows-x86_64\api-ms-win-crt-environment-l1-1-0.dll
0x000001a07eb10000 - 0x000001a07eb14000 	C:\Users\jemcg\.javacpp\cache\javacpp-windows-x86_64.jar\org\bytedeco\javacpp\windows-x86_64\api-ms-win-crt-time-l1-1-0.dll
0x000001a07eb20000 - 0x000001a07eb24000 	C:\Users\jemcg\.javacpp\cache\javacpp-windows-x86_64.jar\org\bytedeco\javacpp\windows-x86_64\api-ms-win-crt-filesystem-l1-1-0.dll
0x000001a07eb30000 - 0x000001a07eb34000 	C:\Users\jemcg\.javacpp\cache\javacpp-windows-x86_64.jar\org\bytedeco\javacpp\windows-x86_64\api-ms-win-crt-utility-l1-1-0.dll
0x000001a07eb40000 - 0x000001a07eb46000 	C:\Users\jemcg\.javacpp\cache\javacpp-windows-x86_64.jar\org\bytedeco\javacpp\windows-x86_64\api-ms-win-crt-multibyte-l1-1-0.dll
0x000001a07eb50000 - 0x000001a07eb54000 	C:\Users\jemcg\.javacpp\cache\javacpp-windows-x86_64.jar\org\bytedeco\javacpp\windows-x86_64\api-ms-win-crt-conio-l1-1-0.dll
0x000001a07eb60000 - 0x000001a07eb71000 	C:\Users\jemcg\.javacpp\cache\javacpp-windows-x86_64.jar\org\bytedeco\javacpp\windows-x86_64\api-ms-win-crt-private-l1-1-0.dll
0x000001a07eb80000 - 0x000001a07eb84000 	C:\Users\jemcg\.javacpp\cache\javacpp-windows-x86_64.jar\org\bytedeco\javacpp\windows-x86_64\api-ms-win-crt-process-l1-1-0.dll
0x000001a07eb90000 - 0x000001a07eb94000 	C:\Users\jemcg\.javacpp\cache\javacpp-windows-x86_64.jar\org\bytedeco\javacpp\windows-x86_64\api-ms-win-core-console-l1-2-0.dll
0x000001a07eba0000 - 0x000001a07eba4000 	C:\Users\jemcg\.javacpp\cache\javacpp-windows-x86_64.jar\org\bytedeco\javacpp\windows-x86_64\api-ms-win-core-string-l1-1-0.dll
0x000001a07ebb0000 - 0x000001a07ebb4000 	C:\Users\jemcg\.javacpp\cache\javacpp-windows-x86_64.jar\org\bytedeco\javacpp\windows-x86_64\api-ms-win-core-errorhandling-l1-1-0.dll
0x000001a07ebc0000 - 0x000001a07ebc4000 	C:\Users\jemcg\.javacpp\cache\javacpp-windows-x86_64.jar\org\bytedeco\javacpp\windows-x86_64\api-ms-win-core-timezone-l1-1-0.dll
0x000001a07ebd0000 - 0x000001a07ebd5000 	C:\Users\jemcg\.javacpp\cache\javacpp-windows-x86_64.jar\org\bytedeco\javacpp\windows-x86_64\api-ms-win-core-file-l1-1-0.dll
0x000001a07ebe0000 - 0x000001a07ebe4000 	C:\Users\jemcg\.javacpp\cache\javacpp-windows-x86_64.jar\org\bytedeco\javacpp\windows-x86_64\api-ms-win-core-namedpipe-l1-1-0.dll
0x000001a07ebf0000 - 0x000001a07ebf4000 	C:\Users\jemcg\.javacpp\cache\javacpp-windows-x86_64.jar\org\bytedeco\javacpp\windows-x86_64\api-ms-win-core-handle-l1-1-0.dll
0x000001a07ec00000 - 0x000001a07ec04000 	C:\Users\jemcg\.javacpp\cache\javacpp-windows-x86_64.jar\org\bytedeco\javacpp\windows-x86_64\api-ms-win-core-file-l2-1-0.dll
0x000001a07ec10000 - 0x000001a07ec14000 	C:\Users\jemcg\.javacpp\cache\javacpp-windows-x86_64.jar\org\bytedeco\javacpp\windows-x86_64\api-ms-win-core-heap-l1-1-0.dll
0x000001a07ec20000 - 0x000001a07ec24000 	C:\Users\jemcg\.javacpp\cache\javacpp-windows-x86_64.jar\org\bytedeco\javacpp\windows-x86_64\api-ms-win-core-libraryloader-l1-1-0.dll
0x000001a07ec30000 - 0x000001a07ec34000 	C:\Users\jemcg\.javacpp\cache\javacpp-windows-x86_64.jar\org\bytedeco\javacpp\windows-x86_64\api-ms-win-core-synch-l1-1-0.dll
0x000001a07ec40000 - 0x000001a07ec44000 	C:\Users\jemcg\.javacpp\cache\javacpp-windows-x86_64.jar\org\bytedeco\javacpp\windows-x86_64\api-ms-win-core-processthreads-l1-1-0.dll
0x000001a07ec50000 - 0x000001a07ec54000 	C:\Users\jemcg\.javacpp\cache\javacpp-windows-x86_64.jar\org\bytedeco\javacpp\windows-x86_64\api-ms-win-core-processenvironment-l1-1-0.dll
0x000001a07ec60000 - 0x000001a07ec64000 	C:\Users\jemcg\.javacpp\cache\javacpp-windows-x86_64.jar\org\bytedeco\javacpp\windows-x86_64\api-ms-win-core-datetime-l1-1-0.dll
0x000001a07ec70000 - 0x000001a07ec74000 	C:\Users\jemcg\.javacpp\cache\javacpp-windows-x86_64.jar\org\bytedeco\javacpp\windows-x86_64\api-ms-win-core-localization-l1-2-0.dll
0x000001a07ec80000 - 0x000001a07ec84000 	C:\Users\jemcg\.javacpp\cache\javacpp-windows-x86_64.jar\org\bytedeco\javacpp\windows-x86_64\api-ms-win-core-sysinfo-l1-1-0.dll
0x000001a07ec90000 - 0x000001a07ec94000 	C:\Users\jemcg\.javacpp\cache\javacpp-windows-x86_64.jar\org\bytedeco\javacpp\windows-x86_64\api-ms-win-core-synch-l1-2-0.dll
0x000001a07eca0000 - 0x000001a07eca4000 	C:\Users\jemcg\.javacpp\cache\javacpp-windows-x86_64.jar\org\bytedeco\javacpp\windows-x86_64\api-ms-win-core-console-l1-1-0.dll
0x000001a07ecb0000 - 0x000001a07ecb4000 	C:\Users\jemcg\.javacpp\cache\javacpp-windows-x86_64.jar\org\bytedeco\javacpp\windows-x86_64\api-ms-win-core-debug-l1-1-0.dll
0x000001a07ecc0000 - 0x000001a07ecc4000 	C:\Users\jemcg\.javacpp\cache\javacpp-windows-x86_64.jar\org\bytedeco\javacpp\windows-x86_64\api-ms-win-core-rtlsupport-l1-1-0.dll
0x000001a07ecd0000 - 0x000001a07ecd4000 	C:\Users\jemcg\.javacpp\cache\javacpp-windows-x86_64.jar\org\bytedeco\javacpp\windows-x86_64\api-ms-win-core-processthreads-l1-1-1.dll
0x000001a07ece0000 - 0x000001a07ece4000 	C:\Users\jemcg\.javacpp\cache\javacpp-windows-x86_64.jar\org\bytedeco\javacpp\windows-x86_64\api-ms-win-core-file-l1-2-0.dll
0x000001a07ecf0000 - 0x000001a07ecf4000 	C:\Users\jemcg\.javacpp\cache\javacpp-windows-x86_64.jar\org\bytedeco\javacpp\windows-x86_64\api-ms-win-core-profile-l1-1-0.dll
0x000001a07ed00000 - 0x000001a07ed04000 	C:\Users\jemcg\.javacpp\cache\javacpp-windows-x86_64.jar\org\bytedeco\javacpp\windows-x86_64\api-ms-win-core-memory-l1-1-0.dll
0x000001a07ed10000 - 0x000001a07ed14000 	C:\Users\jemcg\.javacpp\cache\javacpp-windows-x86_64.jar\org\bytedeco\javacpp\windows-x86_64\api-ms-win-core-util-l1-1-0.dll
0x000001a07ed20000 - 0x000001a07ed24000 	C:\Users\jemcg\.javacpp\cache\javacpp-windows-x86_64.jar\org\bytedeco\javacpp\windows-x86_64\api-ms-win-core-interlocked-l1-1-0.dll
0x00007ff832b30000 - 0x00007ff832c41000 	C:\Users\jemcg\.javacpp\cache\javacpp-windows-x86_64.jar\org\bytedeco\javacpp\windows-x86_64\ucrtbase.dll
0x00007ff844340000 - 0x00007ff84435b000 	C:\Users\jemcg\.javacpp\cache\javacpp-windows-x86_64.jar\org\bytedeco\javacpp\windows-x86_64\vcruntime140.dll
0x00007ff85ca80000 - 0x00007ff85ca8c000 	C:\Users\jemcg\.javacpp\cache\javacpp-windows-x86_64.jar\org\bytedeco\javacpp\windows-x86_64\vcruntime140_1.dll
0x00007ff832aa0000 - 0x00007ff832b2d000 	C:\Users\jemcg\.javacpp\cache\javacpp-windows-x86_64.jar\org\bytedeco\javacpp\windows-x86_64\msvcp140.dll
0x00007ff84cda0000 - 0x00007ff84cda9000 	C:\Users\jemcg\.javacpp\cache\javacpp-windows-x86_64.jar\org\bytedeco\javacpp\windows-x86_64\msvcp140_1.dll
0x00007ff832a50000 - 0x00007ff832a9e000 	C:\Users\jemcg\.javacpp\cache\javacpp-windows-x86_64.jar\org\bytedeco\javacpp\windows-x86_64\concrt140.dll
0x00007ff832a10000 - 0x00007ff832a41000 	C:\Users\jemcg\.javacpp\cache\javacpp-windows-x86_64.jar\org\bytedeco\javacpp\windows-x86_64\vcomp140.dll
0x00007ff844330000 - 0x00007ff84433f000 	C:\Users\jemcg\.javacpp\cache\javacpp-windows-x86_64.jar\org\bytedeco\javacpp\windows-x86_64\jnijavacpp.dll
0x00007fffa2ad0000 - 0x00007fffa4810000 	C:\Users\jemcg\.javacpp\cache\openblas-windows-x86_64.jar\org\bytedeco\openblas\windows-x86_64\libopenblas_nolapack.dll
0x00007ff832570000 - 0x00007ff8325cf000 	C:\Users\jemcg\.javacpp\cache\openblas-windows-x86_64.jar\org\bytedeco\openblas\windows-x86_64\jniopenblas_nolapack.dll
0x00007fffa0d90000 - 0x00007fffa2ad0000 	C:\Users\jemcg\.javacpp\cache\openblas-windows-x86_64.jar\org\bytedeco\openblas\windows-x86_64\libopenblas.dll
0x00007fff9f9a0000 - 0x00007fffa0d83000 	C:\Users\jemcg\.javacpp\cache\openblas-windows-x86_64.jar\org\bytedeco\openblas\windows-x86_64\jniopenblas.dll
0x00007fff9f4e0000 - 0x00007fff9f997000 	C:\Users\jemcg\.javacpp\cache\opencv-windows-x86_64.jar\org\bytedeco\opencv\windows-x86_64\opencv_core470.dll
0x00007fff9ed60000 - 0x00007fff9f4dd000 	C:\Users\jemcg\.javacpp\cache\opencv-windows-x86_64.jar\org\bytedeco\opencv\windows-x86_64\opencv_imgproc470.dll

dbghelp: loaded successfully - version: 4.0.5 - missing functions: none
symbol engine: initialized successfully - sym options: 0x614 - pdb path: .;C:\Program Files\Java\jdk-21\bin;C:\WINDOWS\SYSTEM32;C:\WINDOWS\WinSxS\amd64_microsoft.windows.common-controls_6595b64144ccf1df_6.0.22621.2506_none_270c5ae97388e100;C:\Program Files\Java\jdk-21\bin\server;C:\WINDOWS\System32\DriverStore\FileRepository\u0364120.inf_amd64_636d39f1d2b33111\B364017;C:\Users\jemcg\.javacpp\cache\javacpp-windows-x86_64.jar\org\bytedeco\javacpp\windows-x86_64;C:\Users\jemcg\.javacpp\cache\openblas-windows-x86_64.jar\org\bytedeco\openblas\windows-x86_64;C:\Users\jemcg\.javacpp\cache\opencv-windows-x86_64.jar\org\bytedeco\opencv\windows-x86_64

VM Arguments:
jvm_args: -Dfile.encoding=UTF-8 --module-path=C:\Users\jemcg\Documents\NetBeansProjects\Prototype\build\classes 
java_command: prototype.Prototype
java_class_path (initial): C:\Users\jemcg\Downloads\javacv-platform-1.5.9-bin\javacv-platform-1.5.9-bin\ffmpeg-platform.jar;C:\Users\jemcg\Downloads\javacv-platform-1.5.9-bin\javacv-platform-1.5.9-bin\ffmpeg-windows-x86_64.jar;C:\Users\jemcg\Downloads\javacv-platform-1.5.9-bin\javacv-platform-1.5.9-bin\ffmpeg.jar;C:\Users\jemcg\Downloads\javacv-platform-1.5.9-bin\javacv-platform-1.5.9-bin\javacpp.jar;C:\Users\jemcg\Downloads\javacv-platform-1.5.9-bin\javacv-platform-1.5.9-bin\javacv-platform.jar;C:\Users\jemcg\Downloads\javacv-platform-1.5.9-bin\javacv-platform-1.5.9-bin\javacv.jar;C:\Users\jemcg\Downloads\javacv-platform-1.5.9-bin\javacv-platform-1.5.9-bin\opencv-platform.jar;C:\Users\jemcg\Downloads\javacv-platform-1.5.9-bin\javacv-platform-1.5.9-bin\opencv-windows-x86_64.jar;C:\Users\jemcg\Downloads\javacv-platform-1.5.9-bin\javacv-platform-1.5.9-bin\opencv.jar;C:\Users\jemcg\Downloads\mysql-connector-j-8.2.0\mysql-connector-j-8.2.0\mysql-connector-j-8.2.0.jar;C:\Users\jemcg\Documents\NetBeansProjects\Prototype\build\classes
Launcher Type: SUN_STANDARD

[Global flags]
     intx CICompilerCount                          = 4                                         {product} {ergonomic}
     uint ConcGCThreads                            = 2                                         {product} {ergonomic}
     uint G1ConcRefinementThreads                  = 8                                         {product} {ergonomic}
   size_t G1HeapRegionSize                         = 1048576                                   {product} {ergonomic}
    uintx GCDrainStackTargetSize                   = 64                                        {product} {ergonomic}
   size_t InitialHeapSize                          = 123731968                                 {product} {ergonomic}
   size_t MarkStackSize                            = 4194304                                   {product} {ergonomic}
   size_t MaxHeapSize                              = 1975517184                                {product} {ergonomic}
   size_t MaxNewSize                               = 1184890880                                {product} {ergonomic}
   size_t MinHeapDeltaBytes                        = 1048576                                   {product} {ergonomic}
   size_t MinHeapSize                              = 8388608                                   {product} {ergonomic}
    uintx NonNMethodCodeHeapSize                   = 5839372                                {pd product} {ergonomic}
    uintx NonProfiledCodeHeapSize                  = 122909434                              {pd product} {ergonomic}
    uintx ProfiledCodeHeapSize                     = 122909434                              {pd product} {ergonomic}
    uintx ReservedCodeCacheSize                    = 251658240                              {pd product} {ergonomic}
     bool SegmentedCodeCache                       = true                                      {product} {ergonomic}
   size_t SoftMaxHeapSize                          = 1975517184                             {manageable} {ergonomic}
     bool UseCompressedOops                        = true                           {product lp64_product} {ergonomic}
     bool UseG1GC                                  = true                                      {product} {ergonomic}
     bool UseLargePagesIndividualAllocation        = false                                  {pd product} {ergonomic}

Logging:
Log output configuration:
 #0: stdout all=warning uptime,level,tags foldmultilines=false
 #1: stderr all=off uptime,level,tags foldmultilines=false

Environment Variables:
PATH=C:\Program Files\Common Files\Oracle\Java\javapath;C:\Program Files (x86)\Common Files\Oracle\Java\javapath;C:\WINDOWS\system32;C:\WINDOWS;C:\WINDOWS\System32\Wbem;C:\WINDOWS\System32\WindowsPowerShell\v1.0\;C:\WINDOWS\System32\OpenSSH\;C:\Program Files\dotnet\;C:\Users\jemcg\AppData\Local\Microsoft\WindowsApps;C:\Program Files (x86)\Brackets\;C:\Users\jemcg\.dotnet\tools;C:\Users\jemcg\AppData\Local\Programs\Microsoft VS Code\bin
USERNAME=jemcg
OS=Windows_NT
PROCESSOR_IDENTIFIER=AMD64 Family 23 Model 104 Stepping 1, AuthenticAMD
TMP=C:\Users\jemcg\AppData\Local\Temp
TEMP=C:\Users\jemcg\AppData\Local\Temp




Periodic native trim disabled

---------------  S Y S T E M  ---------------

OS:
 Windows 11 , 64 bit Build 22621 (10.0.22621.3085)
OS uptime: 0 days 4:53 hours

CPU: total 8 (initial active 8) (8 cores per cpu, 2 threads per core) family 23 model 104 stepping 1 microcode 0x0, cx8, cmov, fxsr, ht, mmx, 3dnowpref, sse, sse2, sse3, ssse3, sse4a, sse4.1, sse4.2, popcnt, lzcnt, tsc, tscinvbit, avx, avx2, aes, clmul, bmi1, bmi2, adx, sha, fma, vzeroupper, clflush, clflushopt, rdtscp, rdpid, f16c
Processor Information for all 8 processors :
  Max Mhz: 2600, Current Mhz: 1896, Mhz Limit: 2600

Memory: 4k page, system-wide physical 7531M (624M free)
TotalPageFile size 16415M (AvailPageFile size 1753M)
current process WorkingSet (physical memory assigned to process): 483M, peak: 484M
current process commit charge ("private bytes"): 2378M, peak: 2495M

vm_info: Java HotSpot(TM) 64-Bit Server VM (21.0.1+12-LTS-29) for windows-amd64 JRE (21.0.1+12-LTS-29), built on 2023-10-05T13:27:09Z by "mach5one" with MS VC++ 17.1 (VS2022)

END.
