#
# A fatal error has been detected by the Java Runtime Environment:
#
#  EXCEPTION_ACCESS_VIOLATION (0xc0000005) at pc=0x00007ff80dca17ed, pid=11636, tid=9140
#
# JRE version: Java(TM) SE Runtime Environment (21.0.1+12) (build 21.0.1+12-LTS-29)
# Java VM: Java HotSpot(TM) 64-Bit Server VM (21.0.1+12-LTS-29, mixed mode, sharing, tiered, compressed oops, compressed class ptrs, g1 gc, windows-amd64)
# Problematic frame:
# C  0x00007ff80dca17ed
#
# No core dump will be written. Minidumps are not enabled by default on client versions of Windows
#
# If you would like to submit a bug report, please visit:
#   https://bugreport.java.com/bugreport/crash.jsp
# The crash happened outside the Java Virtual Machine in native code.
# See problematic frame for where to report the bug.
#

---------------  S U M M A R Y ------------

Command Line: -Dfile.encoding=UTF-8 --module-path=C:\Users\jemcg\Documents\NetBeansProjects\Prototype\build\classes prototype.Prototype

Host: AMD Ryzen 3 5300U with Radeon Graphics         , 8 cores, 7G,  Windows 11 , 64 bit Build 22621 (10.0.22621.3085)
Time: Wed Feb 28 17:16:35 2024 Co-ordinated Universal Time elapsed time: 27.027064 seconds (0d 0h 0m 27s)

---------------  T H R E A D  ---------------

Current thread (0x0000029fe037fae0):  JavaThread "Thread-1"  daemon [_thread_in_native, id=9140, stack(0x000000f99d200000,0x000000f99d300000) (1024K)]

Stack: [0x000000f99d200000,0x000000f99d300000],  sp=0x000000f99d2ff050,  free space=1020k
Native frames: (J=compiled Java code, j=interpreted, Vv=VM code, C=native code)
C  0x00007ff80dca17ed

Java frames: (J=compiled Java code, j=interpreted, Vv=VM code)
J 3058  org.bytedeco.opencv.opencv_videoio.VideoCapture.grab()Z (0 bytes) @ 0x0000029f1513f7f3 [0x0000029f1513f7a0+0x0000000000000053]
j  prototype.Sign$DaemonThread.run()V+18
j  java.lang.Thread.runWith(Ljava/lang/Object;Ljava/lang/Runnable;)V+5 java.base@21.0.1
j  java.lang.Thread.run()V+19 java.base@21.0.1
v  ~StubRoutines::call_stub 0x0000029f14a1100d

siginfo: EXCEPTION_ACCESS_VIOLATION (0xc0000005), reading address 0x0000000000000000


Registers:
RAX=0x0000000000000000, RBX=0x0000029fe20398c0, RCX=0x0000029fe20398c0, RDX=0x0000000000000000
RSP=0x000000f99d2ff050, RBP=0x00000000000001da, RSI=0x0000029fe2039e20, RDI=0x0000029f6d377568
R8 =0x000000000000013d, R9 =0x00000000000001da, R10=0x0000000000000001, R11=0x000000f99d2fec30
R12=0x0000029f6d377568, R13=0x00000000000001da, R14=0x000000000000013d, R15=0x0000029f6f3d4980
RIP=0x00007ff80dca17ed, EFLAGS=0x0000000000010246


Register to memory mapping:

RAX=0x0 is null
RBX=0x0000029fe20398c0 points into unknown readable memory: 0x0000000000000000 | 00 00 00 00 00 00 00 00
RCX=0x0000029fe20398c0 points into unknown readable memory: 0x0000000000000000 | 00 00 00 00 00 00 00 00
RDX=0x0 is null
RSP=0x000000f99d2ff050 is pointing into the stack for thread: 0x0000029fe037fae0
RBP=0x00000000000001da is an unknown value
RSI=0x0000029fe2039e20 points into unknown readable memory: 0x0000000000000000 | 00 00 00 00 00 00 00 00
RDI=0x0000029f6d377568 points into unknown readable memory: 0x0000029fe2038a60 | 60 8a 03 e2 9f 02 00 00
R8 =0x000000000000013d is an unknown value
R9 =0x00000000000001da is an unknown value
R10=0x0000000000000001 is an unknown value
R11=0x000000f99d2fec30 is pointing into the stack for thread: 0x0000029fe037fae0
R12=0x0000029f6d377568 points into unknown readable memory: 0x0000029fe2038a60 | 60 8a 03 e2 9f 02 00 00
R13=0x00000000000001da is an unknown value
R14=0x000000000000013d is an unknown value
R15=0x0000029f6f3d4980 points into unknown readable memory: 0x00007ff80dcedc88 | 88 dc ce 0d f8 7f 00 00

Top of Stack: (sp=0x000000f99d2ff050)
0x000000f99d2ff050:   0000029fe20398b0 0000029fe20398b0
0x000000f99d2ff060:   0000029fe1b2bfb0 0000000000000000
0x000000f99d2ff070:   0000029f6f3d4980 0000029fe2039e20
0x000000f99d2ff080:   0000029fe2039e20 00007ff80dc964f1
0x000000f99d2ff090:   0000029f6f3d5d40 0000029f6f3d5d40
0x000000f99d2ff0a0:   000000f99d2ff290 00007ff8008a0088
0x000000f99d2ff0b0:   0000029f6f3d5d40 0000029fe2039e20
0x000000f99d2ff0c0:   0000029f6f3d5d40 000000009398c9f8
0x000000f99d2ff0d0:   0000000000000000 000000008ae59fa8
0x000000f99d2ff0e0:   00000000000001d6 000000000000013d
0x000000f99d2ff0f0:   0000029f6f3d5d50 0000029f6f3d4980
0x000000f99d2ff100:   0000029f6d377568 0000029f6f3d5d40
0x000000f99d2ff110:   0000029f6f3d5d40 0000029f6d377568
0x000000f99d2ff120:   00000000000001ea 3ff0000000000000
0x000000f99d2ff130:   3ff0000000000000 0000029f0da10851
0x000000f99d2ff140:   000040e724657bb7 0000029f0dafb334
0x000000f99d2ff150:   0000000000000000 00007ff80dcedc88
0x000000f99d2ff160:   000000f99d2ff4e8 0000000000000000
0x000000f99d2ff170:   0000029f6d377568 0000000000000000
0x000000f99d2ff180:   0000029f6d3774d0 00007ff80dcaad21
0x000000f99d2ff190:   0000029f6d377568 0000029f6f3d5d40
0x000000f99d2ff1a0:   0000029f6d3774d0 00000000000001da
0x000000f99d2ff1b0:   000000f99d2ff1b0 0000000093988b60
0x000000f99d2ff1c0:   00000000fff2cfd8 0000029f22227b70
0x000000f99d2ff1d0:   0000000000000000 000000f99d2ff1d8
0x000000f99d2ff1e0:   0000000000000000 0000000000000000
0x000000f99d2ff1f0:   000000f900000000 0000029f0db00c74
0x000000f99d2ff200:   000000000000014a 0000000000000000
0x000000f99d2ff210:   0000000000000000 0000000000000280
0x000000f99d2ff220:   0000014a000001e0 0000000000000000
0x000000f99d2ff230:   0000000000000000 0000029f14a1a380
0x000000f99d2ff240:   000000f99d2ff428 0000029f0db502c4 

Instructions: (pc=0x00007ff80dca17ed)
0x00007ff80dca16ed:   0f 4c 2b 01 48 8b c8 49 c1 f8 04 4d 8b c8 49 d1
0x00007ff80dca16fd:   e9 49 2b c9 4c 3b c1 77 0b 4b 8d 04 01 48 3b c2
0x00007ff80dca170d:   48 0f 42 c2 c3 cc cc cc cc cc cc cc cc cc cc cc
0x00007ff80dca171d:   cc cc cc 48 89 5c 24 08 48 89 6c 24 10 48 89 74
0x00007ff80dca172d:   24 18 57 48 83 ec 20 48 8b d9 49 8b f1 48 8b 09
0x00007ff80dca173d:   49 8b e8 48 8b fa 48 85 c9 74 31 48 8b 53 10 48
0x00007ff80dca174d:   2b d1 48 83 e2 fc 48 81 fa 00 10 00 00 72 18 4c
0x00007ff80dca175d:   8b 41 f8 48 83 c2 27 49 2b c8 48 8d 41 f8 48 83
0x00007ff80dca176d:   f8 1f 77 30 49 8b c8 e8 9b 87 02 00 48 8d 04 af
0x00007ff80dca177d:   48 89 3b 48 8b 6c 24 38 48 89 43 08 48 8d 04 b7
0x00007ff80dca178d:   48 8b 74 24 40 48 89 43 10 48 8b 5c 24 30 48 83
0x00007ff80dca179d:   c4 20 5f c3 ff 15 61 4e 04 00 cc cc cc cc cc cc
0x00007ff80dca17ad:   cc cc cc 48 89 5c 24 10 48 89 6c 24 18 57 41 56
0x00007ff80dca17bd:   41 57 48 83 ec 20 48 8b 19 49 8b e9 4d 8b f0 4c
0x00007ff80dca17cd:   8b fa 48 8b f9 48 85 db 74 5d 48 89 74 24 40 48
0x00007ff80dca17dd:   8b 71 08 48 3b de 74 16 48 8b 03 33 d2 48 8b cb
0x00007ff80dca17ed:   ff 10 48 83 c3 10 48 3b de 75 ed 48 8b 1f 48 8b
0x00007ff80dca17fd:   57 10 48 8b 74 24 40 48 2b d3 48 83 e2 f0 48 81
0x00007ff80dca180d:   fa 00 10 00 00 72 18 48 8b 4b f8 48 83 c2 27 48
0x00007ff80dca181d:   2b d9 48 8d 43 f8 48 83 f8 1f 77 38 48 8b d9 48
0x00007ff80dca182d:   8b cb e8 e0 86 02 00 48 8b 5c 24 48 49 c1 e6 04
0x00007ff80dca183d:   4d 03 f7 48 c1 e5 04 49 03 ef 4c 89 3f 4c 89 77
0x00007ff80dca184d:   08 48 89 6f 10 48 8b 6c 24 50 48 83 c4 20 41 5f
0x00007ff80dca185d:   41 5e 5f c3 ff 15 a1 4d 04 00 cc cc cc cc cc cc
0x00007ff80dca186d:   cc cc cc 48 83 ec 28 48 b8 c7 71 1c c7 71 1c c7
0x00007ff80dca187d:   01 48 39 41 08 74 05 48 83 c4 28 c3 e8 72 10 00
0x00007ff80dca188d:   00 cc cc c2 00 00 cc cc cc cc cc cc cc cc cc cc
0x00007ff80dca189d:   cc cc cc 40 53 48 83 ec 20 48 8b 59 08 48 85 db
0x00007ff80dca18ad:   74 36 48 89 7c 24 30 bf ff ff ff ff 8b c7 f0 0f
0x00007ff80dca18bd:   c1 43 08 83 f8 01 75 1b 48 8b 03 48 8b cb ff 10
0x00007ff80dca18cd:   f0 0f c1 7b 0c 83 ff 01 75 09 48 8b 03 48 8b cb
0x00007ff80dca18dd:   ff 50 08 48 8b 7c 24 30 48 83 c4 20 5b c3 cc cc 


Stack slot to memory mapping:

stack at sp + 0 slots: 0x0000029fe20398b0 points into unknown readable memory: 0x00007ff80dcedc88 | 88 dc ce 0d f8 7f 00 00
stack at sp + 1 slots: 0x0000029fe20398b0 points into unknown readable memory: 0x00007ff80dcedc88 | 88 dc ce 0d f8 7f 00 00
stack at sp + 2 slots: 0x0000029fe1b2bfb0 points into unknown readable memory: 0x0055005c003a0043 | 43 00 3a 00 5c 00 55 00
stack at sp + 3 slots: 0x0 is null
stack at sp + 4 slots: 0x0000029f6f3d4980 points into unknown readable memory: 0x00007ff80dcedc88 | 88 dc ce 0d f8 7f 00 00
stack at sp + 5 slots: 0x0000029fe2039e20 points into unknown readable memory: 0x0000000000000000 | 00 00 00 00 00 00 00 00
stack at sp + 6 slots: 0x0000029fe2039e20 points into unknown readable memory: 0x0000000000000000 | 00 00 00 00 00 00 00 00
stack at sp + 7 slots: 0x00007ff80dc964f1 points into unknown readable memory: 48 8b 84 24 08 01 00


Compiled method (n/a)   27135 3058     n 0       org.bytedeco.opencv.opencv_videoio.VideoCapture::grab (native)
 total in heap  [0x0000029f1513f610,0x0000029f1513f9d8] = 968
 relocation     [0x0000029f1513f770,0x0000029f1513f7a0] = 48
 main code      [0x0000029f1513f7a0,0x0000029f1513f9ca] = 554
 stub code      [0x0000029f1513f9ca,0x0000029f1513f9d0] = 6
 oops           [0x0000029f1513f9d0,0x0000029f1513f9d8] = 8

[Constant Pool (empty)]

[MachCode]
[Entry Point]
  # {method} {0x0000029f63f1c098} 'grab' '()Z' in 'org/bytedeco/opencv/opencv_videoio/VideoCapture'
  #           [sp+0x70]  (sp of caller)
  0x0000029f1513f7a0: 448b 5208 | 49bb 0000 | 0022 9f02 | 0000 4d03 | d349 3bc2 | 0f84 0600 

  0x0000029f1513f7b8: ;   {runtime_call ic_miss_stub}
  0x0000029f1513f7b8: 0000 e9c1 | ef91 ff90 
[Verified Entry Point]
  0x0000029f1513f7c0: 8984 2400 | 80ff ff55 | 488b ec48 | 83ec 6090 | 4181 7f20 | 1000 0000 

  0x0000029f1513f7d8: ;   {runtime_call StubRoutines (final stubs)}
  0x0000029f1513f7d8: 7405 e881 | 5590 ff48 | 8954 2420 | 4883 fa00 | 488d 5424 | 2048 0f44 | 5424 20c5 

  0x0000029f1513f7f4: ;   {internal_word}
  0x0000029f1513f7f4: f877 49ba | f3f7 1315 | 9f02 0000 | 4d89 97a0 | 0300 0049 | 89a7 9803 

  0x0000029f1513f80c: ;   {external_word}
  0x0000029f1513f80c: 0000 49ba | c925 129a | ff7f 0000 | 4180 3a00 | 0f84 4600 

  0x0000029f1513f820: ;   {metadata({method} {0x0000029f63f1c098} 'grab' '()Z' in 'org/bytedeco/opencv/opencv_videoio/VideoCapture')}
  0x0000029f1513f820: 0000 5248 | ba90 c0f1 | 639f 0200 | 0049 8bcf | 4883 ec20 | 40f6 c40f | 0f84 1900 | 0000 4883 
  0x0000029f1513f840: ;   {runtime_call}
  0x0000029f1513f840: ec08 48b8 | 30eb c299 | ff7f 0000 | ffd0 4883 | c408 e90c 

  0x0000029f1513f854: ;   {runtime_call}
  0x0000029f1513f854: 0000 0048 | b830 ebc2 | 99ff 7f00 | 00ff d048 | 83c4 205a | 498d 8fb8 | 0300 0041 | c787 4c04 
  0x0000029f1513f874: 0000 0400 

  0x0000029f1513f878: ;   {runtime_call}
  0x0000029f1513f878: 0000 48b8 | 6090 ca2e | f87f 0000 | ffd0 c5f8 | 7725 ff00 | 0000 0f95 | c041 c787 | 4c04 0000 
  0x0000029f1513f898: 0500 0000 | f083 4424 | c000 493b | af50 0400 | 000f 870e | 0000 0041 | 83bf 4804 | 0000 000f 
  0x0000029f1513f8b8: 842b 0000 | 00c5 f877 | 4889 45f8 | 498b cf4c | 8be4 4883 | ec20 4883 

  0x0000029f1513f8d0: ;   {runtime_call}
  0x0000029f1513f8d0: e4f0 48b8 | c0be 8e99 | ff7f 0000 | ffd0 498b | e44d 33e4 | 488b 45f8 | 41c7 874c | 0400 0008 
  0x0000029f1513f8f0: 0000 0041 | 83bf c804 | 0000 020f | 849c 0000 

  0x0000029f1513f900: ;   {external_word}
  0x0000029f1513f900: 0049 bac9 | 2512 9aff | 7f00 0041 | 803a 000f | 844c 0000 | 0048 8945 

  0x0000029f1513f918: ;   {metadata({method} {0x0000029f63f1c098} 'grab' '()Z' in 'org/bytedeco/opencv/opencv_videoio/VideoCapture')}
  0x0000029f1513f918: f848 ba90 | c0f1 639f | 0200 0049 | 8bcf 4883 | ec20 40f6 | c40f 0f84 | 1900 0000 | 4883 ec08 
  0x0000029f1513f938: ;   {runtime_call}
  0x0000029f1513f938: 48b8 30eb | c299 ff7f | 0000 ffd0 | 4883 c408 | e90c 0000 

  0x0000029f1513f94c: ;   {runtime_call}
  0x0000029f1513f94c: 0048 b830 | ebc2 99ff | 7f00 00ff | d048 83c4 | 2048 8b45 | f849 c787 | 9803 0000 | 0000 0000 
  0x0000029f1513f96c: 49c7 87a0 | 0300 0000 | 0000 00c5 | f877 498b | 8f28 0400 | 00c7 8100 | 0100 0000 | 0000 00c9 
  0x0000029f1513f98c: 4983 7f08 | 000f 8501 | 0000 00c3 

  0x0000029f1513f998: ;   {runtime_call StubRoutines (initial stubs)}
  0x0000029f1513f998: e963 158d | ffc5 f877 | 4889 45f8 | 4c8b e448 | 83ec 2048 

  0x0000029f1513f9ac: ;   {runtime_call}
  0x0000029f1513f9ac: 83e4 f048 | b860 23c3 | 99ff 7f00 | 00ff d049 | 8be4 4d33 | e448 8b45 | f8e9 37ff | ffff f4f4 
  0x0000029f1513f9cc: f4f4 f4f4 
[/MachCode]


---------------  P R O C E S S  ---------------

Threads class SMR info:
_java_thread_list=0x0000029fdf6bc600, length=31, elements={
0x0000029f21709dd0, 0x0000029f2170a700, 0x0000029f2170cdc0, 0x0000029f2170ea00,
0x0000029f21713490, 0x0000029f21715c40, 0x0000029f21717450, 0x0000029f2172a000,
0x0000029f216d18c0, 0x0000029f219fe180, 0x0000029f6742fe30, 0x0000029f67436f80,
0x0000029f6743cd10, 0x0000029f676a0930, 0x0000029f02e2c310, 0x0000029f21956ed0,
0x0000029f6c9e76e0, 0x0000029f6ca23270, 0x0000029f6e744540, 0x0000029f6e7458f0,
0x0000029f6e746610, 0x0000029f6e743eb0, 0x0000029fe0379870, 0x0000029fe037fae0,
0x0000029fe037da10, 0x0000029fe037c660, 0x0000029fe037e730, 0x0000029fe03791e0,
0x0000029fe037ac20, 0x0000029fe0379f00, 0x0000029fe037a590
}

Java Threads: ( => current thread )
  0x0000029f21709dd0 JavaThread "Reference Handler"          daemon [_thread_blocked, id=26532, stack(0x000000f999700000,0x000000f999800000) (1024K)]
  0x0000029f2170a700 JavaThread "Finalizer"                  daemon [_thread_blocked, id=9000, stack(0x000000f999800000,0x000000f999900000) (1024K)]
  0x0000029f2170cdc0 JavaThread "Signal Dispatcher"          daemon [_thread_blocked, id=17892, stack(0x000000f999900000,0x000000f999a00000) (1024K)]
  0x0000029f2170ea00 JavaThread "Attach Listener"            daemon [_thread_blocked, id=7536, stack(0x000000f999a00000,0x000000f999b00000) (1024K)]
  0x0000029f21713490 JavaThread "Service Thread"             daemon [_thread_blocked, id=11440, stack(0x000000f999b00000,0x000000f999c00000) (1024K)]
  0x0000029f21715c40 JavaThread "Monitor Deflation Thread"   daemon [_thread_blocked, id=17936, stack(0x000000f999c00000,0x000000f999d00000) (1024K)]
  0x0000029f21717450 JavaThread "C2 CompilerThread0"         daemon [_thread_blocked, id=14724, stack(0x000000f999d00000,0x000000f999e00000) (1024K)]
  0x0000029f2172a000 JavaThread "C1 CompilerThread0"         daemon [_thread_blocked, id=21752, stack(0x000000f999e00000,0x000000f999f00000) (1024K)]
  0x0000029f216d18c0 JavaThread "Common-Cleaner"             daemon [_thread_blocked, id=3792, stack(0x000000f999f00000,0x000000f99a000000) (1024K)]
  0x0000029f219fe180 JavaThread "Notification Thread"        daemon [_thread_blocked, id=15408, stack(0x000000f99a000000,0x000000f99a100000) (1024K)]
  0x0000029f6742fe30 JavaThread "Java2D Disposer"            daemon [_thread_blocked, id=10456, stack(0x000000f99a200000,0x000000f99a300000) (1024K)]
  0x0000029f67436f80 JavaThread "AWT-Shutdown"                      [_thread_blocked, id=11424, stack(0x000000f99a300000,0x000000f99a400000) (1024K)]
  0x0000029f6743cd10 JavaThread "AWT-Windows"                daemon [_thread_in_native, id=11044, stack(0x000000f99a400000,0x000000f99a500000) (1024K)]
  0x0000029f676a0930 JavaThread "AWT-EventQueue-0"                  [_thread_blocked, id=21104, stack(0x000000f99ad00000,0x000000f99ae00000) (1024K)]
  0x0000029f02e2c310 JavaThread "DestroyJavaVM"                     [_thread_blocked, id=5660, stack(0x000000f998f00000,0x000000f999000000) (1024K)]
  0x0000029f21956ed0 JavaThread "D3D Screen Updater"         daemon [_thread_blocked, id=12272, stack(0x000000f99af00000,0x000000f99b000000) (1024K)]
  0x0000029f6c9e76e0 JavaThread "TimerQueue"                 daemon [_thread_blocked, id=23328, stack(0x000000f99b000000,0x000000f99b100000) (1024K)]
  0x0000029f6ca23270 JavaThread "JavaCPP Deallocator"        daemon [_thread_blocked, id=14624, stack(0x000000f99a100000,0x000000f99a200000) (1024K)]
  0x0000029f6e744540 JavaThread "Thread-0"                   daemon [_thread_blocked, id=3520, stack(0x000000f99cd00000,0x000000f99ce00000) (1024K)]
  0x0000029f6e7458f0 JavaThread "SwingWorker-pool-1-thread-1" daemon [_thread_blocked, id=19952, stack(0x000000f99d900000,0x000000f99da00000) (1024K)]
  0x0000029f6e746610 JavaThread "mysql-cj-abandoned-connection-cleanup" daemon [_thread_blocked, id=1636, stack(0x000000f99da00000,0x000000f99db00000) (1024K)]
  0x0000029f6e743eb0 JavaThread "SwingWorker-pool-1-thread-2" daemon [_thread_blocked, id=5308, stack(0x000000f99de00000,0x000000f99df00000) (1024K)]
  0x0000029fe0379870 JavaThread "SwingWorker-pool-1-thread-3" daemon [_thread_blocked, id=18440, stack(0x000000f99e400000,0x000000f99e500000) (1024K)]
=>0x0000029fe037fae0 JavaThread "Thread-1"                   daemon [_thread_in_native, id=9140, stack(0x000000f99d200000,0x000000f99d300000) (1024K)]
  0x0000029fe037da10 JavaThread "Thread-2"                   daemon [_thread_in_native, id=25812, stack(0x000000f99e300000,0x000000f99e400000) (1024K)]
  0x0000029fe037c660 JavaThread "Thread-3"                   daemon [_thread_in_native, id=17348, stack(0x000000f99e500000,0x000000f99e600000) (1024K)]
  0x0000029fe037e730 JavaThread "SwingWorker-pool-1-thread-4" daemon [_thread_blocked, id=9336, stack(0x000000f99b100000,0x000000f99b200000) (1024K)]
  0x0000029fe03791e0 JavaThread "SwingWorker-pool-1-thread-5" daemon [_thread_blocked, id=3972, stack(0x000000f99b200000,0x000000f99b300000) (1024K)]
  0x0000029fe037ac20 JavaThread "SwingWorker-pool-1-thread-6" daemon [_thread_blocked, id=21840, stack(0x000000f99ee00000,0x000000f99ef00000) (1024K)]
  0x0000029fe0379f00 JavaThread "SwingWorker-pool-1-thread-7" daemon [_thread_blocked, id=23208, stack(0x000000f99ef00000,0x000000f99f000000) (1024K)]
  0x0000029fe037a590 JavaThread "SwingWorker-pool-1-thread-8" daemon [_thread_blocked, id=6876, stack(0x000000f99f000000,0x000000f99f100000) (1024K)]
Total: 31

Other Threads:
  0x0000029f216e76a0 VMThread "VM Thread"                           [id=10864, stack(0x000000f999600000,0x000000f999700000) (1024K)]
  0x0000029f216cf620 WatcherThread "VM Periodic Task Thread"        [id=15676, stack(0x000000f999500000,0x000000f999600000) (1024K)]
  0x0000029f050d8da0 WorkerThread "GC Thread#0"                     [id=13744, stack(0x000000f999000000,0x000000f999100000) (1024K)]
  0x0000029f6d57aca0 WorkerThread "GC Thread#1"                     [id=11716, stack(0x000000f99b300000,0x000000f99b400000) (1024K)]
  0x0000029f6d57b040 WorkerThread "GC Thread#2"                     [id=19980, stack(0x000000f99b400000,0x000000f99b500000) (1024K)]
  0x0000029f6d4327f0 WorkerThread "GC Thread#3"                     [id=17036, stack(0x000000f99b500000,0x000000f99b600000) (1024K)]
  0x0000029f6d432b90 WorkerThread "GC Thread#4"                     [id=21340, stack(0x000000f99b600000,0x000000f99b700000) (1024K)]
  0x0000029f6cbad1a0 WorkerThread "GC Thread#5"                     [id=13420, stack(0x000000f99b700000,0x000000f99b800000) (1024K)]
  0x0000029f6d410020 WorkerThread "GC Thread#6"                     [id=5592, stack(0x000000f99b800000,0x000000f99b900000) (1024K)]
  0x0000029f6cc4b370 WorkerThread "GC Thread#7"                     [id=21832, stack(0x000000f99b900000,0x000000f99ba00000) (1024K)]
  0x0000029f050e8900 ConcurrentGCThread "G1 Main Marker"            [id=8876, stack(0x000000f999100000,0x000000f999200000) (1024K)]
  0x0000029f050e95b0 WorkerThread "G1 Conc#0"                       [id=13212, stack(0x000000f999200000,0x000000f999300000) (1024K)]
  0x0000029fe1d41d00 WorkerThread "G1 Conc#1"                       [id=26380, stack(0x000000f99dd00000,0x000000f99de00000) (1024K)]
  0x0000029f215a34e0 ConcurrentGCThread "G1 Refine#0"               [id=8904, stack(0x000000f999300000,0x000000f999400000) (1024K)]
  0x0000029f0514a680 ConcurrentGCThread "G1 Service"                [id=22756, stack(0x000000f999400000,0x000000f999500000) (1024K)]
Total: 15

Threads with active compile tasks:
Total: 0

VM state: not at safepoint (normal execution)

VM Mutex/Monitor currently owned by a thread: None

Heap address: 0x000000008a400000, size: 1884 MB, Compressed Oops mode: 32-bit

CDS archive(s) mapped at: [0x0000029f22000000-0x0000029f22c90000-0x0000029f22c90000), size 13172736, SharedBaseAddress: 0x0000029f22000000, ArchiveRelocationMode: 1.
Compressed class space mapped at: 0x0000029f23000000-0x0000029f63000000, reserved size: 1073741824
Narrow klass base: 0x0000029f22000000, Narrow klass shift: 0, Narrow klass range: 0x100000000

GC Precious Log:
 CardTable entry size: 512
 Card Set container configuration: InlinePtr #cards 5 size 8 Array Of Cards #cards 12 size 40 Howl #buckets 4 coarsen threshold 1843 Howl Bitmap #cards 512 size 80 coarsen threshold 460 Card regions per heap region 1 cards per card region 2048
 CPUs: 8 total, 8 available
 Memory: 7531M
 Large Page Support: Disabled
 NUMA Support: Disabled
 Compressed Oops: Enabled (32-bit)
 Heap Region Size: 1M
 Heap Min Capacity: 8M
 Heap Initial Capacity: 118M
 Heap Max Capacity: 1884M
 Pre-touch: Disabled
 Parallel Workers: 8
 Concurrent Workers: 2
 Concurrent Refinement Workers: 8
 Periodic GC: Disabled

Heap:
 garbage-first heap   total 156672K, used 56647K [0x000000008a400000, 0x0000000100000000)
  region size 1024K, 4 young (4096K), 2 survivors (2048K)
 Metaspace       used 24208K, committed 24448K, reserved 1114112K
  class space    used 2225K, committed 2368K, reserved 1048576K

Heap Regions: E=young(eden), S=young(survivor), O=old, HS=humongous(starts), HC=humongous(continues), CS=collection set, F=free, TAMS=top-at-mark-start, PB=parsable bottom
|   0|0x000000008a400000, 0x000000008a500000, 0x000000008a500000|100%| O|  |TAMS 0x000000008a400000| PB 0x000000008a400000| Untracked 
|   1|0x000000008a500000, 0x000000008a600000, 0x000000008a600000|100%| O|  |TAMS 0x000000008a500000| PB 0x000000008a500000| Untracked 
|   2|0x000000008a600000, 0x000000008a700000, 0x000000008a700000|100%|HS|  |TAMS 0x000000008a600000| PB 0x000000008a600000| Complete 
|   3|0x000000008a700000, 0x000000008a800000, 0x000000008a800000|100%|HS|  |TAMS 0x000000008a700000| PB 0x000000008a700000| Complete 
|   4|0x000000008a800000, 0x000000008a900000, 0x000000008a900000|100%|HS|  |TAMS 0x000000008a800000| PB 0x000000008a800000| Complete 
|   5|0x000000008a900000, 0x000000008aa00000, 0x000000008aa00000|100%|HS|  |TAMS 0x000000008a900000| PB 0x000000008a900000| Complete 
|   6|0x000000008aa00000, 0x000000008ab00000, 0x000000008ab00000|100%|HS|  |TAMS 0x000000008aa00000| PB 0x000000008aa00000| Complete 
|   7|0x000000008ab00000, 0x000000008ac00000, 0x000000008ac00000|100%|HS|  |TAMS 0x000000008ab00000| PB 0x000000008ab00000| Complete 
|   8|0x000000008ac00000, 0x000000008ad00000, 0x000000008ad00000|100%| O|  |TAMS 0x000000008ac00000| PB 0x000000008ac00000| Untracked 
|   9|0x000000008ad00000, 0x000000008ae00000, 0x000000008ae00000|100%| O|  |TAMS 0x000000008ad00000| PB 0x000000008ad00000| Untracked 
|  10|0x000000008ae00000, 0x000000008af00000, 0x000000008af00000|100%| O|  |TAMS 0x000000008ae00000| PB 0x000000008ae00000| Untracked 
|  11|0x000000008af00000, 0x000000008b000000, 0x000000008b000000|100%|HS|  |TAMS 0x000000008af00000| PB 0x000000008af00000| Complete 
|  12|0x000000008b000000, 0x000000008b100000, 0x000000008b100000|100%|HS|  |TAMS 0x000000008b000000| PB 0x000000008b000000| Complete 
|  13|0x000000008b100000, 0x000000008b200000, 0x000000008b200000|100%|HS|  |TAMS 0x000000008b100000| PB 0x000000008b100000| Complete 
|  14|0x000000008b200000, 0x000000008b300000, 0x000000008b300000|100%|HS|  |TAMS 0x000000008b200000| PB 0x000000008b200000| Complete 
|  15|0x000000008b300000, 0x000000008b400000, 0x000000008b400000|100%|HS|  |TAMS 0x000000008b300000| PB 0x000000008b300000| Complete 
|  16|0x000000008b400000, 0x000000008b500000, 0x000000008b500000|100%|HS|  |TAMS 0x000000008b400000| PB 0x000000008b400000| Complete 
|  17|0x000000008b500000, 0x000000008b600000, 0x000000008b600000|100%|HS|  |TAMS 0x000000008b500000| PB 0x000000008b500000| Complete 
|  18|0x000000008b600000, 0x000000008b700000, 0x000000008b700000|100%|HS|  |TAMS 0x000000008b600000| PB 0x000000008b600000| Complete 
|  19|0x000000008b700000, 0x000000008b800000, 0x000000008b800000|100%|HS|  |TAMS 0x000000008b700000| PB 0x000000008b700000| Complete 
|  20|0x000000008b800000, 0x000000008b900000, 0x000000008b900000|100%|HS|  |TAMS 0x000000008b800000| PB 0x000000008b800000| Complete 
|  21|0x000000008b900000, 0x000000008ba00000, 0x000000008ba00000|100%|HS|  |TAMS 0x000000008b900000| PB 0x000000008b900000| Complete 
|  22|0x000000008ba00000, 0x000000008bb00000, 0x000000008bb00000|100%|HS|  |TAMS 0x000000008ba00000| PB 0x000000008ba00000| Complete 
|  23|0x000000008bb00000, 0x000000008bc00000, 0x000000008bc00000|100%|HS|  |TAMS 0x000000008bb00000| PB 0x000000008bb00000| Complete 
|  24|0x000000008bc00000, 0x000000008bd00000, 0x000000008bd00000|100%|HS|  |TAMS 0x000000008bc00000| PB 0x000000008bc00000| Complete 
|  25|0x000000008bd00000, 0x000000008be00000, 0x000000008be00000|100%|HS|  |TAMS 0x000000008bd00000| PB 0x000000008bd00000| Complete 
|  26|0x000000008be00000, 0x000000008bf00000, 0x000000008bf00000|100%|HS|  |TAMS 0x000000008be00000| PB 0x000000008be00000| Complete 
|  27|0x000000008bf00000, 0x000000008c000000, 0x000000008c000000|100%|HS|  |TAMS 0x000000008bf00000| PB 0x000000008bf00000| Complete 
|  28|0x000000008c000000, 0x000000008c100000, 0x000000008c100000|100%|HS|  |TAMS 0x000000008c000000| PB 0x000000008c000000| Complete 
|  29|0x000000008c100000, 0x000000008c200000, 0x000000008c200000|100%|HS|  |TAMS 0x000000008c100000| PB 0x000000008c100000| Complete 
|  30|0x000000008c200000, 0x000000008c300000, 0x000000008c300000|100%|HS|  |TAMS 0x000000008c200000| PB 0x000000008c200000| Complete 
|  31|0x000000008c300000, 0x000000008c400000, 0x000000008c400000|100%|HS|  |TAMS 0x000000008c300000| PB 0x000000008c300000| Complete 
|  32|0x000000008c400000, 0x000000008c500000, 0x000000008c500000|100%|HS|  |TAMS 0x000000008c400000| PB 0x000000008c400000| Complete 
|  33|0x000000008c500000, 0x000000008c600000, 0x000000008c600000|100%|HS|  |TAMS 0x000000008c500000| PB 0x000000008c500000| Complete 
|  34|0x000000008c600000, 0x000000008c700000, 0x000000008c700000|100%|HS|  |TAMS 0x000000008c600000| PB 0x000000008c600000| Complete 
|  35|0x000000008c700000, 0x000000008c800000, 0x000000008c800000|100%|HS|  |TAMS 0x000000008c700000| PB 0x000000008c700000| Complete 
|  36|0x000000008c800000, 0x000000008c900000, 0x000000008c900000|100%|HS|  |TAMS 0x000000008c800000| PB 0x000000008c800000| Complete 
|  37|0x000000008c900000, 0x000000008ca00000, 0x000000008ca00000|100%|HS|  |TAMS 0x000000008c900000| PB 0x000000008c900000| Complete 
|  38|0x000000008ca00000, 0x000000008cb00000, 0x000000008cb00000|100%|HS|  |TAMS 0x000000008ca00000| PB 0x000000008ca00000| Complete 
|  39|0x000000008cb00000, 0x000000008cc00000, 0x000000008cc00000|100%|HS|  |TAMS 0x000000008cb00000| PB 0x000000008cb00000| Complete 
|  40|0x000000008cc00000, 0x000000008cd00000, 0x000000008cd00000|100%|HS|  |TAMS 0x000000008cc00000| PB 0x000000008cc00000| Complete 
|  41|0x000000008cd00000, 0x000000008cd00000, 0x000000008ce00000|  0%| F|  |TAMS 0x000000008cd00000| PB 0x000000008cd00000| Untracked 
|  42|0x000000008ce00000, 0x000000008ce00000, 0x000000008cf00000|  0%| F|  |TAMS 0x000000008ce00000| PB 0x000000008ce00000| Untracked 
|  43|0x000000008cf00000, 0x000000008d000000, 0x000000008d000000|100%|HS|  |TAMS 0x000000008cf00000| PB 0x000000008cf00000| Complete 
|  44|0x000000008d000000, 0x000000008d000000, 0x000000008d100000|  0%| F|  |TAMS 0x000000008d000000| PB 0x000000008d000000| Untracked 
|  45|0x000000008d100000, 0x000000008d100000, 0x000000008d200000|  0%| F|  |TAMS 0x000000008d100000| PB 0x000000008d100000| Untracked 
|  46|0x000000008d200000, 0x000000008d300000, 0x000000008d300000|100%|HS|  |TAMS 0x000000008d200000| PB 0x000000008d200000| Complete 
|  47|0x000000008d300000, 0x000000008d300000, 0x000000008d400000|  0%| F|  |TAMS 0x000000008d300000| PB 0x000000008d300000| Untracked 
|  48|0x000000008d400000, 0x000000008d400000, 0x000000008d500000|  0%| F|  |TAMS 0x000000008d400000| PB 0x000000008d400000| Untracked 
|  49|0x000000008d500000, 0x000000008d600000, 0x000000008d600000|100%|HS|  |TAMS 0x000000008d500000| PB 0x000000008d500000| Complete 
|  50|0x000000008d600000, 0x000000008d600000, 0x000000008d700000|  0%| F|  |TAMS 0x000000008d600000| PB 0x000000008d600000| Untracked 
|  51|0x000000008d700000, 0x000000008d700000, 0x000000008d800000|  0%| F|  |TAMS 0x000000008d700000| PB 0x000000008d700000| Untracked 
|  52|0x000000008d800000, 0x000000008d900000, 0x000000008d900000|100%|HS|  |TAMS 0x000000008d800000| PB 0x000000008d800000| Complete 
|  53|0x000000008d900000, 0x000000008d900000, 0x000000008da00000|  0%| F|  |TAMS 0x000000008d900000| PB 0x000000008d900000| Untracked 
|  54|0x000000008da00000, 0x000000008da00000, 0x000000008db00000|  0%| F|  |TAMS 0x000000008da00000| PB 0x000000008da00000| Untracked 
|  55|0x000000008db00000, 0x000000008dc00000, 0x000000008dc00000|100%|HS|  |TAMS 0x000000008db00000| PB 0x000000008db00000| Complete 
|  56|0x000000008dc00000, 0x000000008dc00000, 0x000000008dd00000|  0%| F|  |TAMS 0x000000008dc00000| PB 0x000000008dc00000| Untracked 
|  57|0x000000008dd00000, 0x000000008dd00000, 0x000000008de00000|  0%| F|  |TAMS 0x000000008dd00000| PB 0x000000008dd00000| Untracked 
|  58|0x000000008de00000, 0x000000008df00000, 0x000000008df00000|100%|HS|  |TAMS 0x000000008de00000| PB 0x000000008de00000| Complete 
|  59|0x000000008df00000, 0x000000008df00000, 0x000000008e000000|  0%| F|  |TAMS 0x000000008df00000| PB 0x000000008df00000| Untracked 
|  60|0x000000008e000000, 0x000000008e100000, 0x000000008e100000|100%|HS|  |TAMS 0x000000008e000000| PB 0x000000008e000000| Complete 
|  61|0x000000008e100000, 0x000000008e200000, 0x000000008e200000|100%|HS|  |TAMS 0x000000008e100000| PB 0x000000008e100000| Complete 
|  62|0x000000008e200000, 0x000000008e200000, 0x000000008e300000|  0%| F|  |TAMS 0x000000008e200000| PB 0x000000008e200000| Untracked 
|  63|0x000000008e300000, 0x000000008e300000, 0x000000008e400000|  0%| F|  |TAMS 0x000000008e300000| PB 0x000000008e300000| Untracked 
|  64|0x000000008e400000, 0x000000008e500000, 0x000000008e500000|100%|HS|  |TAMS 0x000000008e400000| PB 0x000000008e400000| Complete 
|  65|0x000000008e500000, 0x000000008e600000, 0x000000008e600000|100%|HS|  |TAMS 0x000000008e500000| PB 0x000000008e500000| Complete 
|  66|0x000000008e600000, 0x000000008e600000, 0x000000008e700000|  0%| F|  |TAMS 0x000000008e600000| PB 0x000000008e600000| Untracked 
|  67|0x000000008e700000, 0x000000008e700000, 0x000000008e800000|  0%| F|  |TAMS 0x000000008e700000| PB 0x000000008e700000| Untracked 
|  68|0x000000008e800000, 0x000000008e800000, 0x000000008e900000|  0%| F|  |TAMS 0x000000008e800000| PB 0x000000008e800000| Untracked 
|  69|0x000000008e900000, 0x000000008e900000, 0x000000008ea00000|  0%| F|  |TAMS 0x000000008e900000| PB 0x000000008e900000| Untracked 
|  70|0x000000008ea00000, 0x000000008ea00000, 0x000000008eb00000|  0%| F|  |TAMS 0x000000008ea00000| PB 0x000000008ea00000| Untracked 
|  71|0x000000008eb00000, 0x000000008eb00000, 0x000000008ec00000|  0%| F|  |TAMS 0x000000008eb00000| PB 0x000000008eb00000| Untracked 
|  72|0x000000008ec00000, 0x000000008ec00000, 0x000000008ed00000|  0%| F|  |TAMS 0x000000008ec00000| PB 0x000000008ec00000| Untracked 
|  73|0x000000008ed00000, 0x000000008ed00000, 0x000000008ee00000|  0%| F|  |TAMS 0x000000008ed00000| PB 0x000000008ed00000| Untracked 
|  74|0x000000008ee00000, 0x000000008ee00000, 0x000000008ef00000|  0%| F|  |TAMS 0x000000008ee00000| PB 0x000000008ee00000| Untracked 
|  75|0x000000008ef00000, 0x000000008ef00000, 0x000000008f000000|  0%| F|  |TAMS 0x000000008ef00000| PB 0x000000008ef00000| Untracked 
|  76|0x000000008f000000, 0x000000008f000000, 0x000000008f100000|  0%| F|  |TAMS 0x000000008f000000| PB 0x000000008f000000| Untracked 
|  77|0x000000008f100000, 0x000000008f100000, 0x000000008f200000|  0%| F|  |TAMS 0x000000008f100000| PB 0x000000008f100000| Untracked 
|  78|0x000000008f200000, 0x000000008f200000, 0x000000008f300000|  0%| F|  |TAMS 0x000000008f200000| PB 0x000000008f200000| Untracked 
|  79|0x000000008f300000, 0x000000008f300000, 0x000000008f400000|  0%| F|  |TAMS 0x000000008f300000| PB 0x000000008f300000| Untracked 
|  80|0x000000008f400000, 0x000000008f400000, 0x000000008f500000|  0%| F|  |TAMS 0x000000008f400000| PB 0x000000008f400000| Untracked 
|  81|0x000000008f500000, 0x000000008f500000, 0x000000008f600000|  0%| F|  |TAMS 0x000000008f500000| PB 0x000000008f500000| Untracked 
|  82|0x000000008f600000, 0x000000008f600000, 0x000000008f700000|  0%| F|  |TAMS 0x000000008f600000| PB 0x000000008f600000| Untracked 
|  83|0x000000008f700000, 0x000000008f700000, 0x000000008f800000|  0%| F|  |TAMS 0x000000008f700000| PB 0x000000008f700000| Untracked 
|  84|0x000000008f800000, 0x000000008f800000, 0x000000008f900000|  0%| F|  |TAMS 0x000000008f800000| PB 0x000000008f800000| Untracked 
|  85|0x000000008f900000, 0x000000008f900000, 0x000000008fa00000|  0%| F|  |TAMS 0x000000008f900000| PB 0x000000008f900000| Untracked 
|  86|0x000000008fa00000, 0x000000008fa00000, 0x000000008fb00000|  0%| F|  |TAMS 0x000000008fa00000| PB 0x000000008fa00000| Untracked 
|  87|0x000000008fb00000, 0x000000008fb00000, 0x000000008fc00000|  0%| F|  |TAMS 0x000000008fb00000| PB 0x000000008fb00000| Untracked 
|  88|0x000000008fc00000, 0x000000008fc00000, 0x000000008fd00000|  0%| F|  |TAMS 0x000000008fc00000| PB 0x000000008fc00000| Untracked 
|  89|0x000000008fd00000, 0x000000008fd00000, 0x000000008fe00000|  0%| F|  |TAMS 0x000000008fd00000| PB 0x000000008fd00000| Untracked 
|  90|0x000000008fe00000, 0x000000008fe00000, 0x000000008ff00000|  0%| F|  |TAMS 0x000000008fe00000| PB 0x000000008fe00000| Untracked 
|  91|0x000000008ff00000, 0x000000008ff00000, 0x0000000090000000|  0%| F|  |TAMS 0x000000008ff00000| PB 0x000000008ff00000| Untracked 
|  92|0x0000000090000000, 0x0000000090000000, 0x0000000090100000|  0%| F|  |TAMS 0x0000000090000000| PB 0x0000000090000000| Untracked 
|  93|0x0000000090100000, 0x0000000090100000, 0x0000000090200000|  0%| F|  |TAMS 0x0000000090100000| PB 0x0000000090100000| Untracked 
|  94|0x0000000090200000, 0x0000000090200000, 0x0000000090300000|  0%| F|  |TAMS 0x0000000090200000| PB 0x0000000090200000| Untracked 
|  95|0x0000000090300000, 0x0000000090300000, 0x0000000090400000|  0%| F|  |TAMS 0x0000000090300000| PB 0x0000000090300000| Untracked 
|  96|0x0000000090400000, 0x0000000090400000, 0x0000000090500000|  0%| F|  |TAMS 0x0000000090400000| PB 0x0000000090400000| Untracked 
|  97|0x0000000090500000, 0x0000000090500000, 0x0000000090600000|  0%| F|  |TAMS 0x0000000090500000| PB 0x0000000090500000| Untracked 
|  98|0x0000000090600000, 0x0000000090600000, 0x0000000090700000|  0%| F|  |TAMS 0x0000000090600000| PB 0x0000000090600000| Untracked 
|  99|0x0000000090700000, 0x0000000090700000, 0x0000000090800000|  0%| F|  |TAMS 0x0000000090700000| PB 0x0000000090700000| Untracked 
| 100|0x0000000090800000, 0x0000000090800000, 0x0000000090900000|  0%| F|  |TAMS 0x0000000090800000| PB 0x0000000090800000| Untracked 
| 101|0x0000000090900000, 0x0000000090900000, 0x0000000090a00000|  0%| F|  |TAMS 0x0000000090900000| PB 0x0000000090900000| Untracked 
| 102|0x0000000090a00000, 0x0000000090a00000, 0x0000000090b00000|  0%| F|  |TAMS 0x0000000090a00000| PB 0x0000000090a00000| Untracked 
| 103|0x0000000090b00000, 0x0000000090b00000, 0x0000000090c00000|  0%| F|  |TAMS 0x0000000090b00000| PB 0x0000000090b00000| Untracked 
| 104|0x0000000090c00000, 0x0000000090c00000, 0x0000000090d00000|  0%| F|  |TAMS 0x0000000090c00000| PB 0x0000000090c00000| Untracked 
| 105|0x0000000090d00000, 0x0000000090d00000, 0x0000000090e00000|  0%| F|  |TAMS 0x0000000090d00000| PB 0x0000000090d00000| Untracked 
| 106|0x0000000090e00000, 0x0000000090e00000, 0x0000000090f00000|  0%| F|  |TAMS 0x0000000090e00000| PB 0x0000000090e00000| Untracked 
| 107|0x0000000090f00000, 0x0000000090f00000, 0x0000000091000000|  0%| F|  |TAMS 0x0000000090f00000| PB 0x0000000090f00000| Untracked 
| 108|0x0000000091000000, 0x0000000091000000, 0x0000000091100000|  0%| F|  |TAMS 0x0000000091000000| PB 0x0000000091000000| Untracked 
| 109|0x0000000091100000, 0x0000000091100000, 0x0000000091200000|  0%| F|  |TAMS 0x0000000091100000| PB 0x0000000091100000| Untracked 
| 110|0x0000000091200000, 0x0000000091200000, 0x0000000091300000|  0%| F|  |TAMS 0x0000000091200000| PB 0x0000000091200000| Untracked 
| 111|0x0000000091300000, 0x0000000091300000, 0x0000000091400000|  0%| F|  |TAMS 0x0000000091300000| PB 0x0000000091300000| Untracked 
| 112|0x0000000091400000, 0x0000000091400000, 0x0000000091500000|  0%| F|  |TAMS 0x0000000091400000| PB 0x0000000091400000| Untracked 
| 113|0x0000000091500000, 0x0000000091500000, 0x0000000091600000|  0%| F|  |TAMS 0x0000000091500000| PB 0x0000000091500000| Untracked 
| 114|0x0000000091600000, 0x0000000091600000, 0x0000000091700000|  0%| F|  |TAMS 0x0000000091600000| PB 0x0000000091600000| Untracked 
| 115|0x0000000091700000, 0x0000000091700000, 0x0000000091800000|  0%| F|  |TAMS 0x0000000091700000| PB 0x0000000091700000| Untracked 
| 116|0x0000000091800000, 0x0000000091800000, 0x0000000091900000|  0%| F|  |TAMS 0x0000000091800000| PB 0x0000000091800000| Untracked 
| 117|0x0000000091900000, 0x0000000091900000, 0x0000000091a00000|  0%| F|  |TAMS 0x0000000091900000| PB 0x0000000091900000| Untracked 
| 118|0x0000000091a00000, 0x0000000091a00000, 0x0000000091b00000|  0%| F|  |TAMS 0x0000000091a00000| PB 0x0000000091a00000| Untracked 
| 119|0x0000000091b00000, 0x0000000091b00000, 0x0000000091c00000|  0%| F|  |TAMS 0x0000000091b00000| PB 0x0000000091b00000| Untracked 
| 120|0x0000000091c00000, 0x0000000091c00000, 0x0000000091d00000|  0%| F|  |TAMS 0x0000000091c00000| PB 0x0000000091c00000| Untracked 
| 121|0x0000000091d00000, 0x0000000091d00000, 0x0000000091e00000|  0%| F|  |TAMS 0x0000000091d00000| PB 0x0000000091d00000| Untracked 
| 122|0x0000000091e00000, 0x0000000091e00000, 0x0000000091f00000|  0%| F|  |TAMS 0x0000000091e00000| PB 0x0000000091e00000| Untracked 
| 123|0x0000000091f00000, 0x0000000091f00000, 0x0000000092000000|  0%| F|  |TAMS 0x0000000091f00000| PB 0x0000000091f00000| Untracked 
| 124|0x0000000092000000, 0x0000000092000000, 0x0000000092100000|  0%| F|  |TAMS 0x0000000092000000| PB 0x0000000092000000| Untracked 
| 125|0x0000000092100000, 0x0000000092100000, 0x0000000092200000|  0%| F|  |TAMS 0x0000000092100000| PB 0x0000000092100000| Untracked 
| 126|0x0000000092200000, 0x0000000092200000, 0x0000000092300000|  0%| F|  |TAMS 0x0000000092200000| PB 0x0000000092200000| Untracked 
| 127|0x0000000092300000, 0x0000000092300000, 0x0000000092400000|  0%| F|  |TAMS 0x0000000092300000| PB 0x0000000092300000| Untracked 
| 128|0x0000000092400000, 0x0000000092400000, 0x0000000092500000|  0%| F|  |TAMS 0x0000000092400000| PB 0x0000000092400000| Untracked 
| 129|0x0000000092500000, 0x0000000092500000, 0x0000000092600000|  0%| F|  |TAMS 0x0000000092500000| PB 0x0000000092500000| Untracked 
| 130|0x0000000092600000, 0x0000000092600000, 0x0000000092700000|  0%| F|  |TAMS 0x0000000092600000| PB 0x0000000092600000| Untracked 
| 131|0x0000000092700000, 0x0000000092700000, 0x0000000092800000|  0%| F|  |TAMS 0x0000000092700000| PB 0x0000000092700000| Untracked 
| 132|0x0000000092800000, 0x0000000092800000, 0x0000000092900000|  0%| F|  |TAMS 0x0000000092800000| PB 0x0000000092800000| Untracked 
| 133|0x0000000092900000, 0x0000000092900000, 0x0000000092a00000|  0%| F|  |TAMS 0x0000000092900000| PB 0x0000000092900000| Untracked 
| 134|0x0000000092a00000, 0x0000000092a00000, 0x0000000092b00000|  0%| F|  |TAMS 0x0000000092a00000| PB 0x0000000092a00000| Untracked 
| 135|0x0000000092b00000, 0x0000000092b00000, 0x0000000092c00000|  0%| F|  |TAMS 0x0000000092b00000| PB 0x0000000092b00000| Untracked 
| 136|0x0000000092c00000, 0x0000000092c00000, 0x0000000092d00000|  0%| F|  |TAMS 0x0000000092c00000| PB 0x0000000092c00000| Untracked 
| 137|0x0000000092d00000, 0x0000000092d00000, 0x0000000092e00000|  0%| F|  |TAMS 0x0000000092d00000| PB 0x0000000092d00000| Untracked 
| 138|0x0000000092e00000, 0x0000000092e00000, 0x0000000092f00000|  0%| F|  |TAMS 0x0000000092e00000| PB 0x0000000092e00000| Untracked 
| 139|0x0000000092f00000, 0x0000000092f00000, 0x0000000093000000|  0%| F|  |TAMS 0x0000000092f00000| PB 0x0000000092f00000| Untracked 
| 140|0x0000000093000000, 0x0000000093000000, 0x0000000093100000|  0%| F|  |TAMS 0x0000000093000000| PB 0x0000000093000000| Untracked 
| 141|0x0000000093100000, 0x0000000093100000, 0x0000000093200000|  0%| F|  |TAMS 0x0000000093100000| PB 0x0000000093100000| Untracked 
| 142|0x0000000093200000, 0x0000000093200000, 0x0000000093300000|  0%| F|  |TAMS 0x0000000093200000| PB 0x0000000093200000| Untracked 
| 143|0x0000000093300000, 0x0000000093300000, 0x0000000093400000|  0%| F|  |TAMS 0x0000000093300000| PB 0x0000000093300000| Untracked 
| 144|0x0000000093400000, 0x0000000093400000, 0x0000000093500000|  0%| F|  |TAMS 0x0000000093400000| PB 0x0000000093400000| Untracked 
| 145|0x0000000093500000, 0x0000000093500000, 0x0000000093600000|  0%| F|  |TAMS 0x0000000093500000| PB 0x0000000093500000| Untracked 
| 146|0x0000000093600000, 0x00000000936980e0, 0x0000000093700000| 59%| S|CS|TAMS 0x0000000093600000| PB 0x0000000093600000| Complete 
| 147|0x0000000093700000, 0x0000000093700000, 0x0000000093800000|  0%| F|  |TAMS 0x0000000093700000| PB 0x0000000093700000| Untracked 
| 148|0x0000000093800000, 0x0000000093900000, 0x0000000093900000|100%| S|CS|TAMS 0x0000000093800000| PB 0x0000000093800000| Complete 
| 149|0x0000000093900000, 0x0000000093a00000, 0x0000000093a00000|100%| E|  |TAMS 0x0000000093900000| PB 0x0000000093900000| Complete 
| 150|0x0000000093a00000, 0x0000000093b00000, 0x0000000093b00000|100%| E|CS|TAMS 0x0000000093a00000| PB 0x0000000093a00000| Complete 
|1882|0x00000000ffe00000, 0x00000000ffeb9d60, 0x00000000fff00000| 72%| O|  |TAMS 0x00000000ffe00000| PB 0x00000000ffe00000| Untracked 
|1883|0x00000000fff00000, 0x0000000100000000, 0x0000000100000000|100%| O|  |TAMS 0x00000000fff00000| PB 0x00000000fff00000| Untracked 

Card table byte_map: [0x0000029f1cbc0000,0x0000029f1cf70000] _byte_map_base: 0x0000029f1c76e000

Marking Bits: (CMBitMap*) 0x0000029f050d94a0
 Bits: [0x0000029f1cf70000, 0x0000029f1ece0000)

Polling page: 0x0000029f02fe0000

Metaspace:

Usage:
  Non-class:     21.47 MB used.
      Class:      2.17 MB used.
       Both:     23.64 MB used.

Virtual space:
  Non-class space:       64.00 MB reserved,      21.56 MB ( 34%) committed,  1 nodes.
      Class space:        1.00 GB reserved,       2.31 MB ( <1%) committed,  1 nodes.
             Both:        1.06 GB reserved,      23.88 MB (  2%) committed. 

Chunk freelists:
   Non-Class:  10.00 MB
       Class:  13.58 MB
        Both:  23.58 MB

MaxMetaspaceSize: unlimited
CompressedClassSpaceSize: 1.00 GB
Initial GC threshold: 21.00 MB
Current GC threshold: 35.25 MB
CDS: on
 - commit_granule_bytes: 65536.
 - commit_granule_words: 8192.
 - virtual_space_node_default_size: 8388608.
 - enlarge_chunks_in_place: 1.
 - use_allocation_guard: 0.


Internal statistics:

num_allocs_failed_limit: 3.
num_arena_births: 206.
num_arena_deaths: 0.
num_vsnodes_births: 2.
num_vsnodes_deaths: 0.
num_space_committed: 380.
num_space_uncommitted: 0.
num_chunks_returned_to_freelist: 3.
num_chunks_taken_from_freelist: 647.
num_chunk_merges: 3.
num_chunk_splits: 502.
num_chunks_enlarged: 398.
num_inconsistent_stats: 0.

CodeHeap 'non-profiled nmethods': size=120000Kb used=1611Kb max_used=1611Kb free=118388Kb
 bounds [0x0000029f14fb0000, 0x0000029f15220000, 0x0000029f1c4e0000]
CodeHeap 'profiled nmethods': size=120000Kb used=6653Kb max_used=6653Kb free=113346Kb
 bounds [0x0000029f0d4e0000, 0x0000029f0db60000, 0x0000029f14a10000]
CodeHeap 'non-nmethods': size=5760Kb used=2561Kb max_used=2580Kb free=3198Kb
 bounds [0x0000029f14a10000, 0x0000029f14ca0000, 0x0000029f14fb0000]
 total_blobs=4495 nmethods=3118 adapters=1281
 compilation: enabled
              stopped_count=0, restarted_count=0
 full_count=0

Compilation events (20 events):
Event: 25.266 Thread 0x0000029f2172a000 3110       3       sun.awt.image.SurfaceManager::getCacheData (20 bytes)
Event: 25.266 Thread 0x0000029f2172a000 nmethod 3110 0x0000029f0db58a10 code [0x0000029f0db58bc0, 0x0000029f0db58d80]
Event: 25.266 Thread 0x0000029f2172a000 3111       3       sun.java2d.pipe.DrawImage::isBgOperation (22 bytes)
Event: 25.266 Thread 0x0000029f2172a000 nmethod 3111 0x0000029f0db58e90 code [0x0000029f0db59060, 0x0000029f0db593e0]
Event: 25.266 Thread 0x0000029f2172a000 3108   !   3       sun.java2d.pipe.DrawImage::renderImageScale (158 bytes)
Event: 25.267 Thread 0x0000029f2172a000 nmethod 3108 0x0000029f0db59510 code [0x0000029f0db597a0, 0x0000029f0db5a690]
Event: 26.521 Thread 0x0000029f2172a000 3112       3       java.math.BigInteger::toByteArray (78 bytes)
Event: 26.522 Thread 0x0000029f2172a000 nmethod 3112 0x0000029f0db5ad90 code [0x0000029f0db5af60, 0x0000029f0db5b330]
Event: 26.522 Thread 0x0000029f2172a000 3113       3       java.math.BigInteger::bitLength (140 bytes)
Event: 26.523 Thread 0x0000029f2172a000 nmethod 3113 0x0000029f0db5b510 code [0x0000029f0db5b700, 0x0000029f0db5bc58]
Event: 26.523 Thread 0x0000029f2172a000 3114       3       java.math.BigInteger::bitLengthForInt (8 bytes)
Event: 26.523 Thread 0x0000029f2172a000 nmethod 3114 0x0000029f0db5be90 code [0x0000029f0db5c040, 0x0000029f0db5c160]
Event: 26.523 Thread 0x0000029f2172a000 3115       3       java.math.BigInteger::getInt (63 bytes)
Event: 26.523 Thread 0x0000029f2172a000 nmethod 3115 0x0000029f0db5c210 code [0x0000029f0db5c400, 0x0000029f0db5c800]
Event: 26.523 Thread 0x0000029f2172a000 3116  s    3       sun.security.provider.HashDrbg::generateAlgorithm (188 bytes)
Event: 26.524 Thread 0x0000029f2172a000 nmethod 3116 0x0000029f0db5c910 code [0x0000029f0db5cc60, 0x0000029f0db5ebc8]
Event: 26.710 Thread 0x0000029f21717450 3117       4       sun.security.provider.HashDrbg::addBytes (130 bytes)
Event: 26.718 Thread 0x0000029f21717450 nmethod 3117 0x0000029f15142110 code [0x0000029f151422a0, 0x0000029f15142658]
Event: 26.890 Thread 0x0000029f21717450 3118       4       sun.security.provider.HashDrbg::addBytes (130 bytes)
Event: 26.895 Thread 0x0000029f21717450 nmethod 3118 0x0000029f15142810 code [0x0000029f151429a0, 0x0000029f15142da0]

GC Heap History (20 events):
Event: 20.805 GC heap before
{Heap before GC invocations=10 (full 0):
 garbage-first heap   total 156672K, used 72932K [0x000000008a400000, 0x0000000100000000)
  region size 1024K, 5 young (5120K), 2 survivors (2048K)
 Metaspace       used 24043K, committed 24320K, reserved 1114112K
  class space    used 2218K, committed 2368K, reserved 1048576K
}
Event: 20.807 GC heap after
{Heap after GC invocations=11 (full 0):
 garbage-first heap   total 156672K, used 31967K [0x000000008a400000, 0x0000000100000000)
  region size 1024K, 2 young (2048K), 2 survivors (2048K)
 Metaspace       used 24043K, committed 24320K, reserved 1114112K
  class space    used 2218K, committed 2368K, reserved 1048576K
}
Event: 21.417 GC heap before
{Heap before GC invocations=11 (full 0):
 garbage-first heap   total 156672K, used 72927K [0x000000008a400000, 0x0000000100000000)
  region size 1024K, 5 young (5120K), 2 survivors (2048K)
 Metaspace       used 24058K, committed 24384K, reserved 1114112K
  class space    used 2218K, committed 2368K, reserved 1048576K
}
Event: 21.419 GC heap after
{Heap after GC invocations=12 (full 0):
 garbage-first heap   total 156672K, used 29940K [0x000000008a400000, 0x0000000100000000)
  region size 1024K, 2 young (2048K), 2 survivors (2048K)
 Metaspace       used 24058K, committed 24384K, reserved 1114112K
  class space    used 2218K, committed 2368K, reserved 1048576K
}
Event: 22.133 GC heap before
{Heap before GC invocations=12 (full 0):
 garbage-first heap   total 156672K, used 72948K [0x000000008a400000, 0x0000000100000000)
  region size 1024K, 5 young (5120K), 2 survivors (2048K)
 Metaspace       used 24066K, committed 24384K, reserved 1114112K
  class space    used 2218K, committed 2368K, reserved 1048576K
}
Event: 22.135 GC heap after
{Heap after GC invocations=13 (full 0):
 garbage-first heap   total 156672K, used 30955K [0x000000008a400000, 0x0000000100000000)
  region size 1024K, 2 young (2048K), 2 survivors (2048K)
 Metaspace       used 24066K, committed 24384K, reserved 1114112K
  class space    used 2218K, committed 2368K, reserved 1048576K
}
Event: 22.727 GC heap before
{Heap before GC invocations=13 (full 0):
 garbage-first heap   total 156672K, used 72939K [0x000000008a400000, 0x0000000100000000)
  region size 1024K, 5 young (5120K), 2 survivors (2048K)
 Metaspace       used 24086K, committed 24384K, reserved 1114112K
  class space    used 2218K, committed 2368K, reserved 1048576K
}
Event: 22.728 GC heap after
{Heap after GC invocations=14 (full 0):
 garbage-first heap   total 156672K, used 29973K [0x000000008a400000, 0x0000000100000000)
  region size 1024K, 2 young (2048K), 2 survivors (2048K)
 Metaspace       used 24086K, committed 24384K, reserved 1114112K
  class space    used 2218K, committed 2368K, reserved 1048576K
}
Event: 23.548 GC heap before
{Heap before GC invocations=14 (full 0):
 garbage-first heap   total 156672K, used 75029K [0x000000008a400000, 0x0000000100000000)
  region size 1024K, 7 young (7168K), 2 survivors (2048K)
 Metaspace       used 24138K, committed 24384K, reserved 1114112K
  class space    used 2225K, committed 2368K, reserved 1048576K
}
Event: 23.549 GC heap after
{Heap after GC invocations=15 (full 0):
 garbage-first heap   total 156672K, used 31126K [0x000000008a400000, 0x0000000100000000)
  region size 1024K, 2 young (2048K), 2 survivors (2048K)
 Metaspace       used 24138K, committed 24384K, reserved 1114112K
  class space    used 2225K, committed 2368K, reserved 1048576K
}
Event: 24.183 GC heap before
{Heap before GC invocations=15 (full 0):
 garbage-first heap   total 156672K, used 74134K [0x000000008a400000, 0x0000000100000000)
  region size 1024K, 6 young (6144K), 2 survivors (2048K)
 Metaspace       used 24145K, committed 24384K, reserved 1114112K
  class space    used 2225K, committed 2368K, reserved 1048576K
}
Event: 24.184 GC heap after
{Heap after GC invocations=16 (full 0):
 garbage-first heap   total 156672K, used 29975K [0x000000008a400000, 0x0000000100000000)
  region size 1024K, 2 young (2048K), 2 survivors (2048K)
 Metaspace       used 24145K, committed 24384K, reserved 1114112K
  class space    used 2225K, committed 2368K, reserved 1048576K
}
Event: 24.841 GC heap before
{Heap before GC invocations=16 (full 0):
 garbage-first heap   total 156672K, used 72983K [0x000000008a400000, 0x0000000100000000)
  region size 1024K, 5 young (5120K), 2 survivors (2048K)
 Metaspace       used 24202K, committed 24448K, reserved 1114112K
  class space    used 2225K, committed 2368K, reserved 1048576K
}
Event: 24.843 GC heap after
{Heap after GC invocations=17 (full 0):
 garbage-first heap   total 156672K, used 31012K [0x000000008a400000, 0x0000000100000000)
  region size 1024K, 2 young (2048K), 2 survivors (2048K)
 Metaspace       used 24202K, committed 24448K, reserved 1114112K
  class space    used 2225K, committed 2368K, reserved 1048576K
}
Event: 25.451 GC heap before
{Heap before GC invocations=17 (full 0):
 garbage-first heap   total 156672K, used 71972K [0x000000008a400000, 0x0000000100000000)
  region size 1024K, 4 young (4096K), 2 survivors (2048K)
 Metaspace       used 24205K, committed 24448K, reserved 1114112K
  class space    used 2225K, committed 2368K, reserved 1048576K
}
Event: 25.453 GC heap after
{Heap after GC invocations=18 (full 0):
 garbage-first heap   total 156672K, used 32080K [0x000000008a400000, 0x0000000100000000)
  region size 1024K, 2 young (2048K), 2 survivors (2048K)
 Metaspace       used 24205K, committed 24448K, reserved 1114112K
  class space    used 2225K, committed 2368K, reserved 1048576K
}
Event: 26.108 GC heap before
{Heap before GC invocations=18 (full 0):
 garbage-first heap   total 156672K, used 72016K [0x000000008a400000, 0x0000000100000000)
  region size 1024K, 4 young (4096K), 2 survivors (2048K)
 Metaspace       used 24205K, committed 24448K, reserved 1114112K
  class space    used 2225K, committed 2368K, reserved 1048576K
}
Event: 26.110 GC heap after
{Heap after GC invocations=19 (full 0):
 garbage-first heap   total 156672K, used 32063K [0x000000008a400000, 0x0000000100000000)
  region size 1024K, 2 young (2048K), 2 survivors (2048K)
 Metaspace       used 24205K, committed 24448K, reserved 1114112K
  class space    used 2225K, committed 2368K, reserved 1048576K
}
Event: 26.716 GC heap before
{Heap before GC invocations=19 (full 0):
 garbage-first heap   total 156672K, used 71999K [0x000000008a400000, 0x0000000100000000)
  region size 1024K, 4 young (4096K), 2 survivors (2048K)
 Metaspace       used 24208K, committed 24448K, reserved 1114112K
  class space    used 2225K, committed 2368K, reserved 1048576K
}
Event: 26.717 GC heap after
{Heap after GC invocations=20 (full 0):
 garbage-first heap   total 156672K, used 32071K [0x000000008a400000, 0x0000000100000000)
  region size 1024K, 2 young (2048K), 2 survivors (2048K)
 Metaspace       used 24208K, committed 24448K, reserved 1114112K
  class space    used 2225K, committed 2368K, reserved 1048576K
}

Dll operation events (20 events):
Event: 5.456 Loaded shared library C:\Users\jemcg\.javacpp\cache\opencv-windows-x86_64.jar\org\bytedeco\opencv\windows-x86_64\jniopencv_imgcodecs.dll
Event: 5.484 Loaded shared library C:\Users\jemcg\.javacpp\cache\opencv-windows-x86_64.jar\org\bytedeco\opencv\windows-x86_64\opencv_videoio470.dll
Event: 5.488 Loaded shared library C:\Users\jemcg\.javacpp\cache\opencv-windows-x86_64.jar\org\bytedeco\opencv\windows-x86_64\jniopencv_videoio.dll
Event: 5.505 Loaded shared library C:\Users\jemcg\.javacpp\cache\opencv-windows-x86_64.jar\org\bytedeco\opencv\windows-x86_64\opencv_highgui470.dll
Event: 5.508 Loaded shared library C:\Users\jemcg\.javacpp\cache\opencv-windows-x86_64.jar\org\bytedeco\opencv\windows-x86_64\jniopencv_highgui.dll
Event: 5.524 Loaded shared library C:\Users\jemcg\.javacpp\cache\opencv-windows-x86_64.jar\org\bytedeco\opencv\windows-x86_64\opencv_flann470.dll
Event: 5.529 Loaded shared library C:\Users\jemcg\.javacpp\cache\opencv-windows-x86_64.jar\org\bytedeco\opencv\windows-x86_64\jniopencv_flann.dll
Event: 5.548 Loaded shared library C:\Users\jemcg\.javacpp\cache\opencv-windows-x86_64.jar\org\bytedeco\opencv\windows-x86_64\opencv_features2d470.dll
Event: 5.553 Loaded shared library C:\Users\jemcg\.javacpp\cache\opencv-windows-x86_64.jar\org\bytedeco\opencv\windows-x86_64\jniopencv_features2d.dll
Event: 5.581 Loaded shared library C:\Users\jemcg\.javacpp\cache\opencv-windows-x86_64.jar\org\bytedeco\opencv\windows-x86_64\opencv_calib3d470.dll
Event: 5.586 Loaded shared library C:\Users\jemcg\.javacpp\cache\opencv-windows-x86_64.jar\org\bytedeco\opencv\windows-x86_64\jniopencv_calib3d.dll
Event: 5.607 Loaded shared library C:\Users\jemcg\.javacpp\cache\opencv-windows-x86_64.jar\org\bytedeco\opencv\windows-x86_64\opencv_dnn470.dll
Event: 5.611 Loaded shared library C:\Users\jemcg\.javacpp\cache\opencv-windows-x86_64.jar\org\bytedeco\opencv\windows-x86_64\jniopencv_dnn.dll
Event: 5.646 Loaded shared library C:\Users\jemcg\.javacpp\cache\opencv-windows-x86_64.jar\org\bytedeco\opencv\windows-x86_64\opencv_objdetect470.dll
Event: 5.652 Loaded shared library C:\Users\jemcg\.javacpp\cache\opencv-windows-x86_64.jar\org\bytedeco\opencv\windows-x86_64\jniopencv_objdetect.dll
Event: 5.736 Loaded shared library C:\Users\jemcg\.javacpp\cache\opencv-windows-x86_64.jar\org\bytedeco\opencv\windows-x86_64\opencv_photo470.dll
Event: 5.743 Loaded shared library C:\Users\jemcg\.javacpp\cache\opencv-windows-x86_64.jar\org\bytedeco\opencv\windows-x86_64\jniopencv_photo.dll
Event: 5.763 Loaded shared library C:\Users\jemcg\.javacpp\cache\opencv-windows-x86_64.jar\org\bytedeco\opencv\windows-x86_64\opencv_face470.dll
Event: 5.768 Loaded shared library C:\Users\jemcg\.javacpp\cache\opencv-windows-x86_64.jar\org\bytedeco\opencv\windows-x86_64\jniopencv_face.dll
Event: 9.333 Loaded shared library C:\Program Files\Java\jdk-21\bin\extnet.dll

Deoptimization events (20 events):
Event: 23.549 Thread 0x0000029f6e746610 DEOPT PACKING pc=0x0000029f1501523c sp=0x000000f99dafe960
Event: 23.549 Thread 0x0000029f6e746610 DEOPT UNPACKING pc=0x0000029f14a646a2 sp=0x000000f99dafe8e0 mode 2
Event: 26.710 Thread 0x0000029fe037c660 DEOPT PACKING pc=0x0000029f0dab4380 sp=0x000000f99e5febd0
Event: 26.710 Thread 0x0000029fe037c660 DEOPT UNPACKING pc=0x0000029f14a64e42 sp=0x000000f99e5fe030 mode 0
Event: 26.758 Thread 0x0000029fe037fae0 Uncommon trap: trap_request=0xffffffbe fr.pc=0x0000029f1514259c relative=0x00000000000002fc
Event: 26.758 Thread 0x0000029fe037fae0 Uncommon trap: reason=profile_predicate action=maybe_recompile pc=0x0000029f1514259c method=sun.security.provider.HashDrbg.addBytes([BI[[B)V @ 36 c2
Event: 26.758 Thread 0x0000029fe037fae0 DEOPT PACKING pc=0x0000029f1514259c sp=0x000000f99d2fecb0
Event: 26.758 Thread 0x0000029fe037fae0 DEOPT UNPACKING pc=0x0000029f14a646a2 sp=0x000000f99d2fec00 mode 2
Event: 26.759 Thread 0x0000029fe037fae0 Uncommon trap: trap_request=0xffffffbe fr.pc=0x0000029f1514259c relative=0x00000000000002fc
Event: 26.759 Thread 0x0000029fe037fae0 Uncommon trap: reason=profile_predicate action=maybe_recompile pc=0x0000029f1514259c method=sun.security.provider.HashDrbg.addBytes([BI[[B)V @ 36 c2
Event: 26.759 Thread 0x0000029fe037fae0 DEOPT PACKING pc=0x0000029f1514259c sp=0x000000f99d2fecb0
Event: 26.759 Thread 0x0000029fe037fae0 DEOPT UNPACKING pc=0x0000029f14a646a2 sp=0x000000f99d2fec00 mode 2
Event: 26.823 Thread 0x0000029fe037c660 Uncommon trap: trap_request=0xffffffbe fr.pc=0x0000029f1514259c relative=0x00000000000002fc
Event: 26.823 Thread 0x0000029fe037c660 Uncommon trap: reason=profile_predicate action=maybe_recompile pc=0x0000029f1514259c method=sun.security.provider.HashDrbg.addBytes([BI[[B)V @ 36 c2
Event: 26.823 Thread 0x0000029fe037c660 DEOPT PACKING pc=0x0000029f1514259c sp=0x000000f99e5febe0
Event: 26.823 Thread 0x0000029fe037c660 DEOPT UNPACKING pc=0x0000029f14a646a2 sp=0x000000f99e5feb30 mode 2
Event: 26.823 Thread 0x0000029fe037c660 Uncommon trap: trap_request=0xffffffbe fr.pc=0x0000029f1514259c relative=0x00000000000002fc
Event: 26.823 Thread 0x0000029fe037c660 Uncommon trap: reason=profile_predicate action=maybe_recompile pc=0x0000029f1514259c method=sun.security.provider.HashDrbg.addBytes([BI[[B)V @ 36 c2
Event: 26.823 Thread 0x0000029fe037c660 DEOPT PACKING pc=0x0000029f1514259c sp=0x000000f99e5febe0
Event: 26.823 Thread 0x0000029fe037c660 DEOPT UNPACKING pc=0x0000029f14a646a2 sp=0x000000f99e5feb30 mode 2

Classes loaded (20 events):
Event: 15.220 Loading class javax/crypto/BadPaddingException
Event: 15.220 Loading class javax/crypto/BadPaddingException done
Event: 15.220 Loading class java/security/spec/InvalidKeySpecException
Event: 15.220 Loading class java/security/spec/InvalidKeySpecException done
Event: 15.220 Loading class java/security/spec/KeySpec
Event: 15.220 Loading class java/security/spec/KeySpec done
Event: 15.220 Loading class java/security/cert/CertificateException
Event: 15.220 Loading class java/security/cert/CertificateException done
Event: 15.220 Loading class javax/net/ssl/SSLSocket
Event: 15.220 Loading class javax/net/ssl/SSLSocket done
Event: 15.229 Loading class javax/swing/SwingWorker$4
Event: 15.229 Loading class javax/swing/SwingWorker$4 done
Event: 15.950 Loading class java/util/concurrent/atomic/AtomicReferenceFieldUpdater
Event: 15.950 Loading class java/util/concurrent/atomic/AtomicReferenceFieldUpdater done
Event: 15.950 Loading class java/util/concurrent/atomic/AtomicReferenceFieldUpdater$AtomicReferenceFieldUpdaterImpl
Event: 15.950 Loading class java/util/concurrent/atomic/AtomicReferenceFieldUpdater$AtomicReferenceFieldUpdaterImpl done
Event: 15.950 Loading class java/util/concurrent/atomic/AtomicReferenceFieldUpdater$AtomicReferenceFieldUpdaterImpl$1
Event: 15.950 Loading class java/util/concurrent/atomic/AtomicReferenceFieldUpdater$AtomicReferenceFieldUpdaterImpl$1 done
Event: 23.393 Loading class java/util/concurrent/locks/ReentrantReadWriteLock$Sync$HoldCounter
Event: 23.393 Loading class java/util/concurrent/locks/ReentrantReadWriteLock$Sync$HoldCounter done

Classes unloaded (0 events):
No events

Classes redefined (0 events):
No events

Internal exceptions (20 events):
Event: 0.435 Thread 0x0000029f02e2c310 Exception <a 'java/lang/NoSuchMethodError'{0x0000000090f177c0}: 'java.lang.Object java.lang.invoke.DirectMethodHandle$Holder.invokeStatic(java.lang.Object, int, java.lang.Object)'> (0x0000000090f177c0) 
thrown [s\open\src\hotspot\share\interpreter\linkResolver.cpp, line 773]
Event: 0.461 Thread 0x0000029f02e2c310 Exception <a 'java/lang/ClassNotFoundException'{0x0000000090fb69c8}: com/sun/swing/internal/plaf/metal/resources/spi/metalProvider> (0x0000000090fb69c8) 
thrown [s\open\src\hotspot\share\classfile\systemDictionary.cpp, line 312]
Event: 0.462 Thread 0x0000029f02e2c310 Exception <a 'java/lang/ClassNotFoundException'{0x0000000090fba928}: com/sun/swing/internal/plaf/basic/resources/spi/basicProvider> (0x0000000090fba928) 
thrown [s\open\src\hotspot\share\classfile\systemDictionary.cpp, line 312]
Event: 0.474 Thread 0x0000029f02e2c310 Exception <a 'java/lang/NoSuchMethodError'{0x0000000090fd9a20}: 'int java.lang.invoke.Invokers$Holder.invokeExact_MT(java.lang.Object, java.lang.Object)'> (0x0000000090fd9a20) 
thrown [s\open\src\hotspot\share\interpreter\linkResolver.cpp, line 773]
Event: 0.483 Thread 0x0000029f02e2c310 Implicit null exception at 0x0000029f14fece8d to 0x0000029f14fed8b0
Event: 0.527 Thread 0x0000029f6743cd10 Exception <a 'java/lang/NoSuchMethodError'{0x00000000910fad48}: 'void java.lang.invoke.DirectMethodHandle$Holder.invokeVirtual(java.lang.Object, java.lang.Object)'> (0x00000000910fad48) 
thrown [s\open\src\hotspot\share\interpreter\linkResolver.cpp, line 773]
Event: 0.557 Thread 0x0000029f02e2c310 Exception <a 'java/lang/NoSuchMethodError'{0x0000000090e2bea0}: 'void java.lang.invoke.DirectMethodHandle$Holder.invokeStaticInit(java.lang.Object)'> (0x0000000090e2bea0) 
thrown [s\open\src\hotspot\share\interpreter\linkResolver.cpp, line 773]
Event: 4.490 Thread 0x0000029f676a0930 Exception <a 'java/lang/NoSuchMethodError'{0x0000000090cfa990}: 'int java.lang.invoke.DirectMethodHandle$Holder.invokeStaticInit(java.lang.Object, java.lang.Object, java.lang.Object, java.lang.Object)'> (0x0000000090cfa990) 
thrown [s\open\src\hotspot\share\interpreter\linkResolver.cpp, line 773]
Event: 4.492 Thread 0x0000029f676a0930 Exception <a 'java/lang/NoSuchMethodError'{0x0000000090b107f0}: 'java.lang.Object java.lang.invoke.DirectMethodHandle$Holder.invokeInterface(java.lang.Object, java.lang.Object)'> (0x0000000090b107f0) 
thrown [s\open\src\hotspot\share\interpreter\linkResolver.cpp, line 773]
Event: 4.492 Thread 0x0000029f676a0930 Exception <a 'java/lang/IncompatibleClassChangeError'{0x0000000090b13d08}: Found class java.lang.Object, but interface was expected> (0x0000000090b13d08) 
thrown [s\open\src\hotspot\share\interpreter\linkResolver.cpp, line 840]
Event: 4.493 Thread 0x0000029f676a0930 Exception <a 'java/lang/NoSuchMethodError'{0x0000000090b16750}: 'void java.lang.invoke.DirectMethodHandle$Holder.invokeStatic(java.lang.Object, java.lang.Object)'> (0x0000000090b16750) 
thrown [s\open\src\hotspot\share\interpreter\linkResolver.cpp, line 773]
Event: 4.494 Thread 0x0000029f676a0930 Exception <a 'java/lang/NoSuchMethodError'{0x0000000090b19ab8}: 'void java.lang.invoke.DirectMethodHandle$Holder.invokeStaticInit(java.lang.Object, java.lang.Object)'> (0x0000000090b19ab8) 
thrown [s\open\src\hotspot\share\interpreter\linkResolver.cpp, line 773]
Event: 4.495 Thread 0x0000029f676a0930 Exception <a 'java/lang/NoSuchMethodError'{0x0000000090b1ef20}: 'int java.lang.invoke.DirectMethodHandle$Holder.invokeStaticInit(java.lang.Object, java.lang.Object)'> (0x0000000090b1ef20) 
thrown [s\open\src\hotspot\share\interpreter\linkResolver.cpp, line 773]
Event: 9.249 Thread 0x0000029f6e744540 Exception <a 'java/lang/NoSuchMethodError'{0x000000008ee9ece0}: 'java.lang.Object java.lang.invoke.DirectMethodHandle$Holder.invokeStaticInit(java.lang.Object, int, int, int, int)'> (0x000000008ee9ece0) 
thrown [s\open\src\hotspot\share\interpreter\linkResolver.cpp, line 773]
Event: 9.260 Thread 0x0000029f6e7458f0 Exception <a 'java/lang/NoSuchMethodError'{0x000000008ed56f18}: 'void java.lang.invoke.DirectMethodHandle$Holder.invokeStatic(java.lang.Object, java.lang.Object, java.lang.Object)'> (0x000000008ed56f18) 
thrown [s\open\src\hotspot\share\interpreter\linkResolver.cpp, line 773]
Event: 9.261 Thread 0x0000029f6e7458f0 Exception <a 'java/lang/NoSuchMethodError'{0x000000008ed5fc00}: 'java.lang.Object java.lang.invoke.DirectMethodHandle$Holder.invokeVirtual(java.lang.Object, java.lang.Object, java.lang.Object)'> (0x000000008ed5fc00) 
thrown [s\open\src\hotspot\share\interpreter\linkResolver.cpp, line 773]
Event: 9.269 Thread 0x0000029f6e744540 Exception <a 'java/lang/NoSuchMethodError'{0x000000008ec47f80}: 'java.lang.Object java.lang.invoke.DirectMethodHandle$Holder.invokeStaticInit(java.lang.Object, java.lang.Object, int, int, int, int)'> (0x000000008ec47f80) 
thrown [s\open\src\hotspot\share\interpreter\linkResolver.cpp, line 773]
Event: 9.494 Thread 0x0000029fe037edc0 Exception <a 'java/lang/NoSuchMethodError'{0x000000008bc45090}: 'java.lang.Object java.lang.invoke.DirectMethodHandle$Holder.newInvokeSpecial(java.lang.Object, java.lang.Object, java.lang.Object, int, int, int, int, int)'> (0x000000008bc45090) 
thrown [s\open\src\hotspot\share\interpreter\linkResolver.cpp, line 773]
Event: 9.544 Thread 0x0000029f6e743eb0 Exception <a 'java/lang/NoSuchMethodError'{0x000000008bcdc4b0}: 'int java.lang.invoke.DirectMethodHandle$Holder.invokeStatic(java.lang.Object)'> (0x000000008bcdc4b0) 
thrown [s\open\src\hotspot\share\interpreter\linkResolver.cpp, line 773]
Event: 15.228 Thread 0x0000029f6e7458f0 Exception <a 'java/lang/NoSuchMethodError'{0x000000008bbc8fa8}: 'void java.lang.invoke.DirectMethodHandle$Holder.invokeInterface(java.lang.Object, java.lang.Object)'> (0x000000008bbc8fa8) 
thrown [s\open\src\hotspot\share\interpreter\linkResolver.cpp, line 773]

ZGC Phase Switch (0 events):
No events

VM Operations (20 events):
Event: 20.805 Executing VM operation: G1TryInitiateConcMark (G1 Humongous Allocation)
Event: 20.807 Executing VM operation: G1TryInitiateConcMark (G1 Humongous Allocation) done
Event: 21.417 Executing VM operation: G1TryInitiateConcMark (G1 Humongous Allocation)
Event: 21.419 Executing VM operation: G1TryInitiateConcMark (G1 Humongous Allocation) done
Event: 22.133 Executing VM operation: G1TryInitiateConcMark (G1 Humongous Allocation)
Event: 22.135 Executing VM operation: G1TryInitiateConcMark (G1 Humongous Allocation) done
Event: 22.727 Executing VM operation: G1TryInitiateConcMark (G1 Humongous Allocation)
Event: 22.728 Executing VM operation: G1TryInitiateConcMark (G1 Humongous Allocation) done
Event: 23.547 Executing VM operation: G1TryInitiateConcMark (G1 Humongous Allocation)
Event: 23.549 Executing VM operation: G1TryInitiateConcMark (G1 Humongous Allocation) done
Event: 24.182 Executing VM operation: G1TryInitiateConcMark (G1 Humongous Allocation)
Event: 24.184 Executing VM operation: G1TryInitiateConcMark (G1 Humongous Allocation) done
Event: 24.841 Executing VM operation: G1TryInitiateConcMark (G1 Humongous Allocation)
Event: 24.843 Executing VM operation: G1TryInitiateConcMark (G1 Humongous Allocation) done
Event: 25.451 Executing VM operation: G1TryInitiateConcMark (G1 Humongous Allocation)
Event: 25.453 Executing VM operation: G1TryInitiateConcMark (G1 Humongous Allocation) done
Event: 26.108 Executing VM operation: G1TryInitiateConcMark (G1 Humongous Allocation)
Event: 26.110 Executing VM operation: G1TryInitiateConcMark (G1 Humongous Allocation) done
Event: 26.716 Executing VM operation: G1TryInitiateConcMark (G1 Humongous Allocation)
Event: 26.717 Executing VM operation: G1TryInitiateConcMark (G1 Humongous Allocation) done

Events (20 events):
Event: 6.305 Thread 0x0000029f6f2b8ff0 Thread exited: 0x0000029f6f2b8ff0
Event: 8.126 Thread 0x0000029f6e744540 Thread added: 0x0000029f6e744540
Event: 9.216 Thread 0x0000029f6e7458f0 Thread added: 0x0000029f6e7458f0
Event: 9.225 Thread 0x0000029f6e746610 Thread added: 0x0000029f6e746610
Event: 9.264 Thread 0x0000029f21a87080 Thread added: 0x0000029f21a87080
Event: 9.265 Thread 0x0000029fdf8d15c0 Thread added: 0x0000029fdf8d15c0
Event: 9.421 Thread 0x0000029f6e743eb0 Thread added: 0x0000029f6e743eb0
Event: 9.489 Thread 0x0000029fe037edc0 Thread added: 0x0000029fe037edc0
Event: 9.563 Thread 0x0000029fe0379870 Thread added: 0x0000029fe0379870
Event: 9.739 Thread 0x0000029f21a87080 Thread exited: 0x0000029f21a87080
Event: 9.739 Thread 0x0000029fdf8d15c0 Thread exited: 0x0000029fdf8d15c0
Event: 14.497 Thread 0x0000029fe037edc0 Thread exited: 0x0000029fe037edc0
Event: 15.217 Thread 0x0000029fe037fae0 Thread added: 0x0000029fe037fae0
Event: 15.947 Thread 0x0000029fe037da10 Thread added: 0x0000029fe037da10
Event: 16.346 Thread 0x0000029fe037c660 Thread added: 0x0000029fe037c660
Event: 23.392 Thread 0x0000029fe037e730 Thread added: 0x0000029fe037e730
Event: 23.392 Thread 0x0000029fe03791e0 Thread added: 0x0000029fe03791e0
Event: 23.530 Thread 0x0000029fe037ac20 Thread added: 0x0000029fe037ac20
Event: 23.544 Thread 0x0000029fe0379f00 Thread added: 0x0000029fe0379f00
Event: 24.415 Thread 0x0000029fe037a590 Thread added: 0x0000029fe037a590


Dynamic libraries:
0x00007ff6bb490000 - 0x00007ff6bb4a0000 	C:\Program Files\Java\jdk-21\bin\java.exe
0x00007ff8650d0000 - 0x00007ff8652e7000 	C:\WINDOWS\SYSTEM32\ntdll.dll
0x00007ff864580000 - 0x00007ff864644000 	C:\WINDOWS\System32\KERNEL32.DLL
0x00007ff862410000 - 0x00007ff8627b6000 	C:\WINDOWS\System32\KERNELBASE.dll
0x00007ff8629f0000 - 0x00007ff862b01000 	C:\WINDOWS\System32\ucrtbase.dll
0x00007ff852630000 - 0x00007ff85264b000 	C:\Program Files\Java\jdk-21\bin\VCRUNTIME140.dll
0x00007ff8523d0000 - 0x00007ff8523e9000 	C:\Program Files\Java\jdk-21\bin\jli.dll
0x00007ff863180000 - 0x00007ff863233000 	C:\WINDOWS\System32\ADVAPI32.dll
0x00007ff864ce0000 - 0x00007ff864d87000 	C:\WINDOWS\System32\msvcrt.dll
0x00007ff864650000 - 0x00007ff8646f8000 	C:\WINDOWS\System32\sechost.dll
0x00007ff862c20000 - 0x00007ff862c48000 	C:\WINDOWS\System32\bcrypt.dll
0x00007ff8641d0000 - 0x00007ff8642e7000 	C:\WINDOWS\System32\RPCRT4.dll
0x00007ff864e80000 - 0x00007ff86502e000 	C:\WINDOWS\System32\USER32.dll
0x00007ff862c50000 - 0x00007ff862c76000 	C:\WINDOWS\System32\win32u.dll
0x00007ff84d160000 - 0x00007ff84d3f3000 	C:\WINDOWS\WinSxS\amd64_microsoft.windows.common-controls_6595b64144ccf1df_6.0.22621.2506_none_270c5ae97388e100\COMCTL32.dll
0x00007ff862e40000 - 0x00007ff862e69000 	C:\WINDOWS\System32\GDI32.dll
0x00007ff862d00000 - 0x00007ff862e18000 	C:\WINDOWS\System32\gdi32full.dll
0x00007ff862b80000 - 0x00007ff862c1a000 	C:\WINDOWS\System32\msvcp_win.dll
0x00007ff8593c0000 - 0x00007ff8593ca000 	C:\WINDOWS\SYSTEM32\VERSION.dll
0x00007ff864d90000 - 0x00007ff864dc1000 	C:\WINDOWS\System32\IMM32.DLL
0x00007ff8548e0000 - 0x00007ff8548ec000 	C:\Program Files\Java\jdk-21\bin\vcruntime140_1.dll
0x00007ff82fe80000 - 0x00007ff82ff0e000 	C:\Program Files\Java\jdk-21\bin\msvcp140.dll
0x00007fff99500000 - 0x00007fff9a215000 	C:\Program Files\Java\jdk-21\bin\server\jvm.dll
0x00007ff863630000 - 0x00007ff8636a1000 	C:\WINDOWS\System32\WS2_32.dll
0x00007ff862080000 - 0x00007ff8620cd000 	C:\WINDOWS\SYSTEM32\POWRPROF.dll
0x00007ff85a470000 - 0x00007ff85a4a4000 	C:\WINDOWS\SYSTEM32\WINMM.dll
0x00007ff861ec0000 - 0x00007ff861ed3000 	C:\WINDOWS\SYSTEM32\UMPDC.dll
0x00007ff861450000 - 0x00007ff861468000 	C:\WINDOWS\SYSTEM32\kernel.appcore.dll
0x00007ff8523b0000 - 0x00007ff8523ba000 	C:\Program Files\Java\jdk-21\bin\jimage.dll
0x00007ff85fb90000 - 0x00007ff85fdc3000 	C:\WINDOWS\SYSTEM32\DBGHELP.DLL
0x00007ff863240000 - 0x00007ff8635c9000 	C:\WINDOWS\System32\combase.dll
0x00007ff8644a0000 - 0x00007ff864577000 	C:\WINDOWS\System32\OLEAUT32.dll
0x00007ff84f370000 - 0x00007ff84f3a2000 	C:\WINDOWS\SYSTEM32\dbgcore.DLL
0x00007ff862c80000 - 0x00007ff862cfa000 	C:\WINDOWS\System32\bcryptPrimitives.dll
0x00007ff852570000 - 0x00007ff85258f000 	C:\Program Files\Java\jdk-21\bin\java.dll
0x00007ff863800000 - 0x00007ff86405b000 	C:\WINDOWS\System32\SHELL32.dll
0x00007ff860370000 - 0x00007ff860c66000 	C:\WINDOWS\SYSTEM32\windows.storage.dll
0x00007ff860230000 - 0x00007ff86036e000 	C:\WINDOWS\SYSTEM32\wintypes.dll
0x00007ff862ec0000 - 0x00007ff862fb3000 	C:\WINDOWS\System32\SHCORE.dll
0x00007ff865030000 - 0x00007ff86508e000 	C:\WINDOWS\System32\shlwapi.dll
0x00007ff862340000 - 0x00007ff862366000 	C:\WINDOWS\SYSTEM32\profapi.dll
0x00007ff829af0000 - 0x00007ff829bc7000 	C:\Program Files\Java\jdk-21\bin\jsvml.dll
0x00007ff84efe0000 - 0x00007ff84eff0000 	C:\Program Files\Java\jdk-21\bin\net.dll
0x00007ff85c8c0000 - 0x00007ff85c9f7000 	C:\WINDOWS\SYSTEM32\WINHTTP.dll
0x00007ff861940000 - 0x00007ff8619a9000 	C:\WINDOWS\system32\mswsock.dll
0x00007ff84efc0000 - 0x00007ff84efd6000 	C:\Program Files\Java\jdk-21\bin\nio.dll
0x00007ff84cd60000 - 0x00007ff84cd78000 	C:\Program Files\Java\jdk-21\bin\zip.dll
0x00007ff825be0000 - 0x00007ff825d6f000 	C:\Program Files\Java\jdk-21\bin\awt.dll
0x00007ff85f270000 - 0x00007ff85f307000 	C:\WINDOWS\SYSTEM32\apphelp.dll
0x00007ff85f670000 - 0x00007ff85f69b000 	C:\WINDOWS\system32\DWMAPI.DLL
0x00007ff85f400000 - 0x00007ff85f4ab000 	C:\WINDOWS\system32\uxtheme.dll
0x00007ff8299f0000 - 0x00007ff829af0000 	C:\WINDOWS\system32\opengl32.dll
0x00007ff847200000 - 0x00007ff84722d000 	C:\WINDOWS\SYSTEM32\GLU32.dll
0x00007ff85f520000 - 0x00007ff85f559000 	C:\WINDOWS\SYSTEM32\dxcore.dll
0x00007ff864700000 - 0x00007ff864851000 	C:\WINDOWS\System32\MSCTF.dll
0x00007ff864300000 - 0x00007ff8644a0000 	C:\WINDOWS\System32\ole32.dll
0x00007ff811350000 - 0x00007ff8114f9000 	C:\WINDOWS\system32\d3d9.dll
0x00007ff8593d0000 - 0x00007ff8595ab000 	C:\WINDOWS\System32\DriverStore\FileRepository\u0364120.inf_amd64_636d39f1d2b33111\B364017\aticfx64.dll
0x00007ff83e2e0000 - 0x00007ff83e313000 	C:\WINDOWS\System32\DriverStore\FileRepository\u0364120.inf_amd64_636d39f1d2b33111\B364017\atiu9p64.dll
0x00007fff987f0000 - 0x00007fff994fc000 	C:\WINDOWS\System32\DriverStore\FileRepository\u0364120.inf_amd64_636d39f1d2b33111\B364017\atiumd64.dll
0x00000000640e0000 - 0x0000000064f9e000 	C:\WINDOWS\System32\DriverStore\FileRepository\u0364120.inf_amd64_636d39f1d2b33111\B364017\atiumd6a.dll
0x00007ff8572e0000 - 0x00007ff85730f000 	C:\WINDOWS\SYSTEM32\amdihk64.dll
0x00007ff85c750000 - 0x00007ff85c79a000 	C:\WINDOWS\SYSTEM32\directxdatabasehelper.dll
0x00007ff8264b0000 - 0x00007ff826537000 	C:\Program Files\Java\jdk-21\bin\freetype.dll
0x00007ff81bb10000 - 0x00007ff81bbe3000 	C:\Program Files\Java\jdk-21\bin\fontmanager.dll
0x00007ff864dd0000 - 0x00007ff864e80000 	C:\WINDOWS\System32\clbcatq.dll
0x00007ff85db80000 - 0x00007ff85dd30000 	C:\WINDOWS\SYSTEM32\WindowsCodecs.dll
0x00007ff841310000 - 0x00007ff84136e000 	C:\WINDOWS\system32\dataexchange.dll
0x00007ff85a020000 - 0x00007ff85a2a7000 	C:\WINDOWS\system32\twinapi.appcore.dll
0x00007ff843f30000 - 0x00007ff84407a000 	C:\WINDOWS\SYSTEM32\textinputframework.dll
0x00007ff85ef90000 - 0x00007ff85f0c4000 	C:\WINDOWS\SYSTEM32\CoreMessaging.dll
0x00007ff85bcf0000 - 0x00007ff85c05c000 	C:\WINDOWS\SYSTEM32\CoreUIComponents.dll
0x00007ff861bb0000 - 0x00007ff861bbc000 	C:\WINDOWS\SYSTEM32\CRYPTBASE.DLL
0x0000029f67880000 - 0x0000029f67884000 	C:\Users\jemcg\.javacpp\cache\javacpp-windows-x86_64.jar\org\bytedeco\javacpp\windows-x86_64\api-ms-win-crt-locale-l1-1-0.dll
0x0000029f67890000 - 0x0000029f67895000 	C:\Users\jemcg\.javacpp\cache\javacpp-windows-x86_64.jar\org\bytedeco\javacpp\windows-x86_64\api-ms-win-crt-string-l1-1-0.dll
0x0000029f678a0000 - 0x0000029f678a5000 	C:\Users\jemcg\.javacpp\cache\javacpp-windows-x86_64.jar\org\bytedeco\javacpp\windows-x86_64\api-ms-win-crt-stdio-l1-1-0.dll
0x0000029f678b0000 - 0x0000029f678b6000 	C:\Users\jemcg\.javacpp\cache\javacpp-windows-x86_64.jar\org\bytedeco\javacpp\windows-x86_64\api-ms-win-crt-math-l1-1-0.dll
0x0000029f678c0000 - 0x0000029f678c4000 	C:\Users\jemcg\.javacpp\cache\javacpp-windows-x86_64.jar\org\bytedeco\javacpp\windows-x86_64\api-ms-win-crt-heap-l1-1-0.dll
0x0000029f678d0000 - 0x0000029f678d5000 	C:\Users\jemcg\.javacpp\cache\javacpp-windows-x86_64.jar\org\bytedeco\javacpp\windows-x86_64\api-ms-win-crt-runtime-l1-1-0.dll
0x0000029f678e0000 - 0x0000029f678e5000 	C:\Users\jemcg\.javacpp\cache\javacpp-windows-x86_64.jar\org\bytedeco\javacpp\windows-x86_64\api-ms-win-crt-convert-l1-1-0.dll
0x0000029f6e310000 - 0x0000029f6e314000 	C:\Users\jemcg\.javacpp\cache\javacpp-windows-x86_64.jar\org\bytedeco\javacpp\windows-x86_64\api-ms-win-crt-environment-l1-1-0.dll
0x0000029f6e320000 - 0x0000029f6e324000 	C:\Users\jemcg\.javacpp\cache\javacpp-windows-x86_64.jar\org\bytedeco\javacpp\windows-x86_64\api-ms-win-crt-time-l1-1-0.dll
0x0000029f6e330000 - 0x0000029f6e334000 	C:\Users\jemcg\.javacpp\cache\javacpp-windows-x86_64.jar\org\bytedeco\javacpp\windows-x86_64\api-ms-win-crt-filesystem-l1-1-0.dll
0x0000029f6e340000 - 0x0000029f6e344000 	C:\Users\jemcg\.javacpp\cache\javacpp-windows-x86_64.jar\org\bytedeco\javacpp\windows-x86_64\api-ms-win-crt-utility-l1-1-0.dll
0x0000029f6e350000 - 0x0000029f6e356000 	C:\Users\jemcg\.javacpp\cache\javacpp-windows-x86_64.jar\org\bytedeco\javacpp\windows-x86_64\api-ms-win-crt-multibyte-l1-1-0.dll
0x0000029f6e360000 - 0x0000029f6e364000 	C:\Users\jemcg\.javacpp\cache\javacpp-windows-x86_64.jar\org\bytedeco\javacpp\windows-x86_64\api-ms-win-crt-conio-l1-1-0.dll
0x0000029f6e370000 - 0x0000029f6e381000 	C:\Users\jemcg\.javacpp\cache\javacpp-windows-x86_64.jar\org\bytedeco\javacpp\windows-x86_64\api-ms-win-crt-private-l1-1-0.dll
0x0000029f6e390000 - 0x0000029f6e394000 	C:\Users\jemcg\.javacpp\cache\javacpp-windows-x86_64.jar\org\bytedeco\javacpp\windows-x86_64\api-ms-win-crt-process-l1-1-0.dll
0x0000029f6e3a0000 - 0x0000029f6e3a4000 	C:\Users\jemcg\.javacpp\cache\javacpp-windows-x86_64.jar\org\bytedeco\javacpp\windows-x86_64\api-ms-win-core-console-l1-2-0.dll
0x0000029f6e3b0000 - 0x0000029f6e3b4000 	C:\Users\jemcg\.javacpp\cache\javacpp-windows-x86_64.jar\org\bytedeco\javacpp\windows-x86_64\api-ms-win-core-string-l1-1-0.dll
0x0000029f6e3c0000 - 0x0000029f6e3c4000 	C:\Users\jemcg\.javacpp\cache\javacpp-windows-x86_64.jar\org\bytedeco\javacpp\windows-x86_64\api-ms-win-core-errorhandling-l1-1-0.dll
0x0000029f6e3d0000 - 0x0000029f6e3d4000 	C:\Users\jemcg\.javacpp\cache\javacpp-windows-x86_64.jar\org\bytedeco\javacpp\windows-x86_64\api-ms-win-core-timezone-l1-1-0.dll
0x0000029f6e3e0000 - 0x0000029f6e3e5000 	C:\Users\jemcg\.javacpp\cache\javacpp-windows-x86_64.jar\org\bytedeco\javacpp\windows-x86_64\api-ms-win-core-file-l1-1-0.dll
0x0000029f6e3f0000 - 0x0000029f6e3f4000 	C:\Users\jemcg\.javacpp\cache\javacpp-windows-x86_64.jar\org\bytedeco\javacpp\windows-x86_64\api-ms-win-core-namedpipe-l1-1-0.dll
0x0000029f6e400000 - 0x0000029f6e404000 	C:\Users\jemcg\.javacpp\cache\javacpp-windows-x86_64.jar\org\bytedeco\javacpp\windows-x86_64\api-ms-win-core-handle-l1-1-0.dll
0x0000029f6e410000 - 0x0000029f6e414000 	C:\Users\jemcg\.javacpp\cache\javacpp-windows-x86_64.jar\org\bytedeco\javacpp\windows-x86_64\api-ms-win-core-file-l2-1-0.dll
0x0000029f6e420000 - 0x0000029f6e424000 	C:\Users\jemcg\.javacpp\cache\javacpp-windows-x86_64.jar\org\bytedeco\javacpp\windows-x86_64\api-ms-win-core-heap-l1-1-0.dll
0x0000029f6e430000 - 0x0000029f6e434000 	C:\Users\jemcg\.javacpp\cache\javacpp-windows-x86_64.jar\org\bytedeco\javacpp\windows-x86_64\api-ms-win-core-libraryloader-l1-1-0.dll
0x0000029f6e440000 - 0x0000029f6e444000 	C:\Users\jemcg\.javacpp\cache\javacpp-windows-x86_64.jar\org\bytedeco\javacpp\windows-x86_64\api-ms-win-core-synch-l1-1-0.dll
0x0000029f6e450000 - 0x0000029f6e454000 	C:\Users\jemcg\.javacpp\cache\javacpp-windows-x86_64.jar\org\bytedeco\javacpp\windows-x86_64\api-ms-win-core-processthreads-l1-1-0.dll
0x0000029f6e460000 - 0x0000029f6e464000 	C:\Users\jemcg\.javacpp\cache\javacpp-windows-x86_64.jar\org\bytedeco\javacpp\windows-x86_64\api-ms-win-core-processenvironment-l1-1-0.dll
0x0000029f6e470000 - 0x0000029f6e474000 	C:\Users\jemcg\.javacpp\cache\javacpp-windows-x86_64.jar\org\bytedeco\javacpp\windows-x86_64\api-ms-win-core-datetime-l1-1-0.dll
0x0000029f6f450000 - 0x0000029f6f454000 	C:\Users\jemcg\.javacpp\cache\javacpp-windows-x86_64.jar\org\bytedeco\javacpp\windows-x86_64\api-ms-win-core-localization-l1-2-0.dll
0x0000029f6f460000 - 0x0000029f6f464000 	C:\Users\jemcg\.javacpp\cache\javacpp-windows-x86_64.jar\org\bytedeco\javacpp\windows-x86_64\api-ms-win-core-sysinfo-l1-1-0.dll
0x0000029f6f470000 - 0x0000029f6f474000 	C:\Users\jemcg\.javacpp\cache\javacpp-windows-x86_64.jar\org\bytedeco\javacpp\windows-x86_64\api-ms-win-core-synch-l1-2-0.dll
0x0000029f6f480000 - 0x0000029f6f484000 	C:\Users\jemcg\.javacpp\cache\javacpp-windows-x86_64.jar\org\bytedeco\javacpp\windows-x86_64\api-ms-win-core-console-l1-1-0.dll
0x0000029f6f490000 - 0x0000029f6f494000 	C:\Users\jemcg\.javacpp\cache\javacpp-windows-x86_64.jar\org\bytedeco\javacpp\windows-x86_64\api-ms-win-core-debug-l1-1-0.dll
0x0000029f6f4a0000 - 0x0000029f6f4a4000 	C:\Users\jemcg\.javacpp\cache\javacpp-windows-x86_64.jar\org\bytedeco\javacpp\windows-x86_64\api-ms-win-core-rtlsupport-l1-1-0.dll
0x0000029f6f4b0000 - 0x0000029f6f4b4000 	C:\Users\jemcg\.javacpp\cache\javacpp-windows-x86_64.jar\org\bytedeco\javacpp\windows-x86_64\api-ms-win-core-processthreads-l1-1-1.dll
0x0000029f6f4c0000 - 0x0000029f6f4c4000 	C:\Users\jemcg\.javacpp\cache\javacpp-windows-x86_64.jar\org\bytedeco\javacpp\windows-x86_64\api-ms-win-core-file-l1-2-0.dll
0x0000029f6f4d0000 - 0x0000029f6f4d4000 	C:\Users\jemcg\.javacpp\cache\javacpp-windows-x86_64.jar\org\bytedeco\javacpp\windows-x86_64\api-ms-win-core-profile-l1-1-0.dll
0x0000029f6f4e0000 - 0x0000029f6f4e4000 	C:\Users\jemcg\.javacpp\cache\javacpp-windows-x86_64.jar\org\bytedeco\javacpp\windows-x86_64\api-ms-win-core-memory-l1-1-0.dll
0x0000029f6f4f0000 - 0x0000029f6f4f4000 	C:\Users\jemcg\.javacpp\cache\javacpp-windows-x86_64.jar\org\bytedeco\javacpp\windows-x86_64\api-ms-win-core-util-l1-1-0.dll
0x0000029f6f500000 - 0x0000029f6f504000 	C:\Users\jemcg\.javacpp\cache\javacpp-windows-x86_64.jar\org\bytedeco\javacpp\windows-x86_64\api-ms-win-core-interlocked-l1-1-0.dll
0x00007ff8058b0000 - 0x00007ff8059c1000 	C:\Users\jemcg\.javacpp\cache\javacpp-windows-x86_64.jar\org\bytedeco\javacpp\windows-x86_64\ucrtbase.dll
0x00007ff82f6e0000 - 0x00007ff82f6fb000 	C:\Users\jemcg\.javacpp\cache\javacpp-windows-x86_64.jar\org\bytedeco\javacpp\windows-x86_64\vcruntime140.dll
0x00007ff8523c0000 - 0x00007ff8523cc000 	C:\Users\jemcg\.javacpp\cache\javacpp-windows-x86_64.jar\org\bytedeco\javacpp\windows-x86_64\vcruntime140_1.dll
0x00007ff82a870000 - 0x00007ff82a8fd000 	C:\Users\jemcg\.javacpp\cache\javacpp-windows-x86_64.jar\org\bytedeco\javacpp\windows-x86_64\msvcp140.dll
0x00007ff83aad0000 - 0x00007ff83aad9000 	C:\Users\jemcg\.javacpp\cache\javacpp-windows-x86_64.jar\org\bytedeco\javacpp\windows-x86_64\msvcp140_1.dll
0x00007ff82bf10000 - 0x00007ff82bf5e000 	C:\Users\jemcg\.javacpp\cache\javacpp-windows-x86_64.jar\org\bytedeco\javacpp\windows-x86_64\concrt140.dll
0x00007ff82e560000 - 0x00007ff82e591000 	C:\Users\jemcg\.javacpp\cache\javacpp-windows-x86_64.jar\org\bytedeco\javacpp\windows-x86_64\vcomp140.dll
0x00007ff83aa50000 - 0x00007ff83aa5f000 	C:\Users\jemcg\.javacpp\cache\javacpp-windows-x86_64.jar\org\bytedeco\javacpp\windows-x86_64\jnijavacpp.dll
0x00007fff96ab0000 - 0x00007fff987f0000 	C:\Users\jemcg\.javacpp\cache\openblas-windows-x86_64.jar\org\bytedeco\openblas\windows-x86_64\libopenblas_nolapack.dll
0x00007ff829d80000 - 0x00007ff829ddf000 	C:\Users\jemcg\.javacpp\cache\openblas-windows-x86_64.jar\org\bytedeco\openblas\windows-x86_64\jniopenblas_nolapack.dll
0x00007fff94d70000 - 0x00007fff96ab0000 	C:\Users\jemcg\.javacpp\cache\openblas-windows-x86_64.jar\org\bytedeco\openblas\windows-x86_64\libopenblas.dll
0x00007fff93980000 - 0x00007fff94d63000 	C:\Users\jemcg\.javacpp\cache\openblas-windows-x86_64.jar\org\bytedeco\openblas\windows-x86_64\jniopenblas.dll
0x00007fffd4e50000 - 0x00007fffd5307000 	C:\Users\jemcg\.javacpp\cache\opencv-windows-x86_64.jar\org\bytedeco\opencv\windows-x86_64\opencv_core470.dll
0x00007fffab7a0000 - 0x00007fffabf1d000 	C:\Users\jemcg\.javacpp\cache\opencv-windows-x86_64.jar\org\bytedeco\opencv\windows-x86_64\opencv_imgproc470.dll

dbghelp: loaded successfully - version: 4.0.5 - missing functions: none
symbol engine: initialized successfully - sym options: 0x614 - pdb path: .;C:\Program Files\Java\jdk-21\bin;C:\WINDOWS\SYSTEM32;C:\WINDOWS\WinSxS\amd64_microsoft.windows.common-controls_6595b64144ccf1df_6.0.22621.2506_none_270c5ae97388e100;C:\Program Files\Java\jdk-21\bin\server;C:\WINDOWS\System32\DriverStore\FileRepository\u0364120.inf_amd64_636d39f1d2b33111\B364017;C:\Users\jemcg\.javacpp\cache\javacpp-windows-x86_64.jar\org\bytedeco\javacpp\windows-x86_64;C:\Users\jemcg\.javacpp\cache\openblas-windows-x86_64.jar\org\bytedeco\openblas\windows-x86_64;C:\Users\jemcg\.javacpp\cache\opencv-windows-x86_64.jar\org\bytedeco\opencv\windows-x86_64

VM Arguments:
jvm_args: -Dfile.encoding=UTF-8 --module-path=C:\Users\jemcg\Documents\NetBeansProjects\Prototype\build\classes 
java_command: prototype.Prototype
java_class_path (initial): C:\Users\jemcg\Downloads\javacv-platform-1.5.9-bin\javacv-platform-1.5.9-bin\ffmpeg-platform.jar;C:\Users\jemcg\Downloads\javacv-platform-1.5.9-bin\javacv-platform-1.5.9-bin\ffmpeg-windows-x86_64.jar;C:\Users\jemcg\Downloads\javacv-platform-1.5.9-bin\javacv-platform-1.5.9-bin\ffmpeg.jar;C:\Users\jemcg\Downloads\javacv-platform-1.5.9-bin\javacv-platform-1.5.9-bin\javacpp.jar;C:\Users\jemcg\Downloads\javacv-platform-1.5.9-bin\javacv-platform-1.5.9-bin\javacv-platform.jar;C:\Users\jemcg\Downloads\javacv-platform-1.5.9-bin\javacv-platform-1.5.9-bin\javacv.jar;C:\Users\jemcg\Downloads\javacv-platform-1.5.9-bin\javacv-platform-1.5.9-bin\opencv-platform.jar;C:\Users\jemcg\Downloads\javacv-platform-1.5.9-bin\javacv-platform-1.5.9-bin\opencv-windows-x86_64.jar;C:\Users\jemcg\Downloads\javacv-platform-1.5.9-bin\javacv-platform-1.5.9-bin\opencv.jar;C:\Users\jemcg\Downloads\mysql-connector-j-8.2.0\mysql-connector-j-8.2.0\mysql-connector-j-8.2.0.jar;C:\Users\jemcg\Documents\NetBeansProjects\Prototype\build\classes
Launcher Type: SUN_STANDARD

[Global flags]
     intx CICompilerCount                          = 4                                         {product} {ergonomic}
     uint ConcGCThreads                            = 2                                         {product} {ergonomic}
     uint G1ConcRefinementThreads                  = 8                                         {product} {ergonomic}
   size_t G1HeapRegionSize                         = 1048576                                   {product} {ergonomic}
    uintx GCDrainStackTargetSize                   = 64                                        {product} {ergonomic}
   size_t InitialHeapSize                          = 123731968                                 {product} {ergonomic}
   size_t MarkStackSize                            = 4194304                                   {product} {ergonomic}
   size_t MaxHeapSize                              = 1975517184                                {product} {ergonomic}
   size_t MaxNewSize                               = 1184890880                                {product} {ergonomic}
   size_t MinHeapDeltaBytes                        = 1048576                                   {product} {ergonomic}
   size_t MinHeapSize                              = 8388608                                   {product} {ergonomic}
    uintx NonNMethodCodeHeapSize                   = 5839372                                {pd product} {ergonomic}
    uintx NonProfiledCodeHeapSize                  = 122909434                              {pd product} {ergonomic}
    uintx ProfiledCodeHeapSize                     = 122909434                              {pd product} {ergonomic}
    uintx ReservedCodeCacheSize                    = 251658240                              {pd product} {ergonomic}
     bool SegmentedCodeCache                       = true                                      {product} {ergonomic}
   size_t SoftMaxHeapSize                          = 1975517184                             {manageable} {ergonomic}
     bool UseCompressedOops                        = true                           {product lp64_product} {ergonomic}
     bool UseG1GC                                  = true                                      {product} {ergonomic}
     bool UseLargePagesIndividualAllocation        = false                                  {pd product} {ergonomic}

Logging:
Log output configuration:
 #0: stdout all=warning uptime,level,tags foldmultilines=false
 #1: stderr all=off uptime,level,tags foldmultilines=false

Environment Variables:
PATH=C:\Program Files\Common Files\Oracle\Java\javapath;C:\Program Files (x86)\Common Files\Oracle\Java\javapath;C:\WINDOWS\system32;C:\WINDOWS;C:\WINDOWS\System32\Wbem;C:\WINDOWS\System32\WindowsPowerShell\v1.0\;C:\WINDOWS\System32\OpenSSH\;C:\Program Files\dotnet\;C:\Users\jemcg\AppData\Local\Microsoft\WindowsApps;C:\Program Files (x86)\Brackets\;C:\Users\jemcg\.dotnet\tools;C:\Users\jemcg\AppData\Local\Programs\Microsoft VS Code\bin
USERNAME=jemcg
OS=Windows_NT
PROCESSOR_IDENTIFIER=AMD64 Family 23 Model 104 Stepping 1, AuthenticAMD
TMP=C:\Users\jemcg\AppData\Local\Temp
TEMP=C:\Users\jemcg\AppData\Local\Temp




Periodic native trim disabled

---------------  S Y S T E M  ---------------

OS:
 Windows 11 , 64 bit Build 22621 (10.0.22621.3085)
OS uptime: 7 days 1:39 hours

CPU: total 8 (initial active 8) (8 cores per cpu, 2 threads per core) family 23 model 104 stepping 1 microcode 0x0, cx8, cmov, fxsr, ht, mmx, 3dnowpref, sse, sse2, sse3, ssse3, sse4a, sse4.1, sse4.2, popcnt, lzcnt, tsc, tscinvbit, avx, avx2, aes, clmul, bmi1, bmi2, adx, sha, fma, vzeroupper, clflush, clflushopt, rdtscp, rdpid, f16c
Processor Information for all 8 processors :
  Max Mhz: 2600, Current Mhz: 2600, Mhz Limit: 2600

Memory: 4k page, system-wide physical 7531M (867M free)
TotalPageFile size 16453M (AvailPageFile size 1971M)
current process WorkingSet (physical memory assigned to process): 447M, peak: 471M
current process commit charge ("private bytes"): 2279M, peak: 2357M

vm_info: Java HotSpot(TM) 64-Bit Server VM (21.0.1+12-LTS-29) for windows-amd64 JRE (21.0.1+12-LTS-29), built on 2023-10-05T13:27:09Z by "mach5one" with MS VC++ 17.1 (VS2022)

END.
